2026-02-11 16:40:54 | INFO     | parsers.resume_parser | Parsed 6 sections: ['header', 'experience', 'projects', 'education', 'skills', 'certifications']
2026-02-11 16:41:58 | INFO     | parsers.resume_parser | Parsed 6 sections: ['header', 'experience', 'projects', 'education', 'skills', 'certifications']
2026-02-11 16:46:42 | INFO     | parsers.resume_parser | Parsed 9 sections: ['john doe', 'experience', 'projects', 'education', '- gpa: 3.7/4.0', 'skills', 'personal blog', 'certifications', 'achievements']
2026-02-11 16:51:01 | INFO     | parsers.resume_parser | Parsed 7 sections: ['header', 'experience', 'projects', 'education', 'skills', 'certifications', 'achievements']
2026-02-11 16:57:16 | INFO     | parsers.resume_parser | Parsed 7 sections: ['header', 'experience', 'projects', 'education', 'skills', 'certifications', 'achievements']
2026-02-11 16:57:31 | INFO     | parsers.resume_parser | Parsed 7 sections: ['header', 'experience', 'projects', 'education', 'skills', 'certifications', 'achievements']
2026-02-11 16:57:31 | INFO     | parsers.resume_parser | Extracted 18 raw claims from sections
2026-02-11 17:01:35 | INFO     | parsers.resume_parser | Parsed 7 sections: ['header', 'experience', 'projects', 'education', 'skills', 'certifications', 'achievements']
2026-02-11 17:01:35 | INFO     | parsers.resume_parser | Extracted 12 raw claims from sections
2026-02-11 17:05:09 | INFO     | parsers.resume_parser | Parsed 7 sections: ['header', 'experience', 'projects', 'education', 'skills', 'certifications', 'achievements']
2026-02-11 17:05:09 | INFO     | parsers.resume_parser | Extracted 15 raw claims from sections
2026-02-11 17:08:12 | INFO     | parsers.resume_parser | Parsed 7 sections: ['header', 'experience', 'projects', 'education', 'skills', 'certifications', 'achievements']
2026-02-11 17:08:12 | INFO     | parsers.resume_parser | Extracted 12 raw claims from sections
2026-02-11 17:10:32 | INFO     | parsers.resume_parser | Parsed 7 sections: ['header', 'experience', 'projects', 'education', 'skills', 'certifications', 'achievements']
2026-02-11 17:10:32 | INFO     | parsers.resume_parser | Extracted 11 raw claims from sections
2026-02-11 17:11:24 | INFO     | parsers.resume_parser | Parsed 7 sections: ['header', 'experience', 'projects', 'education', 'skills', 'certifications', 'achievements']
2026-02-11 17:11:24 | INFO     | parsers.resume_parser | Extracted 11 raw claims from sections
2026-02-11 17:11:24 | INFO     | __main__ | [{'text': 'Led a team of 8 engineers to redesign the payment processing system, reducing transaction failures by 40%', 'section': 'experience'}, {'text': 'Architected microservices migration from monolith, improving deployment frequency by 3x', 'section': 'experience'}, {'text': 'Implemented CI/CD pipeline using Jenkins and Docker, cutting release time from 2 weeks to 2 days', 'section': 'experience'}, {'text': 'Mentored 4 junior developers through code reviews and pair programming sessions', 'section': 'experience'}, {'text': 'Developed RESTful APIs serving 50,000 daily active users using Python and FastAPI', 'section': 'experience'}, {'text': 'Optimized database queries resulting in 60% reduction in API response time', 'section': 'experience'}, {'text': 'Built a Python framework for automating ML pipeline workflows with 500+ GitHub stars', 'section': 'projects'}, {'text': 'Implemented feature engineering module supporting 20+ transformation types', 'section': 'projects'}, {'text': 'Write technical articles about system design and distributed systems', 'section': 'projects'}, {'text': 'Won first place in company-wide hackathon (2022)', 'section': 'achievements'}, {'text': 'Speaker at PyCon Regional Conference on microservices patterns', 'section': 'achievements'}]
2026-02-11 17:19:35 | INFO     | parsers.resume_parser | Extracted 2793 characters from PDF
2026-02-11 17:19:35 | INFO     | parsers.resume_parser | Parsed 7 sections: ['header', 'education', 'experience', 'projects', '(python,fastapi,sqlalchemy,timescale db)', 'skills', 'certifications']
2026-02-11 17:19:35 | INFO     | parsers.resume_parser | Extracted 13 raw claims from sections
2026-02-11 17:20:02 | INFO     | parsers.resume_parser | Extracted 2793 characters from PDF
2026-02-11 17:20:02 | INFO     | parsers.resume_parser | Parsed 7 sections: ['header', 'education', 'experience', 'projects', '(python,fastapi,sqlalchemy,timescale db)', 'skills', 'certifications']
2026-02-11 17:20:02 | INFO     | parsers.resume_parser | Extracted 13 raw claims from sections
2026-02-11 17:20:12 | INFO     | parsers.resume_parser | Extracted 2793 characters from PDF
2026-02-11 17:20:12 | INFO     | parsers.resume_parser | Parsed 7 sections: ['header', 'education', 'experience', 'projects', '(python,fastapi,sqlalchemy,timescale db)', 'skills', 'certifications']
2026-02-11 17:20:12 | INFO     | parsers.resume_parser | Extracted 13 raw claims from sections
2026-02-11 17:22:53 | INFO     | parsers.resume_parser | Extracted 2647 characters from PDF
2026-02-11 17:22:53 | INFO     | parsers.resume_parser | Parsed 7 sections: ['header', 'education', 'experience', 'projects', '(python,fastapi,sqlalchemy,timescale db)', 'skills', 'certifications']
2026-02-11 17:22:53 | INFO     | parsers.resume_parser | Extracted 18 raw claims from sections
2026-02-11 17:23:10 | INFO     | parsers.resume_parser | Extracted 2647 characters from PDF
2026-02-11 17:23:10 | INFO     | parsers.resume_parser | Parsed 7 sections: ['header', 'education', 'experience', 'projects', '(python,fastapi,sqlalchemy,timescale db)', 'skills', 'certifications']
2026-02-11 17:23:10 | INFO     | parsers.resume_parser | Extracted 18 raw claims from sections
2026-02-11 17:23:55 | INFO     | parsers.resume_parser | Extracted 2658 characters from PDF
2026-02-11 17:23:55 | INFO     | parsers.resume_parser | Parsed 7 sections: ['header', 'education', 'experience', 'projects', '(python,fastapi,sqlalchemy,timescale db)', 'skills', 'certifications']
2026-02-11 17:23:55 | INFO     | parsers.resume_parser | Extracted 13 raw claims from sections
2026-02-11 17:24:04 | INFO     | parsers.resume_parser | Extracted 2658 characters from PDF
2026-02-11 17:24:04 | INFO     | parsers.resume_parser | Parsed 7 sections: ['header', 'education', 'experience', 'projects', '(python,fastapi,sqlalchemy,timescale db)', 'skills', 'certifications']
2026-02-11 17:24:04 | INFO     | parsers.resume_parser | Extracted 13 raw claims from sections
2026-02-11 17:26:04 | INFO     | parsers.resume_parser | Extracted 2708 characters from PDF
2026-02-11 17:26:04 | INFO     | parsers.resume_parser | Parsed 7 sections: ['header', 'education', 'experience', 'projects', '(python,fastapi,sqlalchemy,timescaledb)', 'skills', 'certifications']
2026-02-11 17:26:04 | INFO     | parsers.resume_parser | Extracted 15 raw claims from sections
2026-02-11 17:28:26 | INFO     | parsers.resume_parser | Extracted 2708 characters from PDF
2026-02-11 17:28:26 | INFO     | parsers.resume_parser | Parsed 7 sections: ['header', 'education', 'experience', 'projects', '(python,fastapi,sqlalchemy,timescaledb)', 'skills', 'certifications']
2026-02-11 17:28:26 | INFO     | parsers.resume_parser | Extracted 12 raw claims from sections
2026-02-11 17:31:06 | INFO     | parsers.resume_parser | Extracted 2708 characters from PDF
2026-02-11 17:31:06 | INFO     | parsers.resume_parser | Parsed 7 sections: ['header', 'education', 'experience', 'projects', '(python,fastapi,sqlalchemy,timescaledb)', 'skills', 'certifications']
2026-02-11 17:31:06 | INFO     | parsers.resume_parser | Extracted 12 raw claims from sections
2026-02-11 17:35:18 | INFO     | parsers.resume_parser | Extracted 2596 characters from PDF
2026-02-11 17:35:18 | INFO     | parsers.resume_parser | Parsed 7 sections: ['header', 'education', 'experience', 'projects', '(python,fastapi,sqlalchemy,timescaledb)', 'skills', 'certifications']
2026-02-11 17:35:18 | INFO     | parsers.resume_parser | Extracted 16 raw claims from sections
2026-02-11 17:36:46 | INFO     | parsers.resume_parser | Extracted 2673 characters from PDF
2026-02-11 17:36:46 | INFO     | parsers.resume_parser | Parsed 6 sections: ['header', 'education', 'experience', 'projects', 'skills', 'certifications']
2026-02-11 17:36:46 | INFO     | parsers.resume_parser | Extracted 17 raw claims from sections
2026-02-11 17:57:16 | INFO     | parsers.resume_parser | Parsed 7 sections: ['header', 'experience', 'projects', 'education', 'skills', 'certifications', 'achievements']
2026-02-11 18:01:49 | INFO     | parsers.resume_parser | Extracted 2673 characters from PDF
2026-02-11 18:01:49 | INFO     | parsers.resume_parser | Parsed 6 sections: ['header', 'education', 'experience', 'projects', 'skills', 'certifications']
2026-02-11 18:01:49 | INFO     | parsers.resume_parser | Extracted 17 raw claims from sections
2026-02-11 18:02:08 | INFO     | parsers.resume_parser | Parsed 7 sections: ['header', 'experience', 'projects', 'education', 'skills', 'certifications', 'achievements']
2026-02-11 18:02:08 | INFO     | parsers.resume_parser | Extracted 12 raw claims from sections
2026-02-11 18:09:22 | INFO     | parsers.resume_parser | Extracted 2718 characters from PDF
2026-02-11 18:09:22 | INFO     | parsers.resume_parser | Parsed 6 sections: ['header', 'education', 'experience', 'projects', 'skills', 'certifications']
2026-02-11 18:09:22 | INFO     | parsers.resume_parser | Extracted 9 raw claims from sections
2026-02-11 18:13:47 | INFO     | parsers.resume_parser | Parsed 7 sections: ['header', 'experience', 'projects', 'education', 'skills', 'certifications', 'achievements']
2026-02-11 18:13:47 | INFO     | parsers.resume_parser | Extracted 11 raw claims from sections
2026-02-11 18:35:27 | ERROR    | parsers.resume_parser | Failed to extract text from PDF: [Errno 2] No such file or directory: 'sample_resume.pdf'
2026-02-11 18:36:12 | INFO     | parsers.resume_parser | Parsed 7 sections: ['header', 'experience', 'projects', 'education', 'skills', 'certifications', 'achievements']
2026-02-11 18:36:12 | INFO     | parsers.resume_parser | Extracted 11 raw claims from sections
2026-02-11 18:37:11 | INFO     | parsers.resume_parser | Parsed 7 sections: ['header', 'experience', 'projects', 'education', 'skills', 'certifications', 'achievements']
2026-02-11 18:37:11 | INFO     | parsers.resume_parser | Extracted 11 raw claims from sections
2026-02-11 18:37:38 | INFO     | parsers.resume_parser | Parsed 7 sections: ['header', 'experience', 'projects', 'education', 'skills', 'certifications', 'achievements']
2026-02-11 18:37:38 | INFO     | parsers.resume_parser | Extracted 11 raw claims from sections
2026-02-11 18:37:38 | INFO     | __main__ | {'score': 1.0, 'metrics': {'word_count': 17, 'has_action_verb': True, 'has_metrics': True}}
2026-02-11 18:37:38 | INFO     | __main__ | {'score': 0.62, 'metrics': {'word_count': 10, 'has_action_verb': False, 'has_metrics': True}}
2026-02-11 18:37:38 | INFO     | __main__ | {'score': 1.0, 'metrics': {'word_count': 16, 'has_action_verb': True, 'has_metrics': True}}
2026-02-11 18:37:38 | INFO     | __main__ | {'score': 0.62, 'metrics': {'word_count': 11, 'has_action_verb': False, 'has_metrics': True}}
2026-02-11 18:37:38 | INFO     | __main__ | {'score': 0.88, 'metrics': {'word_count': 12, 'has_action_verb': True, 'has_metrics': True}}
2026-02-11 18:37:38 | INFO     | __main__ | {'score': 0.88, 'metrics': {'word_count': 11, 'has_action_verb': True, 'has_metrics': True}}
2026-02-11 18:37:38 | INFO     | __main__ | {'score': 0.88, 'metrics': {'word_count': 13, 'has_action_verb': True, 'has_metrics': True}}
2026-02-11 18:37:38 | INFO     | __main__ | {'score': 0.88, 'metrics': {'word_count': 8, 'has_action_verb': True, 'has_metrics': True}}
2026-02-11 18:37:38 | INFO     | __main__ | {'score': 0.12, 'metrics': {'word_count': 9, 'has_action_verb': False, 'has_metrics': False}}
2026-02-11 18:37:38 | INFO     | __main__ | {'score': 0.62, 'metrics': {'word_count': 7, 'has_action_verb': False, 'has_metrics': True}}
2026-02-11 18:37:38 | INFO     | __main__ | {'score': 0.12, 'metrics': {'word_count': 8, 'has_action_verb': False, 'has_metrics': False}}
2026-02-11 18:48:52 | INFO     | __main__ | 0.104  ->  Developed RESTful APIs using FastAPI and PostgreSQL
2026-02-11 18:48:52 | INFO     | __main__ | 0.028  ->  Built machine learning model using Scikit-learn and Pandas
2026-02-11 18:48:52 | INFO     | __main__ | 0.093  ->  Created CI/CD pipeline with Docker and GitHub Actions
2026-02-11 19:36:47 | INFO     | __main__ | {'frameworks': ['fastapi'], 'cloud_devops': ['docker', 'aws'], 'concepts': ['rest api']}
2026-02-11 19:36:47 | INFO     | __main__ | {'languages': ['python'], 'frameworks': ['pandas', 'scikit-learn'], 'concepts': ['machine learning']}
2026-02-11 19:36:47 | INFO     | __main__ | {'cloud_devops': ['github actions', 'jenkins'], 'concepts': ['ci/cd']}
2026-02-11 19:36:47 | INFO     | __main__ | {'languages': ['typescript'], 'frameworks': ['react']}
2026-02-11 19:36:47 | INFO     | __main__ | {'databases': ['redis']}
2026-02-11 19:51:15 | INFO     | __main__ | {'python', 'http methods', 'database design', 'caching', 'backend', 'authentication', 'status codes', 'idempotency', 'rest', 'http', 'api'}
2026-02-11 19:51:15 | INFO     | __main__ | {'python', 'http methods', 'database design', 'caching', 'backend', 'fastapi', 'authentication', 'rest api', 'status codes', 'idempotency', 'rest', 'http', 'api'}
2026-02-11 19:51:15 | INFO     | __main__ | {'fastapi', 'rest api'}
2026-02-11 19:51:15 | INFO     | __main__ | {'frameworks': ['fastapi'], 'concepts': ['rest api']}
2026-02-11 19:51:15 | INFO     | __main__ | ['fastapi', 'machine learning', 'rest api', 'scikit-learn']
2026-02-11 19:51:15 | INFO     | __main__ | ['api', 'authentication', 'backend', 'caching', 'database design', 'evaluation metrics', 'fastapi', 'http', 'http methods', 'idempotency', 'machine learning', 'overfitting', 'python', 'rest', 'rest api', 'scikit-learn', 'status codes', 'supervised learning']
2026-02-11 19:51:15 | INFO     | __main__ | ['api', 'authentication', 'backend', 'caching', 'database design', 'evaluation metrics', 'http', 'http methods', 'idempotency', 'overfitting', 'python', 'rest', 'status codes', 'supervised learning']
2026-02-11 19:51:15 | INFO     | __main__ | {'evaluation metrics', 'supervised learning', 'overfitting'}
2026-02-11 19:51:15 | INFO     | __main__ | {'scikit-learn', 'machine learning', 'supervised learning', 'evaluation metrics', 'overfitting'}
2026-02-11 19:51:15 | INFO     | __main__ | {'scikit-learn', 'machine learning'}
2026-02-11 19:51:15 | INFO     | __main__ | {'frameworks': ['scikit-learn'], 'concepts': ['machine learning']}
2026-02-11 19:51:15 | INFO     | __main__ | ['fastapi', 'machine learning', 'rest api', 'scikit-learn']
2026-02-11 19:51:15 | INFO     | __main__ | ['api', 'authentication', 'backend', 'caching', 'database design', 'evaluation metrics', 'fastapi', 'http', 'http methods', 'idempotency', 'machine learning', 'overfitting', 'python', 'rest', 'rest api', 'scikit-learn', 'status codes', 'supervised learning']
2026-02-11 19:51:15 | INFO     | __main__ | ['api', 'authentication', 'backend', 'caching', 'database design', 'evaluation metrics', 'http', 'http methods', 'idempotency', 'overfitting', 'python', 'rest', 'status codes', 'supervised learning']2026-02-11 20:40:13 | ERROR    | parsers.resume_parser | Failed to extract text from PDF: [Errno 2] No such file or directory: 'sample_resume.pdf'
2026-02-11 20:40:49 | ERROR    | parsers.resume_parser | Failed to extract text from PDF: [Errno 2] No such file or directory: 'sample_resume.pdf'
2026-02-11 20:40:58 | INFO     | parsers.resume_parser | Parsed 7 sections: ['header', 'experience', 'projects', 'education', 'skills', 'certifications', 'achievements']
2026-02-11 20:40:58 | INFO     | parsers.resume_parser | Extracted 11 raw claims from sections
2026-02-11 20:41:18 | INFO     | parsers.resume_parser | Parsed 7 sections: ['header', 'experience', 'projects', 'education', 'skills', 'certifications', 'achievements']
2026-02-11 20:41:18 | INFO     | parsers.resume_parser | Extracted 11 raw claims from sections
2026-02-11 20:55:21 | INFO     | parsers.resume_parser | Parsed 7 sections: ['header', 'experience', 'projects', 'education', 'skills', 'certifications', 'achievements']
2026-02-11 20:55:21 | INFO     | parsers.resume_parser | Extracted 11 raw claims from sections
2026-02-11 20:59:32 | INFO     | parsers.resume_parser | Parsed 7 sections: ['header', 'experience', 'projects', 'education', 'skills', 'certifications', 'achievements']
2026-02-11 20:59:32 | INFO     | parsers.resume_parser | Extracted 11 raw claims from sections
2026-02-11 21:00:02 | INFO     | parsers.resume_parser | Parsed 7 sections: ['header', 'experience', 'projects', 'education', 'skills', 'certifications', 'achievements']
2026-02-11 21:00:02 | INFO     | parsers.resume_parser | Extracted 11 raw claims from sections
2026-02-11 21:18:05 | INFO     | parsers.resume_parser | Parsed 7 sections: ['header', 'experience', 'projects', 'education', 'skills', 'certifications', 'achievements']
2026-02-11 21:18:05 | INFO     | parsers.resume_parser | Extracted 11 raw claims from sections
2026-02-11 23:40:03 | INFO     | parsers.resume_parser | Parsed 7 sections: ['header', 'experience', 'projects', 'education', 'skills', 'certifications', 'achievements']
2026-02-11 23:40:03 | INFO     | parsers.resume_parser | Extracted 11 raw claims from sections
2026-02-11 23:40:03 | INFO     | parsers.resume_parser | Extracted 2718 characters from PDF
2026-02-11 23:40:03 | INFO     | parsers.resume_parser | Parsed 6 sections: ['header', 'education', 'experience', 'projects', 'skills', 'certifications']
2026-02-11 23:40:03 | INFO     | parsers.resume_parser | Extracted 4 raw claims from sections
2026-02-11 23:40:19 | INFO     | parsers.resume_parser | Parsed 7 sections: ['header', 'experience', 'projects', 'education', 'skills', 'certifications', 'achievements']
2026-02-11 23:40:19 | INFO     | parsers.resume_parser | Extracted 11 raw claims from sections
2026-02-11 23:40:20 | INFO     | parsers.resume_parser | Extracted 2718 characters from PDF
2026-02-11 23:40:20 | INFO     | parsers.resume_parser | Parsed 6 sections: ['header', 'education', 'experience', 'projects', 'skills', 'certifications']
2026-02-11 23:40:20 | INFO     | parsers.resume_parser | Extracted 4 raw claims from sections
2026-02-11 23:40:39 | INFO     | parsers.resume_parser | Parsed 7 sections: ['header', 'experience', 'projects', 'education', 'skills', 'certifications', 'achievements']
2026-02-11 23:40:39 | INFO     | parsers.resume_parser | Extracted 11 raw claims from sections
2026-02-11 23:40:39 | INFO     | parsers.resume_parser | Extracted 2718 characters from PDF
2026-02-11 23:40:39 | INFO     | parsers.resume_parser | Parsed 6 sections: ['header', 'education', 'experience', 'projects', 'skills', 'certifications']
2026-02-11 23:40:39 | INFO     | parsers.resume_parser | Extracted 4 raw claims from sections
2026-02-11 23:40:54 | INFO     | parsers.resume_parser | Parsed 7 sections: ['header', 'experience', 'projects', 'education', 'skills', 'certifications', 'achievements']
2026-02-11 23:40:54 | INFO     | parsers.resume_parser | Extracted 11 raw claims from sections
2026-02-11 23:40:54 | INFO     | parsers.resume_parser | Extracted 2718 characters from PDF
2026-02-11 23:40:54 | INFO     | parsers.resume_parser | Parsed 6 sections: ['header', 'education', 'experience', 'projects', 'skills', 'certifications']
2026-02-11 23:40:54 | INFO     | parsers.resume_parser | Extracted 4 raw claims from sections
2026-02-11 23:40:56 | INFO     | parsers.resume_parser | Parsed 7 sections: ['header', 'experience', 'projects', 'education', 'skills', 'certifications', 'achievements']
2026-02-11 23:40:56 | INFO     | parsers.resume_parser | Extracted 11 raw claims from sections
2026-02-11 23:40:57 | INFO     | parsers.resume_parser | Extracted 2718 characters from PDF
2026-02-11 23:40:57 | INFO     | parsers.resume_parser | Parsed 6 sections: ['header', 'education', 'experience', 'projects', 'skills', 'certifications']
2026-02-11 23:40:57 | INFO     | parsers.resume_parser | Extracted 4 raw claims from sections
2026-02-11 23:43:36 | INFO     | parsers.resume_parser | Parsed 7 sections: ['header', 'experience', 'projects', 'education', 'skills', 'certifications', 'achievements']
2026-02-11 23:43:36 | INFO     | parsers.resume_parser | Extracted 11 raw claims from sections
2026-02-11 23:43:36 | INFO     | parsers.resume_parser | Extracted 2718 characters from PDF
2026-02-11 23:43:36 | INFO     | parsers.resume_parser | Parsed 6 sections: ['header', 'education', 'experience', 'projects', 'skills', 'certifications']
2026-02-11 23:43:36 | INFO     | parsers.resume_parser | Extracted 4 raw claims from sections
2026-02-11 23:44:36 | INFO     | parsers.resume_parser | Parsed 7 sections: ['header', 'experience', 'projects', 'education', 'skills', 'certifications', 'achievements']
2026-02-11 23:44:36 | INFO     | parsers.resume_parser | Extracted 11 raw claims from sections
2026-02-11 23:44:36 | INFO     | parsers.resume_parser | Extracted 2718 characters from PDF
2026-02-11 23:44:36 | INFO     | parsers.resume_parser | Parsed 6 sections: ['header', 'education', 'experience', 'projects', 'skills', 'certifications']
2026-02-11 23:44:36 | INFO     | parsers.resume_parser | Extracted 4 raw claims from sections
2026-02-11 23:44:50 | INFO     | parsers.resume_parser | Parsed 7 sections: ['header', 'experience', 'projects', 'education', 'skills', 'certifications', 'achievements']
2026-02-11 23:44:50 | INFO     | parsers.resume_parser | Extracted 11 raw claims from sections
2026-02-11 23:44:51 | INFO     | parsers.resume_parser | Extracted 2718 characters from PDF
2026-02-11 23:44:51 | INFO     | parsers.resume_parser | Parsed 6 sections: ['header', 'education', 'experience', 'projects', 'skills', 'certifications']
2026-02-11 23:44:51 | INFO     | parsers.resume_parser | Extracted 4 raw claims from sections
2026-02-11 23:52:35 | INFO     | parsers.resume_parser | Parsed 7 sections: ['header', 'experience', 'projects', 'education', 'skills', 'certifications', 'achievements']
2026-02-11 23:52:35 | INFO     | parsers.resume_parser | Extracted 11 raw claims from sections
2026-02-11 23:53:23 | INFO     | parsers.resume_parser | Parsed 7 sections: ['header', 'experience', 'projects', 'education', 'skills', 'certifications', 'achievements']
2026-02-11 23:53:23 | INFO     | parsers.resume_parser | Extracted 11 raw claims from sections
2026-02-11 23:53:24 | INFO     | parsers.resume_parser | Extracted 2718 characters from PDF
2026-02-11 23:53:24 | INFO     | parsers.resume_parser | Parsed 6 sections: ['header', 'education', 'experience', 'projects', 'skills', 'certifications']
2026-02-11 23:53:24 | INFO     | parsers.resume_parser | Extracted 4 raw claims from sections
2026-02-11 23:54:29 | INFO     | parsers.resume_parser | Parsed 7 sections: ['header', 'experience', 'projects', 'education', 'skills', 'certifications', 'achievements']
2026-02-11 23:54:29 | INFO     | parsers.resume_parser | Extracted 11 raw claims from sections
2026-02-11 23:54:30 | INFO     | parsers.resume_parser | Extracted 2718 characters from PDF
2026-02-11 23:54:30 | INFO     | parsers.resume_parser | Parsed 6 sections: ['header', 'education', 'experience', 'projects', 'skills', 'certifications']
2026-02-11 23:54:30 | INFO     | parsers.resume_parser | Extracted 4 raw claims from sections
2026-02-11 23:54:38 | INFO     | parsers.resume_parser | Parsed 7 sections: ['header', 'experience', 'projects', 'education', 'skills', 'certifications', 'achievements']
2026-02-11 23:54:38 | INFO     | parsers.resume_parser | Extracted 11 raw claims from sections
2026-02-11 23:54:38 | INFO     | parsers.resume_parser | Extracted 2718 characters from PDF
2026-02-11 23:54:38 | INFO     | parsers.resume_parser | Parsed 6 sections: ['header', 'education', 'experience', 'projects', 'skills', 'certifications']
2026-02-11 23:54:38 | INFO     | parsers.resume_parser | Extracted 4 raw claims from sections
2026-02-12 09:36:42 | INFO     | parsers.resume_parser | Parsed 7 sections: ['header', 'experience', 'projects', 'education', 'skills', 'certifications', 'achievements']
2026-02-12 09:36:42 | INFO     | parsers.resume_parser | Extracted 11 raw claims from sections
2026-02-12 09:38:39 | ERROR    | parsers.resume_parser | Failed to extract text from PDF: [Errno 2] No such file or directory: 'sample_resume.pdf'
2026-02-12 09:38:51 | INFO     | parsers.resume_parser | Parsed 7 sections: ['header', 'experience', 'projects', 'education', 'skills', 'certifications', 'achievements']
2026-02-12 09:38:51 | INFO     | parsers.resume_parser | Extracted 11 raw claims from sections
2026-02-12 10:42:36 | ERROR    | __main__ | Demo failed: name 'parse_resume_sections' is not defined
Traceback (most recent call last):
  File "d:\work\training\capstone\tempmain.py", line 368, in run_demo
    result = resume_analyst_node(state)
             ^^^^^^^^^^^^^^^^^^^^^^^^^^
  File "d:\work\training\capstone\agents\resume_analyst.py", line 26, in resume_analyst_node
    sections = parse_resume_sections(text)
               ^^^^^^^^^^^^^^^^^^^^^
NameError: name 'parse_resume_sections' is not defined
2026-02-12 10:43:18 | ERROR    | __main__ | Demo failed: name 'parse_resume_sections' is not defined
Traceback (most recent call last):
  File "d:\work\training\capstone\tempmain.py", line 368, in run_demo
    result = resume_analyst_node(state)
             ^^^^^^^^^^^^^^^^^^^^^^^^^^
  File "d:\work\training\capstone\agents\resume_analyst.py", line 26, in resume_analyst_node
    sections = parse_resume_sections(text)
               ^^^^^^^^^^^^^^^^^^^^^
NameError: name 'parse_resume_sections' is not defined
2026-02-12 10:43:35 | ERROR    | __main__ | Demo failed: name 'parse_resume_sections' is not defined
Traceback (most recent call last):
  File "D:\work\training\capstone\tempmain.py", line 368, in run_demo
    result = resume_analyst_node(state)
             ^^^^^^^^^^^^^^^^^^^^^^^^^^
  File "D:\work\training\capstone\agents\resume_analyst.py", line 26, in resume_analyst_node
    sections = parse_resume_sections(text)
               ^^^^^^^^^^^^^^^^^^^^^
NameError: name 'parse_resume_sections' is not defined
2026-02-12 10:59:02 | INFO     | parsers.resume_parser | Parsed 7 sections: ['header', 'experience', 'projects', 'education', 'skills', 'certifications', 'achievements']
2026-02-12 10:59:02 | INFO     | parsers.resume_parser | Extracted 11 raw claims from sections
2026-02-12 10:59:02 | ERROR    | __main__ | Demo failed: name 'get_risk_model' is not defined
Traceback (most recent call last):
  File "d:\work\training\capstone\tempmain.py", line 368, in run_demo
    result = resume_analyst_node(state)
             ^^^^^^^^^^^^^^^^^^^^^^^^^^
  File "d:\work\training\capstone\agents\resume_analyst.py", line 36, in resume_analyst_node
    clf = get_risk_model()
          ^^^^^^^^^^^^^^
NameError: name 'get_risk_model' is not defined
2026-02-12 10:59:10 | INFO     | parsers.resume_parser | Parsed 7 sections: ['header', 'experience', 'projects', 'education', 'skills', 'certifications', 'achievements']
2026-02-12 10:59:10 | INFO     | parsers.resume_parser | Extracted 11 raw claims from sections
2026-02-12 10:59:10 | ERROR    | __main__ | Demo failed: name 'get_risk_model' is not defined
Traceback (most recent call last):
  File "d:\work\training\capstone\tempmain.py", line 368, in run_demo
    result = resume_analyst_node(state)
             ^^^^^^^^^^^^^^^^^^^^^^^^^^
  File "d:\work\training\capstone\agents\resume_analyst.py", line 36, in resume_analyst_node
    clf = get_risk_model()
          ^^^^^^^^^^^^^^
NameError: name 'get_risk_model' is not defined
2026-02-12 11:01:16 | INFO     | parsers.resume_parser | Parsed 7 sections: ['header', 'experience', 'projects', 'education', 'skills', 'certifications', 'achievements']
2026-02-12 11:01:16 | INFO     | parsers.resume_parser | Extracted 11 raw claims from sections
2026-02-12 11:01:30 | INFO     | parsers.resume_parser | Parsed 7 sections: ['header', 'experience', 'projects', 'education', 'skills', 'certifications', 'achievements']
2026-02-12 11:01:30 | INFO     | parsers.resume_parser | Extracted 11 raw claims from sections
2026-02-12 11:03:02 | INFO     | parsers.resume_parser | Parsed 7 sections: ['header', 'experience', 'projects', 'education', 'skills', 'certifications', 'achievements']
2026-02-12 11:03:02 | INFO     | parsers.resume_parser | Extracted 11 raw claims from sections
2026-02-12 11:08:51 | INFO     | parsers.resume_parser | Parsed 7 sections: ['header', 'experience', 'projects', 'education', 'skills', 'certifications', 'achievements']
2026-02-12 11:08:51 | INFO     | parsers.resume_parser | Extracted 11 raw claims from sections
2026-02-12 11:09:22 | INFO     | parsers.resume_parser | Parsed 7 sections: ['header', 'experience', 'projects', 'education', 'skills', 'certifications', 'achievements']
2026-02-12 11:09:22 | INFO     | parsers.resume_parser | Extracted 11 raw claims from sections
2026-02-12 11:09:57 | INFO     | parsers.resume_parser | Parsed 7 sections: ['header', 'experience', 'projects', 'education', 'skills', 'certifications', 'achievements']
2026-02-12 11:09:57 | INFO     | parsers.resume_parser | Extracted 11 raw claims from sections
2026-02-12 11:13:29 | INFO     | parsers.resume_parser | Parsed 7 sections: ['header', 'experience', 'projects', 'education', 'skills', 'certifications', 'achievements']
2026-02-12 11:13:29 | INFO     | parsers.resume_parser | Extracted 11 raw claims from sections
2026-02-12 11:19:10 | INFO     | parsers.resume_parser | Parsed 7 sections: ['header', 'experience', 'projects', 'education', 'skills', 'certifications', 'achievements']
2026-02-12 11:19:10 | INFO     | parsers.resume_parser | Extracted 11 raw claims from sections
2026-02-12 11:22:37 | INFO     | parsers.resume_parser | Parsed 7 sections: ['header', 'experience', 'projects', 'education', 'skills', 'certifications', 'achievements']
2026-02-12 11:22:37 | INFO     | parsers.resume_parser | Extracted 11 raw claims from sections
2026-02-12 11:40:04 | INFO     | parsers.resume_parser | Parsed 7 sections: ['header', 'experience', 'projects', 'education', 'skills', 'certifications', 'achievements']
2026-02-12 11:40:04 | INFO     | parsers.resume_parser | Extracted 11 raw claims from sections
2026-02-12 11:52:37 | INFO     | agents.question_strategist | Strategist Agent: formulating strategy...
2026-02-12 11:52:37 | INFO     | utils.llm | Initializing Groq LLM: llama-3.3-70b-versatile
2026-02-12 11:52:40 | INFO     | agents.question_strategist | Strategy formulated: The interview should focus on verifying the candidate's technical claims, probing deeply into their understanding of system design and architecture, while also assessing their grasp of fundamental concepts such as REST and database design. The tone should be challenging, particularly in areas where buzzword stacking is suspected, to ensure the candidate's experience and skills align with their resume claims.
2026-02-12 11:56:25 | INFO     | agents.question_strategist | Strategist Agent: formulating strategy...
2026-02-12 11:56:25 | INFO     | utils.llm | Initializing Groq LLM: llama-3.3-70b-versatile
2026-02-12 11:56:28 | INFO     | agents.question_strategist | Strategy formulated: The interview should focus on probing the candidate's understanding of fundamental concepts and verifying their claims, with a moderate tone that balances between basics and system design. The goal is to assess the candidate's ability to think critically and design systems, while also evaluating their honesty and self-awareness about their skills and experiences.
2026-02-12 11:58:45 | INFO     | agents.question_strategist | Strategist Agent: formulating strategy...
2026-02-12 11:58:45 | INFO     | utils.llm | Initializing Groq LLM: llama-3.3-70b-versatile
2026-02-12 11:58:48 | INFO     | agents.question_strategist | Strategy formulated: The interview should strike a balance between probing the candidate's understanding of fundamental concepts and challenging their system design skills, with a focus on verifying the claims made on their resume. The tone should be inquisitive, aiming to clarify the candidate's experience and knowledge gaps, particularly in areas like REST and database design.
2026-02-12 12:02:18 | INFO     | agents.question_strategist | Strategist Agent: formulating strategy...
2026-02-12 12:02:18 | INFO     | utils.llm | Initializing Groq LLM: llama-3.3-70b-versatile
2026-02-12 12:02:20 | INFO     | agents.question_strategist | Strategy formulated: Balanced assessment with a focus on hands-on experience, depth of knowledge, and risk mitigation. The tone will be inquisitive, aiming to verify the candidate's claims and understand their thought process.
2026-02-12 12:21:47 | INFO     | agents.question_strategist | Strategist Agent: formulating strategy...
2026-02-12 12:21:47 | INFO     | utils.llm | Initializing Groq LLM: llama-3.3-70b-versatile
2026-02-12 12:21:49 | INFO     | agents.question_strategist | Strategy formulated: Balanced approach with a mix of technical depth and hands-on experience verification, focusing on addressing buzzword stacking and implied skill gaps.
2026-02-12 12:21:49 | INFO     | agents.difficulty_planner | Planner Agent: creating question plan...
2026-02-12 12:21:51 | INFO     | agents.difficulty_planner | Plan created with 7 steps.
2026-02-12 12:21:51 | INFO     | agents.question_generator | Generator Agent: creating questions from plan...
2026-02-12 12:21:53 | INFO     | agents.question_generator | Generated 7 questions.
2026-02-12 12:28:45 | INFO     | agents.question_strategist | Strategist Agent: formulating strategy...
2026-02-12 12:28:45 | INFO     | utils.llm | Initializing Groq LLM: llama-3.3-70b-versatile
2026-02-12 12:28:47 | INFO     | agents.question_strategist | Strategy formulated: Verify the candidate's resume claims by directly challenging high-risk statements, probing implementation details, and quantifying impact. Focus on specific projects and experiences to assess the candidate's hands-on experience and problem-solving skills.
2026-02-12 12:28:47 | INFO     | agents.difficulty_planner | Planner Agent: creating question plan...
2026-02-12 12:28:48 | INFO     | agents.difficulty_planner | Plan created with 7 steps.
2026-02-12 12:28:48 | INFO     | agents.question_generator | Generator Agent: creating questions from plan...
2026-02-12 12:28:51 | INFO     | agents.question_generator | Generated 7 questions.
2026-02-12 13:14:17 | INFO     | parsers.resume_parser | Parsed 7 sections: ['header', 'experience', 'projects', 'education', 'skills', 'certifications', 'achievements']
2026-02-12 13:14:17 | INFO     | parsers.resume_parser | Extracted 11 raw claims from sections
2026-02-12 13:14:17 | INFO     | agents.question_strategist | Strategist Agent: formulating strategy...
2026-02-12 13:14:17 | INFO     | utils.llm | Initializing Groq LLM: llama-3.3-70b-versatile
2026-02-12 13:14:20 | INFO     | agents.question_strategist | Strategy formulated: Verify high-risk claims and probe for technical specifics, quantified impact, and implementation details to assess the candidate's hands-on experience and achievements.
2026-02-12 13:14:20 | INFO     | agents.difficulty_planner | Planner Agent: creating question plan...
2026-02-12 13:14:20 | ERROR    | agents.difficulty_planner | Planner failed: 'Input to ChatPromptTemplate is missing variables {\'\\n    "rationale"\'}.  Expected: [\'\\n    "rationale"\', \'claim_context\', \'focus_areas\', \'readiness_level\', \'readiness_score\', \'strategy\'] Received: [\'strategy\', \'focus_areas\', \'readiness_level\', \'readiness_score\', \'claim_context\']\nNote: if you intended {\n    "rationale"} to be part of the string and not a variable, please escape it with double curly braces like: \'{{\n    "rationale"}}\'.\nFor troubleshooting, visit: https://docs.langchain.com/oss/python/langchain/errors/INVALID_PROMPT_INPUT '
Traceback (most recent call last):
  File "d:\work\training\capstone\agents\difficulty_planner.py", line 99, in difficulty_planner_node
    response = chain.invoke({
               ^^^^^^^^^^^^^^
  File "D:\work\training\capstone\venv\Lib\site-packages\langchain_core\runnables\base.py", line 3155, in invoke
    input_ = context.run(step.invoke, input_, config, **kwargs)
             ^^^^^^^^^^^^^^^^^^^^^^^^^^^^^^^^^^^^^^^^^^^^^^^^^^
  File "D:\work\training\capstone\venv\Lib\site-packages\langchain_core\prompts\base.py", line 223, in invoke
    return self._call_with_config(
           ^^^^^^^^^^^^^^^^^^^^^^^
  File "D:\work\training\capstone\venv\Lib\site-packages\langchain_core\runnables\base.py", line 2060, in _call_with_config
    context.run(
  File "D:\work\training\capstone\venv\Lib\site-packages\langchain_core\runnables\config.py", line 452, in call_func_with_variable_args
    return func(input, **kwargs)  # type: ignore[call-arg]
           ^^^^^^^^^^^^^^^^^^^^^
  File "D:\work\training\capstone\venv\Lib\site-packages\langchain_core\prompts\base.py", line 196, in _format_prompt_with_error_handling
    inner_input_ = self._validate_input(inner_input)
                   ^^^^^^^^^^^^^^^^^^^^^^^^^^^^^^^^^
  File "D:\work\training\capstone\venv\Lib\site-packages\langchain_core\prompts\base.py", line 190, in _validate_input
    raise KeyError(
KeyError: 'Input to ChatPromptTemplate is missing variables {\'\\n    "rationale"\'}.  Expected: [\'\\n    "rationale"\', \'claim_context\', \'focus_areas\', \'readiness_level\', \'readiness_score\', \'strategy\'] Received: [\'strategy\', \'focus_areas\', \'readiness_level\', \'readiness_score\', \'claim_context\']\nNote: if you intended {\n    "rationale"} to be part of the string and not a variable, please escape it with double curly braces like: \'{{\n    "rationale"}}\'.\nFor troubleshooting, visit: https://docs.langchain.com/oss/python/langchain/errors/INVALID_PROMPT_INPUT '
2026-02-12 13:14:20 | INFO     | agents.question_generator | Generator Agent: creating/refining questions...
2026-02-12 13:14:21 | INFO     | agents.question_generator | Generated 2 questions.
2026-02-12 13:14:21 | INFO     | agents.validator | Validator Agent: validating questions...
2026-02-12 13:14:23 | INFO     | agents.validator | Validator: 0/2 questions passed.
2026-02-12 13:14:23 | INFO     | agents.question_generator | Generator Agent: creating/refining questions...
2026-02-12 13:14:23 | INFO     | agents.question_generator | Refining 2 failed questions...
2026-02-12 13:14:24 | INFO     | agents.validator | Validator Agent: validating questions...
2026-02-12 13:14:26 | INFO     | agents.validator | Validator: 2/2 questions passed.
2026-02-12 13:14:26 | INFO     | agents.coach | Coach Agent: generating insights...
2026-02-12 13:14:27 | INFO     | agents.coach | TavilySearchResults tool initialized.
2026-02-12 13:14:40 | INFO     | agents.coach | Generated 3 coaching insights.
2026-02-12 13:17:54 | INFO     | parsers.resume_parser | Parsed 7 sections: ['header', 'experience', 'projects', 'education', 'skills', 'certifications', 'achievements']
2026-02-12 13:17:54 | INFO     | parsers.resume_parser | Extracted 11 raw claims from sections
2026-02-12 13:17:55 | INFO     | agents.question_strategist | Strategist Agent: formulating strategy...
2026-02-12 13:17:55 | INFO     | utils.llm | Initializing Groq LLM: llama-3.3-70b-versatile
2026-02-12 13:17:58 | INFO     | agents.question_strategist | Strategy formulated: Conduct a claim verification interview to assess the candidate's experience and skills by directly challenging high-risk claims, probing implementation details, and measuring quantified impact.
2026-02-12 13:17:58 | INFO     | agents.difficulty_planner | Planner Agent: creating question plan...
2026-02-12 13:18:00 | INFO     | agents.difficulty_planner | Plan created with 15 steps.
2026-02-12 13:18:00 | INFO     | agents.question_generator | Generator Agent: creating/refining questions...
2026-02-12 13:18:04 | INFO     | agents.question_generator | Generated 15 questions.
2026-02-12 13:18:04 | INFO     | agents.validator | Validator Agent: validating questions...
2026-02-12 13:18:06 | INFO     | agents.validator | Validator: 15/15 questions passed.
2026-02-12 13:18:06 | INFO     | agents.coach | Coach Agent: generating insights...
2026-02-12 13:18:07 | INFO     | agents.coach | TavilySearchResults tool initialized.
2026-02-12 13:18:18 | INFO     | agents.coach | Generated 3 coaching insights.
2026-02-12 14:16:07 | INFO     | api.main | Health check endpoint called
2026-02-12 14:16:55 | INFO     | parsers.resume_parser | Extracted 2718 characters from PDF
2026-02-12 14:23:59 | INFO     | parsers.resume_parser | Parsed 7 sections: ['header', 'experience', 'projects', 'education', 'skills', 'certifications', 'achievements']
2026-02-12 14:23:59 | INFO     | parsers.resume_parser | Extracted 11 raw claims from sections
2026-02-12 14:23:59 | INFO     | agents.question_strategist | Strategist Agent: formulating strategy...
2026-02-12 14:23:59 | INFO     | utils.llm | Initializing Groq LLM: llama-3.3-70b-versatile
2026-02-12 14:24:04 | INFO     | agents.question_strategist | Strategy formulated: Verify the candidate's technical expertise and claims, focusing on high-risk areas, self-declared weaknesses, and resume vulnerabilities. Challenge the candidate to provide implementation details, quantify impact, and walk through their personal contributions.
2026-02-12 14:24:04 | INFO     | agents.difficulty_planner | Planner Agent: creating question plan...
2026-02-12 14:24:06 | INFO     | agents.difficulty_planner | Plan created with 15 steps.
2026-02-12 14:24:06 | INFO     | agents.question_generator | Generator Agent: creating/refining questions...
2026-02-12 14:24:12 | INFO     | agents.question_generator | Generated 15 questions.
2026-02-12 14:24:12 | INFO     | agents.validator | Validator Agent: validating questions...
2026-02-12 14:24:14 | INFO     | agents.validator | Validator: 15/15 questions passed.
2026-02-12 14:24:14 | INFO     | agents.coach | Coach Agent: generating insights...
2026-02-12 14:24:14 | ERROR    | agents.coach | Coach failed: 'Input to ChatPromptTemplate is missing variables {\'claim_context\', \'\\n    "insights"\'}.  Expected: [\'\\n    "insights"\', \'claim_context\', \'declared_weaknesses\', \'missing_skills\', \'risk_summary\', \'target_role\', \'vulnerabilities\'] Received: [\'target_role\', \'declared_weaknesses\', \'missing_skills\', \'risk_summary\', \'vulnerabilities\']\nNote: if you intended {claim_context} to be part of the string and not a variable, please escape it with double curly braces like: \'{{claim_context}}\'.\nFor troubleshooting, visit: https://docs.langchain.com/oss/python/langchain/errors/INVALID_PROMPT_INPUT '
Traceback (most recent call last):
  File "D:\work\training\capstone\agents\coach.py", line 105, in coach_node
    response = chain.invoke({
               ^^^^^^^^^^^^^^
  File "D:\work\training\capstone\venv\Lib\site-packages\langchain_core\runnables\base.py", line 3155, in invoke
    input_ = context.run(step.invoke, input_, config, **kwargs)
             ^^^^^^^^^^^^^^^^^^^^^^^^^^^^^^^^^^^^^^^^^^^^^^^^^^
  File "D:\work\training\capstone\venv\Lib\site-packages\langchain_core\prompts\base.py", line 223, in invoke
    return self._call_with_config(
           ^^^^^^^^^^^^^^^^^^^^^^^
  File "D:\work\training\capstone\venv\Lib\site-packages\langchain_core\runnables\base.py", line 2060, in _call_with_config
    context.run(
  File "D:\work\training\capstone\venv\Lib\site-packages\langchain_core\runnables\config.py", line 452, in call_func_with_variable_args
    return func(input, **kwargs)  # type: ignore[call-arg]
           ^^^^^^^^^^^^^^^^^^^^^
  File "D:\work\training\capstone\venv\Lib\site-packages\langchain_core\prompts\base.py", line 196, in _format_prompt_with_error_handling
    inner_input_ = self._validate_input(inner_input)
                   ^^^^^^^^^^^^^^^^^^^^^^^^^^^^^^^^^
  File "D:\work\training\capstone\venv\Lib\site-packages\langchain_core\prompts\base.py", line 190, in _validate_input
    raise KeyError(
KeyError: 'Input to ChatPromptTemplate is missing variables {\'claim_context\', \'\\n    "insights"\'}.  Expected: [\'\\n    "insights"\', \'claim_context\', \'declared_weaknesses\', \'missing_skills\', \'risk_summary\', \'target_role\', \'vulnerabilities\'] Received: [\'target_role\', \'declared_weaknesses\', \'missing_skills\', \'risk_summary\', \'vulnerabilities\']\nNote: if you intended {claim_context} to be part of the string and not a variable, please escape it with double curly braces like: \'{{claim_context}}\'.\nFor troubleshooting, visit: https://docs.langchain.com/oss/python/langchain/errors/INVALID_PROMPT_INPUT '
2026-02-12 14:31:41 | INFO     | parsers.resume_parser | Parsed 7 sections: ['header', 'experience', 'projects', 'education', 'skills', 'certifications', 'achievements']
2026-02-12 14:31:41 | INFO     | parsers.resume_parser | Extracted 11 raw claims from sections
2026-02-12 14:31:41 | INFO     | agents.question_strategist | Strategist Agent: formulating strategy...
2026-02-12 14:31:41 | INFO     | utils.llm | Initializing Groq LLM: llama-3.3-70b-versatile
2026-02-12 14:31:46 | INFO     | agents.question_strategist | Strategy formulated: Verify mid-level software engineer's resume claims, focusing on high-risk claims, self-declared weaknesses, and resume vulnerabilities, while assessing technical specifics, quantified impact, and implementation details.
2026-02-12 14:31:46 | INFO     | agents.difficulty_planner | Planner Agent: creating question plan...
2026-02-12 14:31:48 | INFO     | agents.difficulty_planner | Plan created with 9 steps.
2026-02-12 14:31:48 | INFO     | agents.question_generator | Generator Agent: creating/refining questions...
2026-02-12 14:31:52 | INFO     | agents.question_generator | Generated 9 questions.
2026-02-12 14:31:52 | INFO     | agents.validator | Validator Agent: validating questions...
2026-02-12 14:31:54 | INFO     | agents.validator | Validator: 9/9 questions passed.
2026-02-12 14:31:54 | ERROR    | agents.coach | Coach failed: name 'chain' is not defined
Traceback (most recent call last):
  File "D:\work\training\capstone\agents\coach.py", line 91, in coach_node
    response = chain.invoke({
               ^^^^^
NameError: name 'chain' is not defined
2026-02-12 14:36:35 | INFO     | parsers.resume_parser | Parsed 7 sections: ['header', 'experience', 'projects', 'education', 'skills', 'certifications', 'achievements']
2026-02-12 14:36:35 | INFO     | parsers.resume_parser | Extracted 11 raw claims from sections
2026-02-12 14:36:35 | INFO     | agents.question_strategist | Strategist Agent: formulating strategy...
2026-02-12 14:36:35 | INFO     | utils.llm | Initializing Groq LLM: llama-3.3-70b-versatile
2026-02-12 14:36:39 | INFO     | agents.question_strategist | Strategy formulated: Verify technical claims, probe system design and architectural decisions, and address self-declared weaknesses and resume vulnerabilities.
2026-02-12 14:36:39 | INFO     | agents.difficulty_planner | Planner Agent: creating question plan...
2026-02-12 14:36:43 | INFO     | agents.difficulty_planner | Plan created with 9 steps.
2026-02-12 14:36:43 | INFO     | agents.question_generator | Generator Agent: creating/refining questions...
2026-02-12 14:36:46 | INFO     | agents.question_generator | Generated 9 questions.
2026-02-12 14:36:46 | INFO     | agents.validator | Validator Agent: validating questions...
2026-02-12 14:36:47 | INFO     | agents.validator | Validator: 9/9 questions passed.
2026-02-12 14:36:47 | ERROR    | agents.coach | Coach failed: name 'role_context' is not defined
Traceback (most recent call last):
  File "D:\work\training\capstone\agents\coach.py", line 91, in coach_node
    "target_role": role_context,
                   ^^^^^^^^^^^^
NameError: name 'role_context' is not defined
2026-02-12 14:45:48 | INFO     | parsers.resume_parser | Parsed 7 sections: ['header', 'experience', 'projects', 'education', 'skills', 'certifications', 'achievements']
2026-02-12 14:45:48 | INFO     | parsers.resume_parser | Extracted 11 raw claims from sections
2026-02-12 14:45:48 | INFO     | agents.question_strategist | Strategist Agent: formulating strategy...
2026-02-12 14:45:48 | INFO     | utils.llm | Initializing Groq LLM: llama-3.3-70b-versatile
2026-02-12 14:45:51 | INFO     | agents.question_strategist | Strategy formulated: Verify the candidate's senior-level system design and architectural decisions, while addressing self-declared weaknesses and resume vulnerabilities, focusing on high-risk claims and probing implementation details and quantified impact.
2026-02-12 14:45:51 | INFO     | agents.difficulty_planner | Planner Agent: creating question plan...
2026-02-12 14:45:53 | INFO     | agents.difficulty_planner | Plan created with 12 steps.
2026-02-12 14:45:53 | INFO     | agents.question_generator | Generator Agent: creating/refining questions...
2026-02-12 14:45:56 | INFO     | agents.question_generator | Generated 12 questions.
2026-02-12 14:45:56 | INFO     | agents.validator | Validator Agent: validating questions...
2026-02-12 14:45:58 | INFO     | agents.validator | Validator: 12/12 questions passed.
2026-02-12 14:46:00 | INFO     | agents.coach | TavilySearchResults tool initialized.
2026-02-12 14:46:11 | INFO     | agents.coach | Generated 3 coaching insights.
2026-02-12 14:59:34 | INFO     | parsers.resume_parser | Parsed 7 sections: ['header', 'experience', 'projects', 'education', 'skills', 'certifications', 'achievements']
2026-02-12 14:59:34 | INFO     | parsers.resume_parser | Extracted 9 raw claims from sections
2026-02-12 14:59:34 | INFO     | agents.question_strategist | Strategist Agent: formulating strategy...
2026-02-12 14:59:34 | INFO     | utils.llm | Initializing Groq LLM: llama-3.3-70b-versatile
2026-02-12 14:59:37 | INFO     | agents.question_strategist | Strategy formulated: Conduct a claim verification interview focusing on system design, architectural decisions, and addressing self-declared weaknesses and resume vulnerabilities. Challenge high-risk claims, probe implementation details for claims with 'No Technical Specifics', and measurement and metrics for claims with 'No Quantified Impact'.
2026-02-12 14:59:37 | INFO     | agents.difficulty_planner | Planner Agent: creating question plan...
2026-02-12 14:59:39 | INFO     | agents.difficulty_planner | Plan created with 15 steps.
2026-02-12 14:59:39 | INFO     | agents.question_generator | Generator Agent: creating/refining questions...
2026-02-12 14:59:43 | INFO     | agents.question_generator | Generated 15 questions.
2026-02-12 14:59:43 | INFO     | agents.validator | Validator Agent: validating questions...
2026-02-12 14:59:45 | INFO     | agents.validator | Validator: 15/15 questions passed.
2026-02-12 14:59:46 | INFO     | agents.coach | TavilySearchResults tool initialized.
2026-02-12 14:59:58 | INFO     | agents.coach | Generated 3 coaching insights.
2026-02-12 15:03:27 | INFO     | parsers.resume_parser | Parsed 7 sections: ['header', 'experience', 'projects', 'education', 'skills', 'certifications', 'achievements']
2026-02-12 15:03:27 | INFO     | parsers.resume_parser | Extracted 8 raw claims from sections
2026-02-12 15:03:27 | INFO     | agents.question_strategist | Strategist Agent: formulating strategy...
2026-02-12 15:03:29 | INFO     | agents.question_strategist | Strategy formulated: Claim Verification interview focusing on system design, architectural decisions, and self-declared weaknesses, while addressing resume vulnerabilities and high-risk claims.
2026-02-12 15:03:29 | INFO     | agents.difficulty_planner | Planner Agent: creating question plan...
2026-02-12 15:03:32 | INFO     | agents.difficulty_planner | Plan created with 15 steps.
2026-02-12 15:03:32 | INFO     | agents.question_generator | Generator Agent: creating/refining questions...
2026-02-12 15:03:36 | INFO     | agents.question_generator | Generated 15 questions.
2026-02-12 15:03:36 | INFO     | agents.validator | Validator Agent: validating questions...
2026-02-12 15:03:38 | INFO     | agents.validator | Validator: 15/15 questions passed.
2026-02-12 15:03:40 | INFO     | agents.coach | TavilySearchResults tool initialized.
2026-02-12 15:03:49 | INFO     | agents.coach | Generated 3 coaching insights.
2026-02-12 15:07:53 | INFO     | parsers.resume_parser | Parsed 7 sections: ['header', 'experience', 'projects', 'education', 'skills', 'certifications', 'achievements']
2026-02-12 15:07:53 | INFO     | parsers.resume_parser | Extracted 8 raw claims from sections
2026-02-12 15:08:26 | INFO     | parsers.resume_parser | Parsed 7 sections: ['header', 'experience', 'projects', 'education', 'skills', 'certifications', 'achievements']
2026-02-12 15:08:26 | INFO     | parsers.resume_parser | Extracted 8 raw claims from sections
2026-02-12 15:18:19 | INFO     | parsers.resume_parser | Parsed 7 sections: ['header', 'experience', 'projects', 'education', 'skills', 'certifications', 'achievements']
2026-02-12 15:18:19 | INFO     | parsers.resume_parser | Extracted 11 raw claims from sections
2026-02-12 15:18:41 | INFO     | parsers.resume_parser | Parsed 7 sections: ['header', 'experience', 'projects', 'education', 'skills', 'certifications', 'achievements']
2026-02-12 15:18:41 | INFO     | parsers.resume_parser | Extracted 11 raw claims from sections
2026-02-12 15:19:20 | INFO     | parsers.resume_parser | Parsed 7 sections: ['header', 'experience', 'projects', 'education', 'skills', 'certifications', 'achievements']
2026-02-12 15:19:20 | INFO     | parsers.resume_parser | Extracted 11 raw claims from sections
2026-02-12 15:20:14 | INFO     | parsers.resume_parser | Parsed 5 sections: ['header', 'summary', 'experience', 'projects', 'education']
2026-02-12 15:20:14 | INFO     | parsers.resume_parser | Extracted 0 raw claims from sections
2026-02-12 15:36:06 | INFO     | debug_parser_file | Extracted 577 chars from text file
2026-02-12 15:36:06 | INFO     | debug_parser_file | Parsed 5 sections: ['header', 'summary', 'experience', 'projects', 'education']
2026-02-12 15:36:06 | INFO     | debug_parser_file | Extracted 6 claims from 5 sections
2026-02-12 15:36:06 | INFO     | debug_parser_file | Resume parsed: 577 chars, 5 sections, 6 claims
2026-02-12 16:46:26 | INFO     | parsers.resume_parser | Parsed 7 sections: ['header', 'experience', 'projects', 'education', 'skills', 'certifications', 'achievements']
2026-02-12 16:47:08 | INFO     | parsers.resume_parser | Parsed 7 sections: ['header', 'experience', 'projects', 'education', 'skills', 'certifications', 'achievements']
2026-02-12 16:48:46 | INFO     | parsers.resume_parser | Parsed 7 sections: ['header', 'experience', 'projects', 'education', 'skills', 'certifications', 'achievements']
2026-02-12 16:48:47 | INFO     | agents.question_strategist | Strategist Agent: formulating strategy...
2026-02-12 16:48:47 | INFO     | utils.llm | Initializing Groq LLM: llama-3.3-70b-versatile
2026-02-12 16:48:52 | INFO     | agents.question_strategist | Strategy formulated: Claim verification focusing on system design, architectural decisions, and self-declared weaknesses, with emphasis on high-risk claims and resume vulnerabilities.
2026-02-12 16:48:52 | INFO     | agents.difficulty_planner | Planner Agent: creating question plan...
2026-02-12 16:48:55 | INFO     | agents.difficulty_planner | Plan created with 18 steps.
2026-02-12 16:48:55 | INFO     | agents.question_generator | Generator Agent: creating/refining questions...
2026-02-12 16:48:58 | INFO     | agents.question_generator | Generated 18 questions.
2026-02-12 16:48:58 | INFO     | agents.validator | Validator Agent: validating questions...
2026-02-12 16:49:01 | INFO     | agents.validator | Validator: 12/18 questions passed.
2026-02-12 16:49:01 | INFO     | agents.question_generator | Generator Agent: creating/refining questions...
2026-02-12 16:49:01 | INFO     | agents.question_generator | Refining 6 failed questions...
2026-02-12 16:49:03 | INFO     | agents.validator | Validator Agent: validating questions...
2026-02-12 16:49:07 | INFO     | agents.validator | Validator: 11/18 questions passed.
2026-02-12 16:49:07 | INFO     | agents.question_generator | Generator Agent: creating/refining questions...
2026-02-12 16:49:07 | INFO     | agents.question_generator | Refining 7 failed questions...
2026-02-12 16:49:09 | INFO     | agents.validator | Validator Agent: validating questions...
2026-02-12 16:49:11 | INFO     | agents.validator | Validator: 13/18 questions passed.
2026-02-12 16:49:11 | INFO     | agents.question_generator | Generator Agent: creating/refining questions...
2026-02-12 16:49:11 | INFO     | agents.question_generator | Refining 5 failed questions...
2026-02-12 16:49:13 | INFO     | agents.validator | Validator Agent: validating questions...
2026-02-12 16:49:15 | INFO     | agents.validator | Validator: 15/18 questions passed.
2026-02-12 16:49:15 | INFO     | agents.question_generator | Generator Agent: creating/refining questions...
2026-02-12 16:49:15 | INFO     | agents.question_generator | Refining 3 failed questions...
2026-02-12 16:49:16 | INFO     | agents.validator | Validator Agent: validating questions...
2026-02-12 16:49:18 | INFO     | agents.validator | Validator: 15/18 questions passed.
2026-02-12 16:49:18 | INFO     | agents.question_generator | Generator Agent: creating/refining questions...
2026-02-12 16:49:18 | INFO     | agents.question_generator | Refining 3 failed questions...
2026-02-12 16:49:22 | INFO     | agents.validator | Validator Agent: validating questions...
2026-02-12 16:49:30 | INFO     | agents.validator | Validator: 18/18 questions passed.
2026-02-12 16:49:35 | INFO     | agents.coach | TavilySearchResults tool initialized.
2026-02-12 16:49:47 | INFO     | agents.coach | Generated 3 coaching insights.
2026-02-12 16:50:28 | INFO     | parsers.resume_parser | Parsed 7 sections: ['header', 'experience', 'projects', 'education', 'skills', 'certifications', 'achievements']
2026-02-12 16:50:28 | INFO     | agents.question_strategist | Strategist Agent: formulating strategy...
2026-02-12 16:50:28 | INFO     | utils.llm | Initializing Groq LLM: llama-3.3-70b-versatile
2026-02-12 16:50:33 | INFO     | agents.question_strategist | Strategy formulated: Conduct a claim verification interview focusing on system design, architectural decisions, and addressing the candidate's self-declared weaknesses and resume vulnerabilities. Challenge high-risk claims, probe implementation details, and quantify impact where necessary.
2026-02-12 16:50:33 | INFO     | agents.difficulty_planner | Planner Agent: creating question plan...
2026-02-12 16:50:37 | INFO     | agents.difficulty_planner | Plan created with 15 steps.
2026-02-12 16:50:37 | INFO     | agents.question_generator | Generator Agent: creating/refining questions...
2026-02-12 16:50:40 | INFO     | agents.question_generator | Generated 15 questions.
2026-02-12 16:50:40 | INFO     | agents.validator | Validator Agent: validating questions...
2026-02-12 16:50:42 | INFO     | agents.validator | Validator: 5/15 questions passed.
2026-02-12 16:50:42 | INFO     | agents.question_generator | Generator Agent: creating/refining questions...
2026-02-12 16:50:42 | INFO     | agents.question_generator | Refining 10 failed questions...
2026-02-12 16:50:45 | INFO     | agents.validator | Validator Agent: validating questions...
2026-02-12 16:50:52 | INFO     | agents.validator | Validator: 10/15 questions passed.
2026-02-12 16:50:52 | INFO     | agents.question_generator | Generator Agent: creating/refining questions...
2026-02-12 16:50:52 | INFO     | agents.question_generator | Refining 5 failed questions...
2026-02-12 16:50:54 | INFO     | agents.validator | Validator Agent: validating questions...
2026-02-12 16:50:56 | INFO     | agents.validator | Validator: 15/15 questions passed.
2026-02-12 16:50:58 | INFO     | agents.coach | TavilySearchResults tool initialized.
2026-02-12 16:51:16 | INFO     | agents.coach | Generated 3 coaching insights.
2026-02-12 16:59:43 | INFO     | parsers.resume_parser | Extracted 2718 characters from PDF
2026-02-12 16:59:45 | INFO     | parsers.resume_parser | Parsed 6 sections: ['header', 'education', 'experience', 'projects', 'skills', 'certifications']
2026-02-12 16:59:45 | INFO     | agents.question_strategist | Strategist Agent: formulating strategy...
2026-02-12 16:59:45 | INFO     | utils.llm | Initializing Groq LLM: llama-3.3-70b-versatile
2026-02-12 17:01:04 | ERROR    | agents.question_strategist | Strategist failed: Request timed out.
Traceback (most recent call last):
  File "D:\work\training\capstone\venv\Lib\site-packages\httpx\_transports\default.py", line 101, in map_httpcore_exceptions
    yield
  File "D:\work\training\capstone\venv\Lib\site-packages\httpx\_transports\default.py", line 250, in handle_request
    resp = self._pool.handle_request(req)
           ^^^^^^^^^^^^^^^^^^^^^^^^^^^^^^
  File "D:\work\training\capstone\venv\Lib\site-packages\httpcore\_sync\connection_pool.py", line 256, in handle_request
    raise exc from None
  File "D:\work\training\capstone\venv\Lib\site-packages\httpcore\_sync\connection_pool.py", line 236, in handle_request
    response = connection.handle_request(
               ^^^^^^^^^^^^^^^^^^^^^^^^^^
  File "D:\work\training\capstone\venv\Lib\site-packages\httpcore\_sync\connection.py", line 101, in handle_request
    raise exc
  File "D:\work\training\capstone\venv\Lib\site-packages\httpcore\_sync\connection.py", line 78, in handle_request
    stream = self._connect(request)
             ^^^^^^^^^^^^^^^^^^^^^^
  File "D:\work\training\capstone\venv\Lib\site-packages\httpcore\_sync\connection.py", line 124, in _connect
    stream = self._network_backend.connect_tcp(**kwargs)
             ^^^^^^^^^^^^^^^^^^^^^^^^^^^^^^^^^^^^^^^^^^^
  File "D:\work\training\capstone\venv\Lib\site-packages\httpcore\_backends\sync.py", line 207, in connect_tcp
    with map_exceptions(exc_map):
  File "C:\Users\lokes\AppData\Local\Programs\Python\Python311\Lib\contextlib.py", line 158, in __exit__
    self.gen.throw(typ, value, traceback)
  File "D:\work\training\capstone\venv\Lib\site-packages\httpcore\_exceptions.py", line 14, in map_exceptions
    raise to_exc(exc) from exc
httpcore.ConnectTimeout: [WinError 10060] A connection attempt failed because the connected party did not properly respond after a period of time, or established connection failed because connected host has failed to respond

The above exception was the direct cause of the following exception:

Traceback (most recent call last):
  File "D:\work\training\capstone\venv\Lib\site-packages\groq\_base_client.py", line 980, in request
    response = self._client.send(
               ^^^^^^^^^^^^^^^^^^
  File "D:\work\training\capstone\venv\Lib\site-packages\httpx\_client.py", line 914, in send
    response = self._send_handling_auth(
               ^^^^^^^^^^^^^^^^^^^^^^^^^
  File "D:\work\training\capstone\venv\Lib\site-packages\httpx\_client.py", line 942, in _send_handling_auth
    response = self._send_handling_redirects(
               ^^^^^^^^^^^^^^^^^^^^^^^^^^^^^^
  File "D:\work\training\capstone\venv\Lib\site-packages\httpx\_client.py", line 979, in _send_handling_redirects
    response = self._send_single_request(request)
               ^^^^^^^^^^^^^^^^^^^^^^^^^^^^^^^^^^
  File "D:\work\training\capstone\venv\Lib\site-packages\httpx\_client.py", line 1014, in _send_single_request
    response = transport.handle_request(request)
               ^^^^^^^^^^^^^^^^^^^^^^^^^^^^^^^^^
  File "D:\work\training\capstone\venv\Lib\site-packages\httpx\_transports\default.py", line 249, in handle_request
    with map_httpcore_exceptions():
  File "C:\Users\lokes\AppData\Local\Programs\Python\Python311\Lib\contextlib.py", line 158, in __exit__
    self.gen.throw(typ, value, traceback)
  File "D:\work\training\capstone\venv\Lib\site-packages\httpx\_transports\default.py", line 118, in map_httpcore_exceptions
    raise mapped_exc(message) from exc
httpx.ConnectTimeout: [WinError 10060] A connection attempt failed because the connected party did not properly respond after a period of time, or established connection failed because connected host has failed to respond

The above exception was the direct cause of the following exception:

Traceback (most recent call last):
  File "D:\work\training\capstone\agents\question_strategist.py", line 158, in question_strategist_node
    response = chain.invoke(inputs)
               ^^^^^^^^^^^^^^^^^^^^
  File "D:\work\training\capstone\venv\Lib\site-packages\langchain_core\runnables\base.py", line 3157, in invoke
    input_ = context.run(step.invoke, input_, config)
             ^^^^^^^^^^^^^^^^^^^^^^^^^^^^^^^^^^^^^^^^
  File "D:\work\training\capstone\venv\Lib\site-packages\langchain_core\language_models\chat_models.py", line 402, in invoke
    self.generate_prompt(
  File "D:\work\training\capstone\venv\Lib\site-packages\langchain_core\language_models\chat_models.py", line 1121, in generate_prompt
    return self.generate(prompt_messages, stop=stop, callbacks=callbacks, **kwargs)
           ^^^^^^^^^^^^^^^^^^^^^^^^^^^^^^^^^^^^^^^^^^^^^^^^^^^^^^^^^^^^^^^^^^^^^^^^
  File "D:\work\training\capstone\venv\Lib\site-packages\langchain_core\language_models\chat_models.py", line 931, in generate
    self._generate_with_cache(
  File "D:\work\training\capstone\venv\Lib\site-packages\langchain_core\language_models\chat_models.py", line 1233, in _generate_with_cache
    result = self._generate(
             ^^^^^^^^^^^^^^^
  File "D:\work\training\capstone\venv\Lib\site-packages\langchain_groq\chat_models.py", line 621, in _generate
    response = self.client.create(messages=message_dicts, **params)
               ^^^^^^^^^^^^^^^^^^^^^^^^^^^^^^^^^^^^^^^^^^^^^^^^^^^^
  File "D:\work\training\capstone\venv\Lib\site-packages\groq\resources\chat\completions.py", line 461, in create
    return self._post(
           ^^^^^^^^^^^
  File "D:\work\training\capstone\venv\Lib\site-packages\groq\_base_client.py", line 1242, in post
    return cast(ResponseT, self.request(cast_to, opts, stream=stream, stream_cls=stream_cls))
                           ^^^^^^^^^^^^^^^^^^^^^^^^^^^^^^^^^^^^^^^^^^^^^^^^^^^^^^^^^^^^^^^^^
  File "D:\work\training\capstone\venv\Lib\site-packages\groq\_base_client.py", line 998, in request
    raise APITimeoutError(request=request) from err
groq.APITimeoutError: Request timed out.
2026-02-12 17:01:04 | INFO     | agents.difficulty_planner | Planner Agent: creating question plan...
2026-02-12 17:04:43 | INFO     | parsers.resume_parser | Extracted 2718 characters from PDF
2026-02-12 17:04:45 | INFO     | parsers.resume_parser | Parsed 6 sections: ['header', 'education', 'experience', 'projects', 'skills', 'certifications']
2026-02-12 17:04:45 | INFO     | agents.question_strategist | Strategist Agent: formulating strategy...
2026-02-12 17:04:45 | INFO     | utils.llm | Initializing Groq LLM: llama-3.3-70b-versatile
2026-02-12 17:04:48 | INFO     | agents.question_strategist | Strategy formulated: The interview will focus on verifying the candidate's claims in their resume, particularly in areas with high risk scores. Since the candidate is a junior ML engineer, the interview will focus on fundamentals and coding, while also addressing their self-declared weaknesses and resume vulnerabilities.
2026-02-12 17:04:48 | INFO     | agents.difficulty_planner | Planner Agent: creating question plan...
2026-02-12 17:04:50 | INFO     | agents.difficulty_planner | Plan created with 9 steps.
2026-02-12 17:04:50 | INFO     | agents.question_generator | Generator Agent: creating/refining questions...
2026-02-12 17:04:52 | INFO     | agents.question_generator | Generated 9 questions.
2026-02-12 17:04:52 | INFO     | agents.validator | Validator Agent: validating questions...
2026-02-12 17:04:53 | INFO     | agents.validator | Validator: 4/9 questions passed.
2026-02-12 17:04:53 | INFO     | agents.question_generator | Generator Agent: creating/refining questions...
2026-02-12 17:04:53 | INFO     | agents.question_generator | Refining 5 failed questions...
2026-02-12 17:04:55 | INFO     | agents.validator | Validator Agent: validating questions...
2026-02-12 17:04:58 | INFO     | agents.validator | Validator: 5/9 questions passed.
2026-02-12 17:04:58 | INFO     | agents.question_generator | Generator Agent: creating/refining questions...
2026-02-12 17:04:58 | INFO     | agents.question_generator | Refining 4 failed questions...
2026-02-12 17:04:59 | INFO     | agents.validator | Validator Agent: validating questions...
2026-02-12 17:05:01 | INFO     | agents.validator | Validator: 6/9 questions passed.
2026-02-12 17:05:01 | INFO     | agents.question_generator | Generator Agent: creating/refining questions...
2026-02-12 17:05:01 | INFO     | agents.question_generator | Refining 3 failed questions...
2026-02-12 17:05:02 | INFO     | agents.validator | Validator Agent: validating questions...
2026-02-12 17:05:03 | INFO     | agents.validator | Validator: 8/9 questions passed.
2026-02-12 17:05:03 | INFO     | agents.question_generator | Generator Agent: creating/refining questions...
2026-02-12 17:05:03 | INFO     | agents.question_generator | Refining 1 failed questions...
2026-02-12 17:05:04 | INFO     | agents.validator | Validator Agent: validating questions...
2026-02-12 17:05:05 | INFO     | agents.validator | Validator: 7/9 questions passed.
2026-02-12 17:05:05 | INFO     | agents.question_generator | Generator Agent: creating/refining questions...
2026-02-12 17:05:05 | INFO     | agents.question_generator | Refining 2 failed questions...
2026-02-12 17:05:06 | INFO     | agents.validator | Validator Agent: validating questions...
2026-02-12 17:05:07 | INFO     | agents.validator | Validator: 7/9 questions passed.
2026-02-12 17:05:07 | INFO     | agents.question_generator | Generator Agent: creating/refining questions...
2026-02-12 17:05:07 | INFO     | agents.question_generator | Refining 2 failed questions...
2026-02-12 17:05:08 | INFO     | agents.validator | Validator Agent: validating questions...
2026-02-12 17:05:09 | INFO     | agents.validator | Validator: 8/9 questions passed.
2026-02-12 17:05:09 | INFO     | agents.question_generator | Generator Agent: creating/refining questions...
2026-02-12 17:05:09 | INFO     | agents.question_generator | Refining 1 failed questions...
2026-02-12 17:05:10 | INFO     | agents.validator | Validator Agent: validating questions...
2026-02-12 17:05:11 | INFO     | agents.validator | Validator: 9/9 questions passed.
2026-02-12 17:05:18 | INFO     | agents.coach | TavilySearchResults tool initialized.
2026-02-12 17:05:35 | INFO     | agents.coach | Generated 3 coaching insights.
2026-02-12 17:56:01 | INFO     | parsers.resume_parser | Extracted 2718 characters from PDF
2026-02-12 17:56:03 | INFO     | parsers.resume_parser | Parsed 6 sections: ['header', 'education', 'experience', 'projects', 'skills', 'certifications']
2026-02-12 17:56:03 | INFO     | agents.question_strategist | Strategist Agent: formulating strategy...
2026-02-12 17:56:03 | INFO     | utils.llm | Initializing Groq LLM: llama-3.3-70b-versatile
2026-02-12 17:56:06 | INFO     | agents.question_strategist | Strategy formulated: The interview strategy will focus on verifying the candidate's claims and addressing their self-declared weaknesses and resume vulnerabilities. As a Junior ML Engineer Intern, the focus will be on fundamentals and coding. The high-risk claims will be directly challenged, and the candidate will be asked to provide implementation details and quantify the impact of their work.
2026-02-12 17:56:06 | INFO     | agents.difficulty_planner | Planner Agent: creating question plan...
2026-02-12 17:56:08 | INFO     | agents.difficulty_planner | Plan created with 8 steps.
2026-02-12 17:56:08 | INFO     | agents.question_generator | Generator Agent: creating/refining questions...
2026-02-12 17:56:09 | INFO     | agents.question_generator | Generated 8 questions.
2026-02-12 17:56:09 | INFO     | agents.validator | Validator Agent: validating questions...
2026-02-12 17:56:11 | INFO     | agents.validator | Validator: 1/8 questions passed.
2026-02-12 17:56:11 | INFO     | agents.question_generator | Generator Agent: creating/refining questions...
2026-02-12 17:56:11 | INFO     | agents.question_generator | Refining 7 failed questions...
2026-02-12 17:56:12 | INFO     | agents.validator | Validator Agent: validating questions...
2026-02-12 17:56:13 | INFO     | agents.validator | Validator: 2/8 questions passed.
2026-02-12 17:56:13 | INFO     | agents.question_generator | Generator Agent: creating/refining questions...
2026-02-12 17:56:13 | INFO     | agents.question_generator | Refining 6 failed questions...
2026-02-12 17:56:15 | INFO     | agents.validator | Validator Agent: validating questions...
2026-02-12 17:57:16 | INFO     | agents.validator | Validator: 0/8 questions passed.
2026-02-12 17:57:16 | INFO     | agents.question_generator | Generator Agent: creating/refining questions...
2026-02-12 17:57:16 | INFO     | agents.question_generator | Refining 8 failed questions...
2026-02-12 17:57:16 | ERROR    | agents.question_generator | Refinement failed: Error code: 429 - {'error': {'message': 'Rate limit reached for model `llama-3.3-70b-versatile` in organization `org_01kghh8v7nf56azfbdp4faj0qr` service tier `on_demand` on tokens per day (TPD): Limit 100000, Used 100000, Requested 897. Please try again in 12m55.008s. Need more tokens? Upgrade to Dev Tier today at https://console.groq.com/settings/billing', 'type': 'tokens', 'code': 'rate_limit_exceeded'}}
Traceback (most recent call last):
  File "D:\work\training\capstone\agents\question_generator.py", line 129, in question_generator_node
    response = chain.invoke(inputs)
               ^^^^^^^^^^^^^^^^^^^^
  File "D:\work\training\capstone\venv\Lib\site-packages\langchain_core\runnables\base.py", line 3157, in invoke
    input_ = context.run(step.invoke, input_, config)
             ^^^^^^^^^^^^^^^^^^^^^^^^^^^^^^^^^^^^^^^^
  File "D:\work\training\capstone\venv\Lib\site-packages\langchain_core\language_models\chat_models.py", line 402, in invoke
    self.generate_prompt(
  File "D:\work\training\capstone\venv\Lib\site-packages\langchain_core\language_models\chat_models.py", line 1121, in generate_prompt
    return self.generate(prompt_messages, stop=stop, callbacks=callbacks, **kwargs)
           ^^^^^^^^^^^^^^^^^^^^^^^^^^^^^^^^^^^^^^^^^^^^^^^^^^^^^^^^^^^^^^^^^^^^^^^^
  File "D:\work\training\capstone\venv\Lib\site-packages\langchain_core\language_models\chat_models.py", line 931, in generate
    self._generate_with_cache(
  File "D:\work\training\capstone\venv\Lib\site-packages\langchain_core\language_models\chat_models.py", line 1233, in _generate_with_cache
    result = self._generate(
             ^^^^^^^^^^^^^^^
  File "D:\work\training\capstone\venv\Lib\site-packages\langchain_groq\chat_models.py", line 621, in _generate
    response = self.client.create(messages=message_dicts, **params)
               ^^^^^^^^^^^^^^^^^^^^^^^^^^^^^^^^^^^^^^^^^^^^^^^^^^^^
  File "D:\work\training\capstone\venv\Lib\site-packages\groq\resources\chat\completions.py", line 461, in create
    return self._post(
           ^^^^^^^^^^^
  File "D:\work\training\capstone\venv\Lib\site-packages\groq\_base_client.py", line 1242, in post
    return cast(ResponseT, self.request(cast_to, opts, stream=stream, stream_cls=stream_cls))
                           ^^^^^^^^^^^^^^^^^^^^^^^^^^^^^^^^^^^^^^^^^^^^^^^^^^^^^^^^^^^^^^^^^
  File "D:\work\training\capstone\venv\Lib\site-packages\groq\_base_client.py", line 1044, in request
    raise self._make_status_error_from_response(err.response) from None
groq.RateLimitError: Error code: 429 - {'error': {'message': 'Rate limit reached for model `llama-3.3-70b-versatile` in organization `org_01kghh8v7nf56azfbdp4faj0qr` service tier `on_demand` on tokens per day (TPD): Limit 100000, Used 100000, Requested 897. Please try again in 12m55.008s. Need more tokens? Upgrade to Dev Tier today at https://console.groq.com/settings/billing', 'type': 'tokens', 'code': 'rate_limit_exceeded'}}
2026-02-12 17:57:16 | INFO     | agents.validator | Validator Agent: validating questions...
2026-02-12 17:57:16 | ERROR    | agents.validator | Validator failed: Error code: 429 - {'error': {'message': 'Rate limit reached for model `llama-3.3-70b-versatile` in organization `org_01kghh8v7nf56azfbdp4faj0qr` service tier `on_demand` on tokens per day (TPD): Limit 100000, Used 100000, Requested 475. Please try again in 6m50.4s. Need more tokens? Upgrade to Dev Tier today at https://console.groq.com/settings/billing', 'type': 'tokens', 'code': 'rate_limit_exceeded'}}
Traceback (most recent call last):
  File "D:\work\training\capstone\agents\validator.py", line 73, in validator_node
    response = chain.invoke(inputs)
               ^^^^^^^^^^^^^^^^^^^^
  File "D:\work\training\capstone\venv\Lib\site-packages\langchain_core\runnables\base.py", line 3157, in invoke
    input_ = context.run(step.invoke, input_, config)
             ^^^^^^^^^^^^^^^^^^^^^^^^^^^^^^^^^^^^^^^^
  File "D:\work\training\capstone\venv\Lib\site-packages\langchain_core\language_models\chat_models.py", line 402, in invoke
    self.generate_prompt(
  File "D:\work\training\capstone\venv\Lib\site-packages\langchain_core\language_models\chat_models.py", line 1121, in generate_prompt
    return self.generate(prompt_messages, stop=stop, callbacks=callbacks, **kwargs)
           ^^^^^^^^^^^^^^^^^^^^^^^^^^^^^^^^^^^^^^^^^^^^^^^^^^^^^^^^^^^^^^^^^^^^^^^^
  File "D:\work\training\capstone\venv\Lib\site-packages\langchain_core\language_models\chat_models.py", line 931, in generate
    self._generate_with_cache(
  File "D:\work\training\capstone\venv\Lib\site-packages\langchain_core\language_models\chat_models.py", line 1233, in _generate_with_cache
    result = self._generate(
             ^^^^^^^^^^^^^^^
  File "D:\work\training\capstone\venv\Lib\site-packages\langchain_groq\chat_models.py", line 621, in _generate
    response = self.client.create(messages=message_dicts, **params)
               ^^^^^^^^^^^^^^^^^^^^^^^^^^^^^^^^^^^^^^^^^^^^^^^^^^^^
  File "D:\work\training\capstone\venv\Lib\site-packages\groq\resources\chat\completions.py", line 461, in create
    return self._post(
           ^^^^^^^^^^^
  File "D:\work\training\capstone\venv\Lib\site-packages\groq\_base_client.py", line 1242, in post
    return cast(ResponseT, self.request(cast_to, opts, stream=stream, stream_cls=stream_cls))
                           ^^^^^^^^^^^^^^^^^^^^^^^^^^^^^^^^^^^^^^^^^^^^^^^^^^^^^^^^^^^^^^^^^
  File "D:\work\training\capstone\venv\Lib\site-packages\groq\_base_client.py", line 1044, in request
    raise self._make_status_error_from_response(err.response) from None
groq.RateLimitError: Error code: 429 - {'error': {'message': 'Rate limit reached for model `llama-3.3-70b-versatile` in organization `org_01kghh8v7nf56azfbdp4faj0qr` service tier `on_demand` on tokens per day (TPD): Limit 100000, Used 100000, Requested 475. Please try again in 6m50.4s. Need more tokens? Upgrade to Dev Tier today at https://console.groq.com/settings/billing', 'type': 'tokens', 'code': 'rate_limit_exceeded'}}
2026-02-12 17:57:16 | ERROR    | agents.coach | Coach failed: Error code: 429 - {'error': {'message': 'Rate limit reached for model `llama-3.3-70b-versatile` in organization `org_01kghh8v7nf56azfbdp4faj0qr` service tier `on_demand` on tokens per day (TPD): Limit 100000, Used 100000, Requested 490. Please try again in 7m3.36s. Need more tokens? Upgrade to Dev Tier today at https://console.groq.com/settings/billing', 'type': 'tokens', 'code': 'rate_limit_exceeded'}}
Traceback (most recent call last):
  File "D:\work\training\capstone\agents\coach.py", line 109, in coach_node
    response = chain.invoke(inputs)
               ^^^^^^^^^^^^^^^^^^^^
  File "D:\work\training\capstone\venv\Lib\site-packages\langchain_core\runnables\base.py", line 3157, in invoke
    input_ = context.run(step.invoke, input_, config)
             ^^^^^^^^^^^^^^^^^^^^^^^^^^^^^^^^^^^^^^^^
  File "D:\work\training\capstone\venv\Lib\site-packages\langchain_core\language_models\chat_models.py", line 402, in invoke
    self.generate_prompt(
  File "D:\work\training\capstone\venv\Lib\site-packages\langchain_core\language_models\chat_models.py", line 1121, in generate_prompt
    return self.generate(prompt_messages, stop=stop, callbacks=callbacks, **kwargs)
           ^^^^^^^^^^^^^^^^^^^^^^^^^^^^^^^^^^^^^^^^^^^^^^^^^^^^^^^^^^^^^^^^^^^^^^^^
  File "D:\work\training\capstone\venv\Lib\site-packages\langchain_core\language_models\chat_models.py", line 931, in generate
    self._generate_with_cache(
  File "D:\work\training\capstone\venv\Lib\site-packages\langchain_core\language_models\chat_models.py", line 1233, in _generate_with_cache
    result = self._generate(
             ^^^^^^^^^^^^^^^
  File "D:\work\training\capstone\venv\Lib\site-packages\langchain_groq\chat_models.py", line 621, in _generate
    response = self.client.create(messages=message_dicts, **params)
               ^^^^^^^^^^^^^^^^^^^^^^^^^^^^^^^^^^^^^^^^^^^^^^^^^^^^
  File "D:\work\training\capstone\venv\Lib\site-packages\groq\resources\chat\completions.py", line 461, in create
    return self._post(
           ^^^^^^^^^^^
  File "D:\work\training\capstone\venv\Lib\site-packages\groq\_base_client.py", line 1242, in post
    return cast(ResponseT, self.request(cast_to, opts, stream=stream, stream_cls=stream_cls))
                           ^^^^^^^^^^^^^^^^^^^^^^^^^^^^^^^^^^^^^^^^^^^^^^^^^^^^^^^^^^^^^^^^^
  File "D:\work\training\capstone\venv\Lib\site-packages\groq\_base_client.py", line 1044, in request
    raise self._make_status_error_from_response(err.response) from None
groq.RateLimitError: Error code: 429 - {'error': {'message': 'Rate limit reached for model `llama-3.3-70b-versatile` in organization `org_01kghh8v7nf56azfbdp4faj0qr` service tier `on_demand` on tokens per day (TPD): Limit 100000, Used 100000, Requested 490. Please try again in 7m3.36s. Need more tokens? Upgrade to Dev Tier today at https://console.groq.com/settings/billing', 'type': 'tokens', 'code': 'rate_limit_exceeded'}}
2026-02-12 18:04:57 | INFO     | parsers.resume_parser | Parsed 7 sections: ['header', 'experience', 'projects', 'education', 'skills', 'certifications', 'achievements']
2026-02-12 18:04:58 | INFO     | agents.question_strategist | Strategist Agent: formulating strategy...
2026-02-12 18:04:58 | INFO     | utils.llm | Initializing Groq LLM: meta-llama/llama-guard-4-12b
2026-02-12 18:22:43 | INFO     | parsers.resume_parser | Parsed 7 sections: ['header', 'experience', 'projects', 'education', 'skills', 'certifications', 'achievements']
2026-02-12 18:22:43 | INFO     | agents.question_strategist | Strategist Agent: formulating strategy...
2026-02-12 18:22:43 | INFO     | utils.llm | Initializing Groq LLM: meta-llama/llama-guard-4-12b
2026-02-12 18:22:45 | ERROR    | agents.question_strategist | Strategist failed: Invalid json output: safe
For troubleshooting, visit: https://docs.langchain.com/oss/python/langchain/errors/OUTPUT_PARSING_FAILURE 
Traceback (most recent call last):
  File "D:\work\training\capstone\venv\Lib\site-packages\langchain_core\output_parsers\json.py", line 88, in parse_result
    return parse_json_markdown(text)
           ^^^^^^^^^^^^^^^^^^^^^^^^^
  File "D:\work\training\capstone\venv\Lib\site-packages\langchain_core\utils\json.py", line 163, in parse_json_markdown
    return _parse_json(json_str, parser=parser)
           ^^^^^^^^^^^^^^^^^^^^^^^^^^^^^^^^^^^^
  File "D:\work\training\capstone\venv\Lib\site-packages\langchain_core\utils\json.py", line 191, in _parse_json
    return parser(json_str)
           ^^^^^^^^^^^^^^^^
  File "D:\work\training\capstone\venv\Lib\site-packages\langchain_core\utils\json.py", line 136, in parse_partial_json
    return json.loads(s, strict=strict)
           ^^^^^^^^^^^^^^^^^^^^^^^^^^^^
  File "C:\Users\lokes\AppData\Local\Programs\Python\Python311\Lib\json\__init__.py", line 359, in loads
    return cls(**kw).decode(s)
           ^^^^^^^^^^^^^^^^^^^
  File "C:\Users\lokes\AppData\Local\Programs\Python\Python311\Lib\json\decoder.py", line 337, in decode
    obj, end = self.raw_decode(s, idx=_w(s, 0).end())
               ^^^^^^^^^^^^^^^^^^^^^^^^^^^^^^^^^^^^^^
  File "C:\Users\lokes\AppData\Local\Programs\Python\Python311\Lib\json\decoder.py", line 355, in raw_decode
    raise JSONDecodeError("Expecting value", s, err.value) from None
json.decoder.JSONDecodeError: Expecting value: line 1 column 1 (char 0)

The above exception was the direct cause of the following exception:

Traceback (most recent call last):
  File "D:\work\training\capstone\agents\question_strategist.py", line 158, in question_strategist_node
    response = chain.invoke(inputs)
               ^^^^^^^^^^^^^^^^^^^^
  File "D:\work\training\capstone\venv\Lib\site-packages\langchain_core\runnables\base.py", line 3157, in invoke
    input_ = context.run(step.invoke, input_, config)
             ^^^^^^^^^^^^^^^^^^^^^^^^^^^^^^^^^^^^^^^^
  File "D:\work\training\capstone\venv\Lib\site-packages\langchain_core\output_parsers\base.py", line 207, in invoke
    return self._call_with_config(
           ^^^^^^^^^^^^^^^^^^^^^^^
  File "D:\work\training\capstone\venv\Lib\site-packages\langchain_core\runnables\base.py", line 2060, in _call_with_config
    context.run(
  File "D:\work\training\capstone\venv\Lib\site-packages\langchain_core\runnables\config.py", line 452, in call_func_with_variable_args
    return func(input, **kwargs)  # type: ignore[call-arg]
           ^^^^^^^^^^^^^^^^^^^^^
  File "D:\work\training\capstone\venv\Lib\site-packages\langchain_core\output_parsers\base.py", line 208, in <lambda>
    lambda inner_input: self.parse_result(
                        ^^^^^^^^^^^^^^^^^^
  File "D:\work\training\capstone\venv\Lib\site-packages\langchain_core\output_parsers\json.py", line 91, in parse_result
    raise OutputParserException(msg, llm_output=text) from e
langchain_core.exceptions.OutputParserException: Invalid json output: safe
For troubleshooting, visit: https://docs.langchain.com/oss/python/langchain/errors/OUTPUT_PARSING_FAILURE 
2026-02-12 18:22:45 | INFO     | agents.difficulty_planner | Planner Agent: creating question plan...
2026-02-12 18:22:45 | ERROR    | agents.difficulty_planner | Planner failed: Invalid json output: safe
For troubleshooting, visit: https://docs.langchain.com/oss/python/langchain/errors/OUTPUT_PARSING_FAILURE 
Traceback (most recent call last):
  File "D:\work\training\capstone\venv\Lib\site-packages\langchain_core\output_parsers\json.py", line 88, in parse_result
    return parse_json_markdown(text)
           ^^^^^^^^^^^^^^^^^^^^^^^^^
  File "D:\work\training\capstone\venv\Lib\site-packages\langchain_core\utils\json.py", line 163, in parse_json_markdown
    return _parse_json(json_str, parser=parser)
           ^^^^^^^^^^^^^^^^^^^^^^^^^^^^^^^^^^^^
  File "D:\work\training\capstone\venv\Lib\site-packages\langchain_core\utils\json.py", line 191, in _parse_json
    return parser(json_str)
           ^^^^^^^^^^^^^^^^
  File "D:\work\training\capstone\venv\Lib\site-packages\langchain_core\utils\json.py", line 136, in parse_partial_json
    return json.loads(s, strict=strict)
           ^^^^^^^^^^^^^^^^^^^^^^^^^^^^
  File "C:\Users\lokes\AppData\Local\Programs\Python\Python311\Lib\json\__init__.py", line 359, in loads
    return cls(**kw).decode(s)
           ^^^^^^^^^^^^^^^^^^^
  File "C:\Users\lokes\AppData\Local\Programs\Python\Python311\Lib\json\decoder.py", line 337, in decode
    obj, end = self.raw_decode(s, idx=_w(s, 0).end())
               ^^^^^^^^^^^^^^^^^^^^^^^^^^^^^^^^^^^^^^
  File "C:\Users\lokes\AppData\Local\Programs\Python\Python311\Lib\json\decoder.py", line 355, in raw_decode
    raise JSONDecodeError("Expecting value", s, err.value) from None
json.decoder.JSONDecodeError: Expecting value: line 1 column 1 (char 0)

The above exception was the direct cause of the following exception:

Traceback (most recent call last):
  File "D:\work\training\capstone\agents\difficulty_planner.py", line 110, in difficulty_planner_node
    response = chain.invoke(inputs)
               ^^^^^^^^^^^^^^^^^^^^
  File "D:\work\training\capstone\venv\Lib\site-packages\langchain_core\runnables\base.py", line 3157, in invoke
    input_ = context.run(step.invoke, input_, config)
             ^^^^^^^^^^^^^^^^^^^^^^^^^^^^^^^^^^^^^^^^
  File "D:\work\training\capstone\venv\Lib\site-packages\langchain_core\output_parsers\base.py", line 207, in invoke
    return self._call_with_config(
           ^^^^^^^^^^^^^^^^^^^^^^^
  File "D:\work\training\capstone\venv\Lib\site-packages\langchain_core\runnables\base.py", line 2060, in _call_with_config
    context.run(
  File "D:\work\training\capstone\venv\Lib\site-packages\langchain_core\runnables\config.py", line 452, in call_func_with_variable_args
    return func(input, **kwargs)  # type: ignore[call-arg]
           ^^^^^^^^^^^^^^^^^^^^^
  File "D:\work\training\capstone\venv\Lib\site-packages\langchain_core\output_parsers\base.py", line 208, in <lambda>
    lambda inner_input: self.parse_result(
                        ^^^^^^^^^^^^^^^^^^
  File "D:\work\training\capstone\venv\Lib\site-packages\langchain_core\output_parsers\json.py", line 91, in parse_result
    raise OutputParserException(msg, llm_output=text) from e
langchain_core.exceptions.OutputParserException: Invalid json output: safe
For troubleshooting, visit: https://docs.langchain.com/oss/python/langchain/errors/OUTPUT_PARSING_FAILURE 
2026-02-12 18:22:45 | INFO     | agents.question_generator | Generator Agent: creating/refining questions...
2026-02-12 18:22:46 | ERROR    | agents.question_generator | Generator failed: Invalid json output: safe
For troubleshooting, visit: https://docs.langchain.com/oss/python/langchain/errors/OUTPUT_PARSING_FAILURE 
Traceback (most recent call last):
  File "D:\work\training\capstone\venv\Lib\site-packages\langchain_core\output_parsers\json.py", line 88, in parse_result
    return parse_json_markdown(text)
           ^^^^^^^^^^^^^^^^^^^^^^^^^
  File "D:\work\training\capstone\venv\Lib\site-packages\langchain_core\utils\json.py", line 163, in parse_json_markdown
    return _parse_json(json_str, parser=parser)
           ^^^^^^^^^^^^^^^^^^^^^^^^^^^^^^^^^^^^
  File "D:\work\training\capstone\venv\Lib\site-packages\langchain_core\utils\json.py", line 191, in _parse_json
    return parser(json_str)
           ^^^^^^^^^^^^^^^^
  File "D:\work\training\capstone\venv\Lib\site-packages\langchain_core\utils\json.py", line 136, in parse_partial_json
    return json.loads(s, strict=strict)
           ^^^^^^^^^^^^^^^^^^^^^^^^^^^^
  File "C:\Users\lokes\AppData\Local\Programs\Python\Python311\Lib\json\__init__.py", line 359, in loads
    return cls(**kw).decode(s)
           ^^^^^^^^^^^^^^^^^^^
  File "C:\Users\lokes\AppData\Local\Programs\Python\Python311\Lib\json\decoder.py", line 337, in decode
    obj, end = self.raw_decode(s, idx=_w(s, 0).end())
               ^^^^^^^^^^^^^^^^^^^^^^^^^^^^^^^^^^^^^^
  File "C:\Users\lokes\AppData\Local\Programs\Python\Python311\Lib\json\decoder.py", line 355, in raw_decode
    raise JSONDecodeError("Expecting value", s, err.value) from None
json.decoder.JSONDecodeError: Expecting value: line 1 column 1 (char 0)

The above exception was the direct cause of the following exception:

Traceback (most recent call last):
  File "D:\work\training\capstone\agents\question_generator.py", line 169, in question_generator_node
    response = chain.invoke(inputs)
               ^^^^^^^^^^^^^^^^^^^^
  File "D:\work\training\capstone\venv\Lib\site-packages\langchain_core\runnables\base.py", line 3157, in invoke
    input_ = context.run(step.invoke, input_, config)
             ^^^^^^^^^^^^^^^^^^^^^^^^^^^^^^^^^^^^^^^^
  File "D:\work\training\capstone\venv\Lib\site-packages\langchain_core\output_parsers\base.py", line 207, in invoke
    return self._call_with_config(
           ^^^^^^^^^^^^^^^^^^^^^^^
  File "D:\work\training\capstone\venv\Lib\site-packages\langchain_core\runnables\base.py", line 2060, in _call_with_config
    context.run(
  File "D:\work\training\capstone\venv\Lib\site-packages\langchain_core\runnables\config.py", line 452, in call_func_with_variable_args
    return func(input, **kwargs)  # type: ignore[call-arg]
           ^^^^^^^^^^^^^^^^^^^^^
  File "D:\work\training\capstone\venv\Lib\site-packages\langchain_core\output_parsers\base.py", line 208, in <lambda>
    lambda inner_input: self.parse_result(
                        ^^^^^^^^^^^^^^^^^^
  File "D:\work\training\capstone\venv\Lib\site-packages\langchain_core\output_parsers\json.py", line 91, in parse_result
    raise OutputParserException(msg, llm_output=text) from e
langchain_core.exceptions.OutputParserException: Invalid json output: safe
For troubleshooting, visit: https://docs.langchain.com/oss/python/langchain/errors/OUTPUT_PARSING_FAILURE 
2026-02-12 18:22:46 | INFO     | agents.validator | Validator Agent: validating questions...
2026-02-12 18:22:46 | ERROR    | agents.coach | Coach failed: Invalid json output: safe
For troubleshooting, visit: https://docs.langchain.com/oss/python/langchain/errors/OUTPUT_PARSING_FAILURE 
Traceback (most recent call last):
  File "D:\work\training\capstone\venv\Lib\site-packages\langchain_core\output_parsers\json.py", line 88, in parse_result
    return parse_json_markdown(text)
           ^^^^^^^^^^^^^^^^^^^^^^^^^
  File "D:\work\training\capstone\venv\Lib\site-packages\langchain_core\utils\json.py", line 163, in parse_json_markdown
    return _parse_json(json_str, parser=parser)
           ^^^^^^^^^^^^^^^^^^^^^^^^^^^^^^^^^^^^
  File "D:\work\training\capstone\venv\Lib\site-packages\langchain_core\utils\json.py", line 191, in _parse_json
    return parser(json_str)
           ^^^^^^^^^^^^^^^^
  File "D:\work\training\capstone\venv\Lib\site-packages\langchain_core\utils\json.py", line 136, in parse_partial_json
    return json.loads(s, strict=strict)
           ^^^^^^^^^^^^^^^^^^^^^^^^^^^^
  File "C:\Users\lokes\AppData\Local\Programs\Python\Python311\Lib\json\__init__.py", line 359, in loads
    return cls(**kw).decode(s)
           ^^^^^^^^^^^^^^^^^^^
  File "C:\Users\lokes\AppData\Local\Programs\Python\Python311\Lib\json\decoder.py", line 337, in decode
    obj, end = self.raw_decode(s, idx=_w(s, 0).end())
               ^^^^^^^^^^^^^^^^^^^^^^^^^^^^^^^^^^^^^^
  File "C:\Users\lokes\AppData\Local\Programs\Python\Python311\Lib\json\decoder.py", line 355, in raw_decode
    raise JSONDecodeError("Expecting value", s, err.value) from None
json.decoder.JSONDecodeError: Expecting value: line 1 column 1 (char 0)

The above exception was the direct cause of the following exception:

Traceback (most recent call last):
  File "D:\work\training\capstone\agents\coach.py", line 109, in coach_node
    response = chain.invoke(inputs)
               ^^^^^^^^^^^^^^^^^^^^
  File "D:\work\training\capstone\venv\Lib\site-packages\langchain_core\runnables\base.py", line 3157, in invoke
    input_ = context.run(step.invoke, input_, config)
             ^^^^^^^^^^^^^^^^^^^^^^^^^^^^^^^^^^^^^^^^
  File "D:\work\training\capstone\venv\Lib\site-packages\langchain_core\output_parsers\base.py", line 207, in invoke
    return self._call_with_config(
           ^^^^^^^^^^^^^^^^^^^^^^^
  File "D:\work\training\capstone\venv\Lib\site-packages\langchain_core\runnables\base.py", line 2060, in _call_with_config
    context.run(
  File "D:\work\training\capstone\venv\Lib\site-packages\langchain_core\runnables\config.py", line 452, in call_func_with_variable_args
    return func(input, **kwargs)  # type: ignore[call-arg]
           ^^^^^^^^^^^^^^^^^^^^^
  File "D:\work\training\capstone\venv\Lib\site-packages\langchain_core\output_parsers\base.py", line 208, in <lambda>
    lambda inner_input: self.parse_result(
                        ^^^^^^^^^^^^^^^^^^
  File "D:\work\training\capstone\venv\Lib\site-packages\langchain_core\output_parsers\json.py", line 91, in parse_result
    raise OutputParserException(msg, llm_output=text) from e
langchain_core.exceptions.OutputParserException: Invalid json output: safe
For troubleshooting, visit: https://docs.langchain.com/oss/python/langchain/errors/OUTPUT_PARSING_FAILURE 
2026-02-12 18:23:45 | INFO     | parsers.resume_parser | Parsed 7 sections: ['header', 'experience', 'projects', 'education', 'skills', 'certifications', 'achievements']
2026-02-12 18:23:45 | INFO     | agents.question_strategist | Strategist Agent: formulating strategy...
2026-02-12 18:23:45 | INFO     | utils.llm | Initializing Groq LLM: meta-llama/llama-guard-4-12b
2026-02-12 18:23:46 | ERROR    | agents.question_strategist | Strategist failed: Invalid json output: safe
For troubleshooting, visit: https://docs.langchain.com/oss/python/langchain/errors/OUTPUT_PARSING_FAILURE 
Traceback (most recent call last):
  File "D:\work\training\capstone\venv\Lib\site-packages\langchain_core\output_parsers\json.py", line 88, in parse_result
    return parse_json_markdown(text)
           ^^^^^^^^^^^^^^^^^^^^^^^^^
  File "D:\work\training\capstone\venv\Lib\site-packages\langchain_core\utils\json.py", line 163, in parse_json_markdown
    return _parse_json(json_str, parser=parser)
           ^^^^^^^^^^^^^^^^^^^^^^^^^^^^^^^^^^^^
  File "D:\work\training\capstone\venv\Lib\site-packages\langchain_core\utils\json.py", line 191, in _parse_json
    return parser(json_str)
           ^^^^^^^^^^^^^^^^
  File "D:\work\training\capstone\venv\Lib\site-packages\langchain_core\utils\json.py", line 136, in parse_partial_json
    return json.loads(s, strict=strict)
           ^^^^^^^^^^^^^^^^^^^^^^^^^^^^
  File "C:\Users\lokes\AppData\Local\Programs\Python\Python311\Lib\json\__init__.py", line 359, in loads
    return cls(**kw).decode(s)
           ^^^^^^^^^^^^^^^^^^^
  File "C:\Users\lokes\AppData\Local\Programs\Python\Python311\Lib\json\decoder.py", line 337, in decode
    obj, end = self.raw_decode(s, idx=_w(s, 0).end())
               ^^^^^^^^^^^^^^^^^^^^^^^^^^^^^^^^^^^^^^
  File "C:\Users\lokes\AppData\Local\Programs\Python\Python311\Lib\json\decoder.py", line 355, in raw_decode
    raise JSONDecodeError("Expecting value", s, err.value) from None
json.decoder.JSONDecodeError: Expecting value: line 1 column 1 (char 0)

The above exception was the direct cause of the following exception:

Traceback (most recent call last):
  File "D:\work\training\capstone\agents\question_strategist.py", line 158, in question_strategist_node
    response = chain.invoke(inputs)
               ^^^^^^^^^^^^^^^^^^^^
  File "D:\work\training\capstone\venv\Lib\site-packages\langchain_core\runnables\base.py", line 3157, in invoke
    input_ = context.run(step.invoke, input_, config)
             ^^^^^^^^^^^^^^^^^^^^^^^^^^^^^^^^^^^^^^^^
  File "D:\work\training\capstone\venv\Lib\site-packages\langchain_core\output_parsers\base.py", line 207, in invoke
    return self._call_with_config(
           ^^^^^^^^^^^^^^^^^^^^^^^
  File "D:\work\training\capstone\venv\Lib\site-packages\langchain_core\runnables\base.py", line 2060, in _call_with_config
    context.run(
  File "D:\work\training\capstone\venv\Lib\site-packages\langchain_core\runnables\config.py", line 452, in call_func_with_variable_args
    return func(input, **kwargs)  # type: ignore[call-arg]
           ^^^^^^^^^^^^^^^^^^^^^
  File "D:\work\training\capstone\venv\Lib\site-packages\langchain_core\output_parsers\base.py", line 208, in <lambda>
    lambda inner_input: self.parse_result(
                        ^^^^^^^^^^^^^^^^^^
  File "D:\work\training\capstone\venv\Lib\site-packages\langchain_core\output_parsers\json.py", line 91, in parse_result
    raise OutputParserException(msg, llm_output=text) from e
langchain_core.exceptions.OutputParserException: Invalid json output: safe
For troubleshooting, visit: https://docs.langchain.com/oss/python/langchain/errors/OUTPUT_PARSING_FAILURE 
2026-02-12 18:23:46 | INFO     | agents.difficulty_planner | Planner Agent: creating question plan...
2026-02-12 18:23:47 | ERROR    | agents.difficulty_planner | Planner failed: Invalid json output: safe
For troubleshooting, visit: https://docs.langchain.com/oss/python/langchain/errors/OUTPUT_PARSING_FAILURE 
Traceback (most recent call last):
  File "D:\work\training\capstone\venv\Lib\site-packages\langchain_core\output_parsers\json.py", line 88, in parse_result
    return parse_json_markdown(text)
           ^^^^^^^^^^^^^^^^^^^^^^^^^
  File "D:\work\training\capstone\venv\Lib\site-packages\langchain_core\utils\json.py", line 163, in parse_json_markdown
    return _parse_json(json_str, parser=parser)
           ^^^^^^^^^^^^^^^^^^^^^^^^^^^^^^^^^^^^
  File "D:\work\training\capstone\venv\Lib\site-packages\langchain_core\utils\json.py", line 191, in _parse_json
    return parser(json_str)
           ^^^^^^^^^^^^^^^^
  File "D:\work\training\capstone\venv\Lib\site-packages\langchain_core\utils\json.py", line 136, in parse_partial_json
    return json.loads(s, strict=strict)
           ^^^^^^^^^^^^^^^^^^^^^^^^^^^^
  File "C:\Users\lokes\AppData\Local\Programs\Python\Python311\Lib\json\__init__.py", line 359, in loads
    return cls(**kw).decode(s)
           ^^^^^^^^^^^^^^^^^^^
  File "C:\Users\lokes\AppData\Local\Programs\Python\Python311\Lib\json\decoder.py", line 337, in decode
    obj, end = self.raw_decode(s, idx=_w(s, 0).end())
               ^^^^^^^^^^^^^^^^^^^^^^^^^^^^^^^^^^^^^^
  File "C:\Users\lokes\AppData\Local\Programs\Python\Python311\Lib\json\decoder.py", line 355, in raw_decode
    raise JSONDecodeError("Expecting value", s, err.value) from None
json.decoder.JSONDecodeError: Expecting value: line 1 column 1 (char 0)

The above exception was the direct cause of the following exception:

Traceback (most recent call last):
  File "D:\work\training\capstone\agents\difficulty_planner.py", line 110, in difficulty_planner_node
    response = chain.invoke(inputs)
               ^^^^^^^^^^^^^^^^^^^^
  File "D:\work\training\capstone\venv\Lib\site-packages\langchain_core\runnables\base.py", line 3157, in invoke
    input_ = context.run(step.invoke, input_, config)
             ^^^^^^^^^^^^^^^^^^^^^^^^^^^^^^^^^^^^^^^^
  File "D:\work\training\capstone\venv\Lib\site-packages\langchain_core\output_parsers\base.py", line 207, in invoke
    return self._call_with_config(
           ^^^^^^^^^^^^^^^^^^^^^^^
  File "D:\work\training\capstone\venv\Lib\site-packages\langchain_core\runnables\base.py", line 2060, in _call_with_config
    context.run(
  File "D:\work\training\capstone\venv\Lib\site-packages\langchain_core\runnables\config.py", line 452, in call_func_with_variable_args
    return func(input, **kwargs)  # type: ignore[call-arg]
           ^^^^^^^^^^^^^^^^^^^^^
  File "D:\work\training\capstone\venv\Lib\site-packages\langchain_core\output_parsers\base.py", line 208, in <lambda>
    lambda inner_input: self.parse_result(
                        ^^^^^^^^^^^^^^^^^^
  File "D:\work\training\capstone\venv\Lib\site-packages\langchain_core\output_parsers\json.py", line 91, in parse_result
    raise OutputParserException(msg, llm_output=text) from e
langchain_core.exceptions.OutputParserException: Invalid json output: safe
For troubleshooting, visit: https://docs.langchain.com/oss/python/langchain/errors/OUTPUT_PARSING_FAILURE 
2026-02-12 18:23:47 | INFO     | agents.question_generator | Generator Agent: creating/refining questions...
2026-02-12 18:23:47 | ERROR    | agents.question_generator | Generator failed: Invalid json output: safe
For troubleshooting, visit: https://docs.langchain.com/oss/python/langchain/errors/OUTPUT_PARSING_FAILURE 
Traceback (most recent call last):
  File "D:\work\training\capstone\venv\Lib\site-packages\langchain_core\output_parsers\json.py", line 88, in parse_result
    return parse_json_markdown(text)
           ^^^^^^^^^^^^^^^^^^^^^^^^^
  File "D:\work\training\capstone\venv\Lib\site-packages\langchain_core\utils\json.py", line 163, in parse_json_markdown
    return _parse_json(json_str, parser=parser)
           ^^^^^^^^^^^^^^^^^^^^^^^^^^^^^^^^^^^^
  File "D:\work\training\capstone\venv\Lib\site-packages\langchain_core\utils\json.py", line 191, in _parse_json
    return parser(json_str)
           ^^^^^^^^^^^^^^^^
  File "D:\work\training\capstone\venv\Lib\site-packages\langchain_core\utils\json.py", line 136, in parse_partial_json
    return json.loads(s, strict=strict)
           ^^^^^^^^^^^^^^^^^^^^^^^^^^^^
  File "C:\Users\lokes\AppData\Local\Programs\Python\Python311\Lib\json\__init__.py", line 359, in loads
    return cls(**kw).decode(s)
           ^^^^^^^^^^^^^^^^^^^
  File "C:\Users\lokes\AppData\Local\Programs\Python\Python311\Lib\json\decoder.py", line 337, in decode
    obj, end = self.raw_decode(s, idx=_w(s, 0).end())
               ^^^^^^^^^^^^^^^^^^^^^^^^^^^^^^^^^^^^^^
  File "C:\Users\lokes\AppData\Local\Programs\Python\Python311\Lib\json\decoder.py", line 355, in raw_decode
    raise JSONDecodeError("Expecting value", s, err.value) from None
json.decoder.JSONDecodeError: Expecting value: line 1 column 1 (char 0)

The above exception was the direct cause of the following exception:

Traceback (most recent call last):
  File "D:\work\training\capstone\agents\question_generator.py", line 169, in question_generator_node
    response = chain.invoke(inputs)
               ^^^^^^^^^^^^^^^^^^^^
  File "D:\work\training\capstone\venv\Lib\site-packages\langchain_core\runnables\base.py", line 3157, in invoke
    input_ = context.run(step.invoke, input_, config)
             ^^^^^^^^^^^^^^^^^^^^^^^^^^^^^^^^^^^^^^^^
  File "D:\work\training\capstone\venv\Lib\site-packages\langchain_core\output_parsers\base.py", line 207, in invoke
    return self._call_with_config(
           ^^^^^^^^^^^^^^^^^^^^^^^
  File "D:\work\training\capstone\venv\Lib\site-packages\langchain_core\runnables\base.py", line 2060, in _call_with_config
    context.run(
  File "D:\work\training\capstone\venv\Lib\site-packages\langchain_core\runnables\config.py", line 452, in call_func_with_variable_args
    return func(input, **kwargs)  # type: ignore[call-arg]
           ^^^^^^^^^^^^^^^^^^^^^
  File "D:\work\training\capstone\venv\Lib\site-packages\langchain_core\output_parsers\base.py", line 208, in <lambda>
    lambda inner_input: self.parse_result(
                        ^^^^^^^^^^^^^^^^^^
  File "D:\work\training\capstone\venv\Lib\site-packages\langchain_core\output_parsers\json.py", line 91, in parse_result
    raise OutputParserException(msg, llm_output=text) from e
langchain_core.exceptions.OutputParserException: Invalid json output: safe
For troubleshooting, visit: https://docs.langchain.com/oss/python/langchain/errors/OUTPUT_PARSING_FAILURE 
2026-02-12 18:23:47 | INFO     | agents.validator | Validator Agent: validating questions...
2026-02-12 18:23:48 | ERROR    | agents.coach | Coach failed: Invalid json output: safe
For troubleshooting, visit: https://docs.langchain.com/oss/python/langchain/errors/OUTPUT_PARSING_FAILURE 
Traceback (most recent call last):
  File "D:\work\training\capstone\venv\Lib\site-packages\langchain_core\output_parsers\json.py", line 88, in parse_result
    return parse_json_markdown(text)
           ^^^^^^^^^^^^^^^^^^^^^^^^^
  File "D:\work\training\capstone\venv\Lib\site-packages\langchain_core\utils\json.py", line 163, in parse_json_markdown
    return _parse_json(json_str, parser=parser)
           ^^^^^^^^^^^^^^^^^^^^^^^^^^^^^^^^^^^^
  File "D:\work\training\capstone\venv\Lib\site-packages\langchain_core\utils\json.py", line 191, in _parse_json
    return parser(json_str)
           ^^^^^^^^^^^^^^^^
  File "D:\work\training\capstone\venv\Lib\site-packages\langchain_core\utils\json.py", line 136, in parse_partial_json
    return json.loads(s, strict=strict)
           ^^^^^^^^^^^^^^^^^^^^^^^^^^^^
  File "C:\Users\lokes\AppData\Local\Programs\Python\Python311\Lib\json\__init__.py", line 359, in loads
    return cls(**kw).decode(s)
           ^^^^^^^^^^^^^^^^^^^
  File "C:\Users\lokes\AppData\Local\Programs\Python\Python311\Lib\json\decoder.py", line 337, in decode
    obj, end = self.raw_decode(s, idx=_w(s, 0).end())
               ^^^^^^^^^^^^^^^^^^^^^^^^^^^^^^^^^^^^^^
  File "C:\Users\lokes\AppData\Local\Programs\Python\Python311\Lib\json\decoder.py", line 355, in raw_decode
    raise JSONDecodeError("Expecting value", s, err.value) from None
json.decoder.JSONDecodeError: Expecting value: line 1 column 1 (char 0)

The above exception was the direct cause of the following exception:

Traceback (most recent call last):
  File "D:\work\training\capstone\agents\coach.py", line 109, in coach_node
    response = chain.invoke(inputs)
               ^^^^^^^^^^^^^^^^^^^^
  File "D:\work\training\capstone\venv\Lib\site-packages\langchain_core\runnables\base.py", line 3157, in invoke
    input_ = context.run(step.invoke, input_, config)
             ^^^^^^^^^^^^^^^^^^^^^^^^^^^^^^^^^^^^^^^^
  File "D:\work\training\capstone\venv\Lib\site-packages\langchain_core\output_parsers\base.py", line 207, in invoke
    return self._call_with_config(
           ^^^^^^^^^^^^^^^^^^^^^^^
  File "D:\work\training\capstone\venv\Lib\site-packages\langchain_core\runnables\base.py", line 2060, in _call_with_config
    context.run(
  File "D:\work\training\capstone\venv\Lib\site-packages\langchain_core\runnables\config.py", line 452, in call_func_with_variable_args
    return func(input, **kwargs)  # type: ignore[call-arg]
           ^^^^^^^^^^^^^^^^^^^^^
  File "D:\work\training\capstone\venv\Lib\site-packages\langchain_core\output_parsers\base.py", line 208, in <lambda>
    lambda inner_input: self.parse_result(
                        ^^^^^^^^^^^^^^^^^^
  File "D:\work\training\capstone\venv\Lib\site-packages\langchain_core\output_parsers\json.py", line 91, in parse_result
    raise OutputParserException(msg, llm_output=text) from e
langchain_core.exceptions.OutputParserException: Invalid json output: safe
For troubleshooting, visit: https://docs.langchain.com/oss/python/langchain/errors/OUTPUT_PARSING_FAILURE 
2026-02-12 18:29:20 | INFO     | parsers.resume_parser | Parsed 7 sections: ['header', 'experience', 'projects', 'education', 'skills', 'certifications', 'achievements']
2026-02-12 18:29:20 | INFO     | agents.question_strategist | Strategist Agent: formulating strategy...
2026-02-12 18:29:20 | INFO     | utils.llm | Initializing Groq LLM: groq/compound
2026-02-12 18:29:25 | INFO     | agents.difficulty_planner | Planner Agent: creating question plan...
2026-02-12 18:29:31 | INFO     | agents.difficulty_planner | Plan created with 3 steps.
2026-02-12 18:29:31 | INFO     | agents.question_generator | Generator Agent: creating/refining questions...
2026-02-12 18:29:56 | INFO     | agents.question_generator | Generated 18 questions.
2026-02-12 18:29:56 | INFO     | agents.validator | Validator Agent: validating questions...
2026-02-12 18:30:11 | ERROR    | agents.validator | Validator failed: Error code: 429 - {'error': {'message': 'Rate limit reached for model `openai/gpt-oss-120b` in organization `org_01kghh8v7nf56azfbdp4faj0qr` service tier `on_demand` on tokens per minute (TPM): Limit 8000, Used 5843, Requested 2866. Please try again in 5.3175s. Need more tokens? Upgrade to Dev Tier today at https://console.groq.com/settings/billing', 'type': 'compound', 'code': 'rate_limit_exceeded'}}
Traceback (most recent call last):
  File "D:\work\training\capstone\agents\validator.py", line 73, in validator_node
    response = chain.invoke(inputs)
               ^^^^^^^^^^^^^^^^^^^^
  File "D:\work\training\capstone\venv\Lib\site-packages\langchain_core\runnables\base.py", line 3157, in invoke
    input_ = context.run(step.invoke, input_, config)
             ^^^^^^^^^^^^^^^^^^^^^^^^^^^^^^^^^^^^^^^^
  File "D:\work\training\capstone\venv\Lib\site-packages\langchain_core\language_models\chat_models.py", line 402, in invoke
    self.generate_prompt(
  File "D:\work\training\capstone\venv\Lib\site-packages\langchain_core\language_models\chat_models.py", line 1121, in generate_prompt
    return self.generate(prompt_messages, stop=stop, callbacks=callbacks, **kwargs)
           ^^^^^^^^^^^^^^^^^^^^^^^^^^^^^^^^^^^^^^^^^^^^^^^^^^^^^^^^^^^^^^^^^^^^^^^^
  File "D:\work\training\capstone\venv\Lib\site-packages\langchain_core\language_models\chat_models.py", line 931, in generate
    self._generate_with_cache(
  File "D:\work\training\capstone\venv\Lib\site-packages\langchain_core\language_models\chat_models.py", line 1233, in _generate_with_cache
    result = self._generate(
             ^^^^^^^^^^^^^^^
  File "D:\work\training\capstone\venv\Lib\site-packages\langchain_groq\chat_models.py", line 621, in _generate
    response = self.client.create(messages=message_dicts, **params)
               ^^^^^^^^^^^^^^^^^^^^^^^^^^^^^^^^^^^^^^^^^^^^^^^^^^^^
  File "D:\work\training\capstone\venv\Lib\site-packages\groq\resources\chat\completions.py", line 461, in create
    return self._post(
           ^^^^^^^^^^^
  File "D:\work\training\capstone\venv\Lib\site-packages\groq\_base_client.py", line 1242, in post
    return cast(ResponseT, self.request(cast_to, opts, stream=stream, stream_cls=stream_cls))
                           ^^^^^^^^^^^^^^^^^^^^^^^^^^^^^^^^^^^^^^^^^^^^^^^^^^^^^^^^^^^^^^^^^
  File "D:\work\training\capstone\venv\Lib\site-packages\groq\_base_client.py", line 1044, in request
    raise self._make_status_error_from_response(err.response) from None
groq.RateLimitError: Error code: 429 - {'error': {'message': 'Rate limit reached for model `openai/gpt-oss-120b` in organization `org_01kghh8v7nf56azfbdp4faj0qr` service tier `on_demand` on tokens per minute (TPM): Limit 8000, Used 5843, Requested 2866. Please try again in 5.3175s. Need more tokens? Upgrade to Dev Tier today at https://console.groq.com/settings/billing', 'type': 'compound', 'code': 'rate_limit_exceeded'}}
2026-02-12 18:30:16 | INFO     | agents.coach | TavilySearchResults tool initialized.
2026-02-12 18:30:29 | INFO     | agents.coach | Generated 3 coaching insights.
2026-02-12 18:33:40 | INFO     | parsers.resume_parser | Extracted 2718 characters from PDF
2026-02-12 18:33:42 | INFO     | parsers.resume_parser | Parsed 6 sections: ['header', 'education', 'experience', 'projects', 'skills', 'certifications']
2026-02-12 18:33:42 | INFO     | agents.question_strategist | Strategist Agent: formulating strategy...
2026-02-12 18:33:42 | INFO     | utils.llm | Initializing Groq LLM: allam-2-7b
2026-02-12 18:33:44 | ERROR    | agents.question_strategist | Strategist failed: 'NoneType' object has no attribute 'get'
Traceback (most recent call last):
  File "D:\work\training\capstone\agents\question_strategist.py", line 170, in question_strategist_node
    strategy_text = response.get("interview_strategy", "Standard Interview")
                    ^^^^^^^^^^^^
AttributeError: 'NoneType' object has no attribute 'get'
2026-02-12 18:33:44 | INFO     | agents.difficulty_planner | Planner Agent: creating question plan...
2026-02-12 18:33:44 | INFO     | agents.difficulty_planner | Plan created with 3 steps.
2026-02-12 18:33:44 | INFO     | agents.question_generator | Generator Agent: creating/refining questions...
2026-02-12 18:33:46 | ERROR    | agents.question_generator | Generator failed: 'NoneType' object has no attribute 'get'
Traceback (most recent call last):
  File "D:\work\training\capstone\agents\question_generator.py", line 181, in question_generator_node
    raw_questions = response.get("questions", [])
                    ^^^^^^^^^^^^
AttributeError: 'NoneType' object has no attribute 'get'
2026-02-12 18:33:46 | INFO     | agents.validator | Validator Agent: validating questions...
2026-02-12 18:33:46 | INFO     | agents.coach | TavilySearchResults tool initialized.
2026-02-12 18:33:59 | INFO     | agents.coach | Generated 3 coaching insights.
2026-02-12 18:37:09 | INFO     | parsers.resume_parser | Extracted 2718 characters from PDF
2026-02-12 18:37:11 | INFO     | parsers.resume_parser | Parsed 6 sections: ['header', 'education', 'experience', 'projects', 'skills', 'certifications']
2026-02-12 18:37:11 | INFO     | agents.question_strategist | Strategist Agent: formulating strategy...
2026-02-12 18:37:11 | INFO     | utils.llm | Initializing Groq LLM: llama-3.3-70b-versatile
2026-02-12 18:37:13 | INFO     | agents.question_strategist | Strategy formulated: As a Junior ML Engineer Intern, the focus will be on fundamentals, coding, and claim verification, addressing self-declared weaknesses and resume vulnerabilities.
2026-02-12 18:37:13 | INFO     | agents.difficulty_planner | Planner Agent: creating question plan...
2026-02-12 18:37:15 | INFO     | agents.difficulty_planner | Plan created with 7 steps.
2026-02-12 18:37:15 | INFO     | agents.question_generator | Generator Agent: creating/refining questions...
2026-02-12 18:37:15 | ERROR    | agents.question_generator | Generator failed: Error code: 429 - {'error': {'message': 'Rate limit reached for model `llama-3.3-70b-versatile` in organization `org_01kghh8v7nf56azfbdp4faj0qr` service tier `on_demand` on tokens per day (TPD): Limit 100000, Used 99529, Requested 664. Please try again in 2m46.752s. Need more tokens? Upgrade to Dev Tier today at https://console.groq.com/settings/billing', 'type': 'tokens', 'code': 'rate_limit_exceeded'}}
Traceback (most recent call last):
  File "D:\work\training\capstone\agents\question_generator.py", line 172, in question_generator_node
    response = chain.invoke(inputs)
               ^^^^^^^^^^^^^^^^^^^^
  File "D:\work\training\capstone\venv\Lib\site-packages\langchain_core\runnables\base.py", line 3157, in invoke
    input_ = context.run(step.invoke, input_, config)
             ^^^^^^^^^^^^^^^^^^^^^^^^^^^^^^^^^^^^^^^^
  File "D:\work\training\capstone\venv\Lib\site-packages\langchain_core\language_models\chat_models.py", line 402, in invoke
    self.generate_prompt(
  File "D:\work\training\capstone\venv\Lib\site-packages\langchain_core\language_models\chat_models.py", line 1121, in generate_prompt
    return self.generate(prompt_messages, stop=stop, callbacks=callbacks, **kwargs)
           ^^^^^^^^^^^^^^^^^^^^^^^^^^^^^^^^^^^^^^^^^^^^^^^^^^^^^^^^^^^^^^^^^^^^^^^^
  File "D:\work\training\capstone\venv\Lib\site-packages\langchain_core\language_models\chat_models.py", line 931, in generate
    self._generate_with_cache(
  File "D:\work\training\capstone\venv\Lib\site-packages\langchain_core\language_models\chat_models.py", line 1233, in _generate_with_cache
    result = self._generate(
             ^^^^^^^^^^^^^^^
  File "D:\work\training\capstone\venv\Lib\site-packages\langchain_groq\chat_models.py", line 621, in _generate
    response = self.client.create(messages=message_dicts, **params)
               ^^^^^^^^^^^^^^^^^^^^^^^^^^^^^^^^^^^^^^^^^^^^^^^^^^^^
  File "D:\work\training\capstone\venv\Lib\site-packages\groq\resources\chat\completions.py", line 461, in create
    return self._post(
           ^^^^^^^^^^^
  File "D:\work\training\capstone\venv\Lib\site-packages\groq\_base_client.py", line 1242, in post
    return cast(ResponseT, self.request(cast_to, opts, stream=stream, stream_cls=stream_cls))
                           ^^^^^^^^^^^^^^^^^^^^^^^^^^^^^^^^^^^^^^^^^^^^^^^^^^^^^^^^^^^^^^^^^
  File "D:\work\training\capstone\venv\Lib\site-packages\groq\_base_client.py", line 1044, in request
    raise self._make_status_error_from_response(err.response) from None
groq.RateLimitError: Error code: 429 - {'error': {'message': 'Rate limit reached for model `llama-3.3-70b-versatile` in organization `org_01kghh8v7nf56azfbdp4faj0qr` service tier `on_demand` on tokens per day (TPD): Limit 100000, Used 99529, Requested 664. Please try again in 2m46.752s. Need more tokens? Upgrade to Dev Tier today at https://console.groq.com/settings/billing', 'type': 'tokens', 'code': 'rate_limit_exceeded'}}
2026-02-12 18:37:15 | INFO     | agents.validator | Validator Agent: validating questions...
2026-02-12 18:37:33 | INFO     | agents.coach | TavilySearchResults tool initialized.
2026-02-12 18:37:44 | INFO     | agents.coach | Generated 3 coaching insights.
2026-02-12 18:43:34 | INFO     | parsers.resume_parser | Extracted 2718 characters from PDF
2026-02-12 18:43:36 | INFO     | parsers.resume_parser | Parsed 6 sections: ['header', 'education', 'experience', 'projects', 'skills', 'certifications']
2026-02-12 18:43:36 | INFO     | agents.question_strategist | Strategist Agent: formulating strategy...
2026-02-12 18:43:36 | INFO     | utils.llm | Initializing Groq LLM: llama-3.1-8b-instant
2026-02-12 18:43:39 | INFO     | agents.question_strategist | Strategy formulated: Verify the candidate's claims through a CLAIM VERIFICATION interview, focusing on fundamentals, coding, and addressing self-declared weaknesses and resume vulnerabilities.
2026-02-12 18:43:39 | INFO     | agents.difficulty_planner | Planner Agent: creating question plan...
2026-02-12 18:43:40 | ERROR    | agents.difficulty_planner | Planner failed: 'NoneType' object has no attribute 'get'
Traceback (most recent call last):
  File "D:\work\training\capstone\agents\difficulty_planner.py", line 123, in difficulty_planner_node
    plan = response.get("plan", [])
           ^^^^^^^^^^^^
AttributeError: 'NoneType' object has no attribute 'get'
2026-02-12 18:43:40 | INFO     | agents.question_generator | Generator Agent: creating/refining questions...
2026-02-12 18:43:41 | INFO     | agents.question_generator | Generated 3 questions.
2026-02-12 18:43:41 | INFO     | agents.validator | Validator Agent: validating questions...
2026-02-12 18:43:43 | INFO     | agents.validator | Validator: 1/3 questions passed.
2026-02-12 18:43:43 | INFO     | agents.question_generator | Generator Agent: creating/refining questions...
2026-02-12 18:43:43 | INFO     | agents.question_generator | Refining 2 failed questions...
2026-02-12 18:43:43 | INFO     | agents.validator | Validator Agent: validating questions...
2026-02-12 18:43:44 | INFO     | agents.validator | Validator: 1/3 questions passed.
2026-02-12 18:43:44 | INFO     | agents.question_generator | Generator Agent: creating/refining questions...
2026-02-12 18:43:44 | INFO     | agents.question_generator | Refining 2 failed questions...
2026-02-12 18:43:45 | INFO     | agents.validator | Validator Agent: validating questions...
2026-02-12 18:43:49 | INFO     | agents.validator | Validator: 1/3 questions passed.
2026-02-12 18:43:49 | INFO     | agents.question_generator | Generator Agent: creating/refining questions...
2026-02-12 18:43:49 | INFO     | agents.question_generator | Refining 2 failed questions...
2026-02-12 18:43:53 | ERROR    | agents.question_generator | Refinement failed: Invalid json output: Here are the rewritten questions based on the provided feedback:

{
    "refined_questions": [
        {
            "index": 0,
            "question": "In the 'Real-time Analytics Dashboard' project, how do you handle Node.js and Python dependencies?",
            "difficulty": "Medium",
            "target_claim": "Tech stack verification",
            "reasoning": "This question matters as it tests the ability to resolve conflicts between different tech stacks in a project.",
            "expected_answer_points": [
                "Identifying the conflicting dependencies",
                "Proposing a solution to resolve the conflict"
            ]
        },
        {
            "index": 1,
            "question": "As a lead developer on the 'Real-time Analytics Dashboard' project, how do you manage tech stack conflicts?",
            "difficulty": "Medium",
            "target_claim": "Tech stack verification",
            "reasoning": "This question matters as it tests the ability to take ownership and lead the team in resolving tech stack conflicts.",
            "expected_answer_points": [
                "Analyzing the project requirements",
                "Communicating with the team to find a solution"
            ]
        }
    ]
}
For troubleshooting, visit: https://docs.langchain.com/oss/python/langchain/errors/OUTPUT_PARSING_FAILURE 
Traceback (most recent call last):
  File "D:\work\training\capstone\venv\Lib\site-packages\langchain_core\output_parsers\json.py", line 88, in parse_result
    return parse_json_markdown(text)
           ^^^^^^^^^^^^^^^^^^^^^^^^^
  File "D:\work\training\capstone\venv\Lib\site-packages\langchain_core\utils\json.py", line 163, in parse_json_markdown
    return _parse_json(json_str, parser=parser)
           ^^^^^^^^^^^^^^^^^^^^^^^^^^^^^^^^^^^^
  File "D:\work\training\capstone\venv\Lib\site-packages\langchain_core\utils\json.py", line 191, in _parse_json
    return parser(json_str)
           ^^^^^^^^^^^^^^^^
  File "D:\work\training\capstone\venv\Lib\site-packages\langchain_core\utils\json.py", line 136, in parse_partial_json
    return json.loads(s, strict=strict)
           ^^^^^^^^^^^^^^^^^^^^^^^^^^^^
  File "C:\Users\lokes\AppData\Local\Programs\Python\Python311\Lib\json\__init__.py", line 359, in loads
    return cls(**kw).decode(s)
           ^^^^^^^^^^^^^^^^^^^
  File "C:\Users\lokes\AppData\Local\Programs\Python\Python311\Lib\json\decoder.py", line 337, in decode
    obj, end = self.raw_decode(s, idx=_w(s, 0).end())
               ^^^^^^^^^^^^^^^^^^^^^^^^^^^^^^^^^^^^^^
  File "C:\Users\lokes\AppData\Local\Programs\Python\Python311\Lib\json\decoder.py", line 355, in raw_decode
    raise JSONDecodeError("Expecting value", s, err.value) from None
json.decoder.JSONDecodeError: Expecting value: line 1 column 1 (char 0)

The above exception was the direct cause of the following exception:

Traceback (most recent call last):
  File "D:\work\training\capstone\agents\question_generator.py", line 115, in question_generator_node
    response = chain.invoke(inputs)
               ^^^^^^^^^^^^^^^^^^^^
  File "D:\work\training\capstone\venv\Lib\site-packages\langchain_core\runnables\base.py", line 3157, in invoke
    input_ = context.run(step.invoke, input_, config)
             ^^^^^^^^^^^^^^^^^^^^^^^^^^^^^^^^^^^^^^^^
  File "D:\work\training\capstone\venv\Lib\site-packages\langchain_core\output_parsers\base.py", line 207, in invoke
    return self._call_with_config(
           ^^^^^^^^^^^^^^^^^^^^^^^
  File "D:\work\training\capstone\venv\Lib\site-packages\langchain_core\runnables\base.py", line 2060, in _call_with_config
    context.run(
  File "D:\work\training\capstone\venv\Lib\site-packages\langchain_core\runnables\config.py", line 452, in call_func_with_variable_args
    return func(input, **kwargs)  # type: ignore[call-arg]
           ^^^^^^^^^^^^^^^^^^^^^
  File "D:\work\training\capstone\venv\Lib\site-packages\langchain_core\output_parsers\base.py", line 208, in <lambda>
    lambda inner_input: self.parse_result(
                        ^^^^^^^^^^^^^^^^^^
  File "D:\work\training\capstone\venv\Lib\site-packages\langchain_core\output_parsers\json.py", line 91, in parse_result
    raise OutputParserException(msg, llm_output=text) from e
langchain_core.exceptions.OutputParserException: Invalid json output: Here are the rewritten questions based on the provided feedback:

{
    "refined_questions": [
        {
            "index": 0,
            "question": "In the 'Real-time Analytics Dashboard' project, how do you handle Node.js and Python dependencies?",
            "difficulty": "Medium",
            "target_claim": "Tech stack verification",
            "reasoning": "This question matters as it tests the ability to resolve conflicts between different tech stacks in a project.",
            "expected_answer_points": [
                "Identifying the conflicting dependencies",
                "Proposing a solution to resolve the conflict"
            ]
        },
        {
            "index": 1,
            "question": "As a lead developer on the 'Real-time Analytics Dashboard' project, how do you manage tech stack conflicts?",
            "difficulty": "Medium",
            "target_claim": "Tech stack verification",
            "reasoning": "This question matters as it tests the ability to take ownership and lead the team in resolving tech stack conflicts.",
            "expected_answer_points": [
                "Analyzing the project requirements",
                "Communicating with the team to find a solution"
            ]
        }
    ]
}
For troubleshooting, visit: https://docs.langchain.com/oss/python/langchain/errors/OUTPUT_PARSING_FAILURE 
2026-02-12 18:43:53 | INFO     | agents.validator | Validator Agent: validating questions...
2026-02-12 18:43:59 | INFO     | agents.validator | Validator: 1/3 questions passed.
2026-02-12 18:43:59 | INFO     | agents.question_generator | Generator Agent: creating/refining questions...
2026-02-12 18:43:59 | INFO     | agents.question_generator | Refining 2 failed questions...
2026-02-12 18:44:04 | INFO     | agents.validator | Validator Agent: validating questions...
2026-02-12 18:44:10 | INFO     | agents.validator | Validator: 1/3 questions passed.
2026-02-12 18:44:17 | ERROR    | agents.coach | Coach failed: Invalid json output: Based on the candidate's profile and resume, here are the top 3 most critical areas for improvement:

**Insight 1**
{
    "topic": "Backend Development",
    "why": "The candidate mentioned creating a business backend for topics and pricings using FastAPI, but didn't provide any details about the architecture, scalability, or performance.",
    "advice": "Be ready to explain the design decisions behind the backend, how it handles scalability, and how it integrates with the frontend. Highlight any performance optimizations or caching mechanisms used.",
    "resource_query": "FastAPI performance optimization, backend architecture design, caching in FastAPI"
}

**Insight 2**
{
    "topic": "API and Authentication",
    "why": "The candidate mentioned creating a RESTful API for data quality analysis, but didn't provide any details about authentication or authorization.",
    "advice": "Be ready to explain how the API handles authentication, authorization, and rate limiting. Highlight any security measures implemented to protect the API from potential threats.",
    "resource_query": "API authentication and authorization, FastAPI security, rate limiting"
}

**Insight 3**
{
    "topic": "Data Analysis and Evaluation Metrics",
    "why": "The candidate mentioned analyzing datasets and deriving insights using Python, Pandas, and Scikit-learn, but didn't provide any details about the evaluation metrics used.",
    "advice": "Be ready to explain the evaluation metrics used to measure the performance of the models, how they were chosen, and how they impact the overall performance of the system.",
    "resource_query": "Evaluation metrics for machine learning, Scikit-learn evaluation metrics, overfitting prevention"
}

Additionally, considering the candidate's weaknesses in frontend development and public speaking, it would be beneficial for them to prepare explanations for:

- How they would handle frontend development tasks, even if they're not their strong suit.
- Their approach to public speaking and how they would communicate complex technical ideas to a non-technical audience.

For this, the candidate can prepare by:

- Practicing explaining technical concepts in simple terms.
- Highlighting any experience they have with frontend development, such as working with a team or contributing to open-source projects.
- Being prepared to answer questions about their approach to public speaking, such as how they would handle a difficult question or how they would communicate with a non-technical team member.
For troubleshooting, visit: https://docs.langchain.com/oss/python/langchain/errors/OUTPUT_PARSING_FAILURE 
Traceback (most recent call last):
  File "D:\work\training\capstone\venv\Lib\site-packages\langchain_core\output_parsers\json.py", line 88, in parse_result
    return parse_json_markdown(text)
           ^^^^^^^^^^^^^^^^^^^^^^^^^
  File "D:\work\training\capstone\venv\Lib\site-packages\langchain_core\utils\json.py", line 163, in parse_json_markdown
    return _parse_json(json_str, parser=parser)
           ^^^^^^^^^^^^^^^^^^^^^^^^^^^^^^^^^^^^
  File "D:\work\training\capstone\venv\Lib\site-packages\langchain_core\utils\json.py", line 191, in _parse_json
    return parser(json_str)
           ^^^^^^^^^^^^^^^^
  File "D:\work\training\capstone\venv\Lib\site-packages\langchain_core\utils\json.py", line 136, in parse_partial_json
    return json.loads(s, strict=strict)
           ^^^^^^^^^^^^^^^^^^^^^^^^^^^^
  File "C:\Users\lokes\AppData\Local\Programs\Python\Python311\Lib\json\__init__.py", line 359, in loads
    return cls(**kw).decode(s)
           ^^^^^^^^^^^^^^^^^^^
  File "C:\Users\lokes\AppData\Local\Programs\Python\Python311\Lib\json\decoder.py", line 337, in decode
    obj, end = self.raw_decode(s, idx=_w(s, 0).end())
               ^^^^^^^^^^^^^^^^^^^^^^^^^^^^^^^^^^^^^^
  File "C:\Users\lokes\AppData\Local\Programs\Python\Python311\Lib\json\decoder.py", line 355, in raw_decode
    raise JSONDecodeError("Expecting value", s, err.value) from None
json.decoder.JSONDecodeError: Expecting value: line 1 column 1 (char 0)

The above exception was the direct cause of the following exception:

Traceback (most recent call last):
  File "D:\work\training\capstone\agents\coach.py", line 109, in coach_node
    response = chain.invoke(inputs)
               ^^^^^^^^^^^^^^^^^^^^
  File "D:\work\training\capstone\venv\Lib\site-packages\langchain_core\runnables\base.py", line 3157, in invoke
    input_ = context.run(step.invoke, input_, config)
             ^^^^^^^^^^^^^^^^^^^^^^^^^^^^^^^^^^^^^^^^
  File "D:\work\training\capstone\venv\Lib\site-packages\langchain_core\output_parsers\base.py", line 207, in invoke
    return self._call_with_config(
           ^^^^^^^^^^^^^^^^^^^^^^^
  File "D:\work\training\capstone\venv\Lib\site-packages\langchain_core\runnables\base.py", line 2060, in _call_with_config
    context.run(
  File "D:\work\training\capstone\venv\Lib\site-packages\langchain_core\runnables\config.py", line 452, in call_func_with_variable_args
    return func(input, **kwargs)  # type: ignore[call-arg]
           ^^^^^^^^^^^^^^^^^^^^^
  File "D:\work\training\capstone\venv\Lib\site-packages\langchain_core\output_parsers\base.py", line 208, in <lambda>
    lambda inner_input: self.parse_result(
                        ^^^^^^^^^^^^^^^^^^
  File "D:\work\training\capstone\venv\Lib\site-packages\langchain_core\output_parsers\json.py", line 91, in parse_result
    raise OutputParserException(msg, llm_output=text) from e
langchain_core.exceptions.OutputParserException: Invalid json output: Based on the candidate's profile and resume, here are the top 3 most critical areas for improvement:

**Insight 1**
{
    "topic": "Backend Development",
    "why": "The candidate mentioned creating a business backend for topics and pricings using FastAPI, but didn't provide any details about the architecture, scalability, or performance.",
    "advice": "Be ready to explain the design decisions behind the backend, how it handles scalability, and how it integrates with the frontend. Highlight any performance optimizations or caching mechanisms used.",
    "resource_query": "FastAPI performance optimization, backend architecture design, caching in FastAPI"
}

**Insight 2**
{
    "topic": "API and Authentication",
    "why": "The candidate mentioned creating a RESTful API for data quality analysis, but didn't provide any details about authentication or authorization.",
    "advice": "Be ready to explain how the API handles authentication, authorization, and rate limiting. Highlight any security measures implemented to protect the API from potential threats.",
    "resource_query": "API authentication and authorization, FastAPI security, rate limiting"
}

**Insight 3**
{
    "topic": "Data Analysis and Evaluation Metrics",
    "why": "The candidate mentioned analyzing datasets and deriving insights using Python, Pandas, and Scikit-learn, but didn't provide any details about the evaluation metrics used.",
    "advice": "Be ready to explain the evaluation metrics used to measure the performance of the models, how they were chosen, and how they impact the overall performance of the system.",
    "resource_query": "Evaluation metrics for machine learning, Scikit-learn evaluation metrics, overfitting prevention"
}

Additionally, considering the candidate's weaknesses in frontend development and public speaking, it would be beneficial for them to prepare explanations for:

- How they would handle frontend development tasks, even if they're not their strong suit.
- Their approach to public speaking and how they would communicate complex technical ideas to a non-technical audience.

For this, the candidate can prepare by:

- Practicing explaining technical concepts in simple terms.
- Highlighting any experience they have with frontend development, such as working with a team or contributing to open-source projects.
- Being prepared to answer questions about their approach to public speaking, such as how they would handle a difficult question or how they would communicate with a non-technical team member.
For troubleshooting, visit: https://docs.langchain.com/oss/python/langchain/errors/OUTPUT_PARSING_FAILURE 
2026-02-12 18:47:16 | INFO     | parsers.resume_parser | Extracted 2718 characters from PDF
2026-02-12 18:47:18 | INFO     | parsers.resume_parser | Parsed 6 sections: ['header', 'education', 'experience', 'projects', 'skills', 'certifications']
2026-02-12 18:47:18 | INFO     | agents.question_strategist | Strategist Agent: formulating strategy...
2026-02-12 18:47:18 | INFO     | utils.llm | Initializing Groq LLM: llama-3.1-8b-instant
2026-02-12 18:47:20 | INFO     | agents.question_strategist | Strategy formulated: Verify junior ML engineer candidate's claims and fundamentals
2026-02-12 18:47:20 | INFO     | agents.difficulty_planner | Planner Agent: creating question plan...
2026-02-12 18:47:24 | INFO     | agents.difficulty_planner | Plan created with 16 steps.
2026-02-12 18:47:24 | INFO     | agents.question_generator | Generator Agent: creating/refining questions...
2026-02-12 18:47:30 | INFO     | agents.question_generator | Generated 33 questions.
2026-02-12 18:47:30 | INFO     | agents.validator | Validator Agent: validating questions...
2026-02-12 18:47:49 | INFO     | agents.validator | Validator: 8/33 questions passed.
2026-02-12 18:47:49 | INFO     | agents.question_generator | Generator Agent: creating/refining questions...
2026-02-12 18:47:49 | INFO     | agents.question_generator | Refining 25 failed questions...
2026-02-12 18:48:14 | INFO     | agents.validator | Validator Agent: validating questions...
2026-02-12 18:48:38 | INFO     | agents.validator | Validator: 6/33 questions passed.
2026-02-12 18:48:38 | INFO     | agents.question_generator | Generator Agent: creating/refining questions...
2026-02-12 18:48:38 | INFO     | agents.question_generator | Refining 27 failed questions...
2026-02-12 18:49:06 | INFO     | agents.validator | Validator Agent: validating questions...
2026-02-12 18:49:29 | INFO     | agents.validator | Validator: 6/33 questions passed.
2026-02-12 18:49:29 | INFO     | agents.question_generator | Generator Agent: creating/refining questions...
2026-02-12 18:49:29 | INFO     | agents.question_generator | Refining 27 failed questions...
2026-02-12 18:49:55 | INFO     | agents.validator | Validator Agent: validating questions...
2026-02-12 18:50:15 | INFO     | agents.validator | Validator: 6/33 questions passed.
2026-02-12 18:50:23 | INFO     | agents.coach | TavilySearchResults tool initialized.
2026-02-12 18:50:34 | INFO     | agents.coach | Generated 3 coaching insights.
2026-02-12 19:05:10 | INFO     | parsers.resume_parser | Parsed 7 sections: ['header', 'experience', 'projects', 'education', 'skills', 'certifications', 'achievements']
2026-02-12 19:05:10 | INFO     | agents.question_strategist | Strategist Agent: formulating strategy...
2026-02-12 19:05:10 | INFO     | utils.llm | Initializing Groq LLM: llama-3.1-8b-instant
2026-02-12 19:05:12 | INFO     | agents.question_strategist | Strategy formulated: Verify technical specifics, quantified impact, and candidate's self-declared weaknesses through CLAIM VERIFICATION
2026-02-12 19:05:12 | INFO     | agents.difficulty_planner | Planner Agent: creating question plan...
2026-02-12 19:05:14 | INFO     | agents.difficulty_planner | Plan created with 10 steps.
2026-02-12 19:05:14 | INFO     | agents.question_generator | Generator Agent: creating/refining questions...
2026-02-12 19:05:15 | INFO     | agents.question_generator | Generated 10 questions.
2026-02-12 19:05:15 | INFO     | agents.validator | Validator Agent: validating questions...
2026-02-12 19:05:16 | INFO     | agents.validator | Validator: 1/10 questions passed.
2026-02-12 19:05:16 | INFO     | agents.question_generator | Generator Agent: creating/refining questions...
2026-02-12 19:05:16 | INFO     | agents.question_generator | Refining 9 failed questions...
2026-02-12 19:05:17 | INFO     | agents.validator | Validator Agent: validating questions...
2026-02-12 19:05:25 | INFO     | agents.validator | Validator: 3/10 questions passed.
2026-02-12 19:05:25 | INFO     | agents.question_generator | Generator Agent: creating/refining questions...
2026-02-12 19:05:25 | INFO     | agents.question_generator | Refining 7 failed questions...
2026-02-12 19:05:33 | INFO     | agents.validator | Validator Agent: validating questions...
2026-02-12 19:05:42 | INFO     | agents.validator | Validator: 1/10 questions passed.
2026-02-12 19:05:42 | INFO     | agents.question_generator | Generator Agent: creating/refining questions...
2026-02-12 19:05:42 | INFO     | agents.question_generator | Refining 9 failed questions...
2026-02-12 19:05:53 | INFO     | agents.validator | Validator Agent: validating questions...
2026-02-12 19:06:02 | INFO     | agents.validator | Validator: 2/10 questions passed.
2026-02-12 19:06:09 | INFO     | agents.coach | TavilySearchResults tool initialized.
2026-02-12 19:06:27 | INFO     | agents.coach | Generated 13 coaching insights.
2026-02-12 19:40:19 | INFO     | parsers.resume_parser | Parsed 7 sections: ['header', 'experience', 'projects', 'education', 'skills', 'certifications', 'achievements']
2026-02-12 19:40:19 | INFO     | agents.question_strategist | Strategist Agent: formulating strategy...
2026-02-12 19:40:19 | INFO     | utils.llm | Initializing Groq LLM: llama-3.1-8b-instant
2026-02-12 19:40:21 | INFO     | agents.question_strategist | Strategy formulated: Focus on system design, public speaking, and addressing weaknesses in technical specifics, action verbs, and quantified impact, while exploring project and experience claims with high risk scores and self-declared weaknesses.
2026-02-12 19:40:21 | INFO     | agents.difficulty_planner | Planner Agent: creating question plan...
2026-02-12 19:40:22 | INFO     | agents.difficulty_planner | Plan created with 6 steps.
2026-02-12 19:40:22 | INFO     | agents.question_generator | Generator Agent: creating/refining questions...
2026-02-12 19:40:22 | ERROR    | agents.question_generator | Generator failed: "Input to ChatPromptTemplate is missing variables {'claim_context'}.  Expected: ['claim_context', 'plan'] Received: ['plan']\nNote: if you intended {claim_context} to be part of the string and not a variable, please escape it with double curly braces like: '{{claim_context}}'.\nFor troubleshooting, visit: https://docs.langchain.com/oss/python/langchain/errors/INVALID_PROMPT_INPUT "
Traceback (most recent call last):
  File "D:\work\training\capstone\agents\question_generator.py", line 192, in question_generator_node
    response = chain.invoke(inputs)
               ^^^^^^^^^^^^^^^^^^^^
  File "D:\work\training\capstone\venv\Lib\site-packages\langchain_core\runnables\base.py", line 3155, in invoke
    input_ = context.run(step.invoke, input_, config, **kwargs)
             ^^^^^^^^^^^^^^^^^^^^^^^^^^^^^^^^^^^^^^^^^^^^^^^^^^
  File "D:\work\training\capstone\venv\Lib\site-packages\langchain_core\prompts\base.py", line 223, in invoke
    return self._call_with_config(
           ^^^^^^^^^^^^^^^^^^^^^^^
  File "D:\work\training\capstone\venv\Lib\site-packages\langchain_core\runnables\base.py", line 2060, in _call_with_config
    context.run(
  File "D:\work\training\capstone\venv\Lib\site-packages\langchain_core\runnables\config.py", line 452, in call_func_with_variable_args
    return func(input, **kwargs)  # type: ignore[call-arg]
           ^^^^^^^^^^^^^^^^^^^^^
  File "D:\work\training\capstone\venv\Lib\site-packages\langchain_core\prompts\base.py", line 196, in _format_prompt_with_error_handling
    inner_input_ = self._validate_input(inner_input)
                   ^^^^^^^^^^^^^^^^^^^^^^^^^^^^^^^^^
  File "D:\work\training\capstone\venv\Lib\site-packages\langchain_core\prompts\base.py", line 190, in _validate_input
    raise KeyError(
KeyError: "Input to ChatPromptTemplate is missing variables {'claim_context'}.  Expected: ['claim_context', 'plan'] Received: ['plan']\nNote: if you intended {claim_context} to be part of the string and not a variable, please escape it with double curly braces like: '{{claim_context}}'.\nFor troubleshooting, visit: https://docs.langchain.com/oss/python/langchain/errors/INVALID_PROMPT_INPUT "
2026-02-12 19:40:22 | INFO     | agents.validator | Validator Agent: validating questions...
2026-02-12 19:40:23 | INFO     | agents.coach | TavilySearchResults tool initialized.
2026-02-12 19:40:29 | INFO     | agents.coach | Generated 12 coaching insights.
2026-02-12 19:44:07 | INFO     | parsers.resume_parser | Parsed 7 sections: ['header', 'experience', 'projects', 'education', 'skills', 'certifications', 'achievements']
2026-02-12 19:44:08 | INFO     | agents.question_strategist | Strategist Agent: formulating strategy...
2026-02-12 19:44:08 | INFO     | utils.llm | Initializing Groq LLM: llama-3.1-8b-instant
2026-02-12 19:44:09 | INFO     | agents.question_strategist | Strategy formulated: Address self-declared weaknesses (system design, public speaking), technical specifics, and quantified impact while exploring key sections for curiosity and skepticism.
2026-02-12 19:44:09 | INFO     | agents.difficulty_planner | Planner Agent: creating question plan...
2026-02-12 19:44:10 | INFO     | agents.difficulty_planner | Plan created with 6 steps.
2026-02-12 19:44:10 | INFO     | agents.question_generator | Generator Agent: creating/refining questions...
2026-02-12 19:44:11 | INFO     | agents.question_generator | Generated 6 questions.
2026-02-12 19:44:11 | INFO     | agents.validator | Validator Agent: validating questions...
2026-02-12 19:44:11 | INFO     | agents.validator | Validator: 5/6 questions passed.
2026-02-12 19:44:11 | INFO     | agents.question_generator | Generator Agent: creating/refining questions...
2026-02-12 19:44:11 | INFO     | agents.question_generator | Refining 1 failed questions...
2026-02-12 19:44:12 | INFO     | agents.validator | Validator Agent: validating questions...
2026-02-12 19:44:12 | INFO     | agents.validator | Validator: 5/6 questions passed.
2026-02-12 19:44:12 | INFO     | agents.question_generator | Generator Agent: creating/refining questions...
2026-02-12 19:44:12 | INFO     | agents.question_generator | Refining 1 failed questions...
2026-02-12 19:44:12 | INFO     | agents.validator | Validator Agent: validating questions...
2026-02-12 19:44:13 | INFO     | agents.validator | Validator: 6/6 questions passed.
2026-02-12 19:44:18 | INFO     | agents.coach | TavilySearchResults tool initialized.
2026-02-12 19:44:32 | INFO     | agents.coach | Generated 9 coaching insights.
2026-02-12 20:04:04 | INFO     | parsers.resume_parser | Parsed 7 sections: ['header', 'experience', 'projects', 'education', 'skills', 'certifications', 'achievements']
2026-02-12 20:04:04 | INFO     | agents.question_strategist | Strategist Agent: formulating strategy...
2026-02-12 20:04:04 | INFO     | utils.llm | Initializing Groq LLM: llama-3.1-8b-instant
2026-02-12 20:04:06 | INFO     | agents.question_strategist | Strategy formulated: Focus on system design and architectural decisions, addressing self-declared weaknesses and resume vulnerabilities.
2026-02-12 20:04:06 | INFO     | agents.difficulty_planner | Planner Agent: creating question plan...
2026-02-12 20:04:07 | INFO     | agents.difficulty_planner | Plan created with 6 steps.
2026-02-12 20:04:07 | INFO     | agents.question_generator | Generator Agent: creating/refining questions...
2026-02-12 20:04:07 | INFO     | agents.question_generator | Generated 6 questions.
2026-02-12 20:04:07 | INFO     | agents.validator | Validator Agent: validating questions...
2026-02-12 20:04:08 | INFO     | agents.validator | Validator: 1/6 questions passed.
2026-02-12 20:04:08 | INFO     | agents.question_generator | Generator Agent: creating/refining questions...
2026-02-12 20:04:08 | INFO     | agents.question_generator | Refining 5 failed questions...
2026-02-12 20:04:09 | INFO     | agents.validator | Validator Agent: validating questions...
2026-02-12 20:04:09 | INFO     | agents.validator | Validator: 4/6 questions passed.
2026-02-12 20:04:09 | INFO     | agents.question_generator | Generator Agent: creating/refining questions...
2026-02-12 20:04:09 | INFO     | agents.question_generator | Refining 2 failed questions...
2026-02-12 20:04:11 | INFO     | agents.validator | Validator Agent: validating questions...
2026-02-12 20:04:17 | INFO     | agents.validator | Validator: 2/6 questions passed.
2026-02-12 20:04:17 | INFO     | agents.question_generator | Generator Agent: creating/refining questions...
2026-02-12 20:04:17 | INFO     | agents.question_generator | Refining 4 failed questions...
2026-02-12 20:04:23 | INFO     | agents.validator | Validator Agent: validating questions...
2026-02-12 20:04:30 | INFO     | agents.validator | Validator: 4/6 questions passed.
2026-02-12 20:04:36 | INFO     | agents.coach | TavilySearchResults tool initialized.
2026-02-12 20:04:55 | INFO     | agents.coach | Generated 14 coaching insights.
2026-02-12 20:34:46 | INFO     | parsers.resume_parser | Extracted 2718 characters from PDF
2026-02-12 20:34:48 | INFO     | parsers.resume_parser | Parsed 6 sections: ['header', 'education', 'experience', 'projects', 'skills', 'certifications']
2026-02-12 20:34:48 | INFO     | agents.question_strategist | Strategist Agent: formulating strategy...
2026-02-12 20:34:48 | INFO     | utils.llm | Initializing Groq LLM: llama-3.1-8b-instant
2026-02-12 20:34:50 | INFO     | agents.question_strategist | Strategy formulated: Conduct a technical interview to assess the junior ML engineer's fundamentals and coding skills, while addressing self-declared weaknesses and resume vulnerabilities.
2026-02-12 20:34:50 | INFO     | agents.difficulty_planner | Planner Agent: creating question plan...
2026-02-12 20:34:51 | INFO     | agents.difficulty_planner | Plan created with 6 steps.
2026-02-12 20:34:51 | INFO     | agents.question_generator | Generator Agent: creating/refining questions...
2026-02-12 20:34:52 | INFO     | agents.question_generator | Generated 6 questions.
2026-02-12 20:34:52 | INFO     | agents.validator | Validator Agent: validating questions...
2026-02-12 20:34:52 | INFO     | agents.validator | Validator: 4/6 questions passed.
2026-02-12 20:34:52 | INFO     | agents.question_generator | Generator Agent: creating/refining questions...
2026-02-12 20:34:52 | INFO     | agents.question_generator | Refining 2 failed questions...
2026-02-12 20:34:53 | INFO     | agents.validator | Validator Agent: validating questions...
2026-02-12 20:34:53 | INFO     | agents.validator | Validator: 4/6 questions passed.
2026-02-12 20:34:53 | INFO     | agents.question_generator | Generator Agent: creating/refining questions...
2026-02-12 20:34:53 | INFO     | agents.question_generator | Refining 2 failed questions...
2026-02-12 20:34:54 | INFO     | agents.validator | Validator Agent: validating questions...
2026-02-12 20:34:54 | INFO     | agents.validator | Validator: 5/6 questions passed.
2026-02-12 20:34:54 | INFO     | agents.question_generator | Generator Agent: creating/refining questions...
2026-02-12 20:34:54 | INFO     | agents.question_generator | Refining 1 failed questions...
2026-02-12 20:34:59 | INFO     | agents.validator | Validator Agent: validating questions...
2026-02-12 20:35:05 | INFO     | agents.validator | Validator: 5/6 questions passed.
2026-02-12 20:35:12 | INFO     | agents.coach | TavilySearchResults tool initialized.
2026-02-12 20:35:25 | INFO     | agents.coach | Generated 11 coaching insights.
2026-02-12 20:46:05 | INFO     | parsers.resume_parser | Parsed 7 sections: ['header', 'experience', 'projects', 'education', 'skills', 'certifications', 'achievements']
2026-02-12 20:46:05 | INFO     | agents.question_strategist | Strategist Agent: formulating strategy...
2026-02-12 20:46:05 | INFO     | utils.llm | Initializing Groq LLM: llama-3.1-8b-instant
2026-02-12 20:46:08 | INFO     | agents.question_strategist | Strategy formulated: Address self-declared weaknesses, system design, and project-specific technical skills. Focus on the candidate's experience and projects that spark curiosity or skepticism.
2026-02-12 20:46:08 | INFO     | agents.difficulty_planner | Planner Agent: creating question plan...
2026-02-12 20:46:08 | INFO     | agents.difficulty_planner | Plan created with 6 steps.
2026-02-12 20:46:08 | INFO     | agents.question_generator | Generator Agent: creating/refining questions...
2026-02-12 20:46:09 | INFO     | agents.question_generator | Generated 6 questions.
2026-02-12 20:46:09 | INFO     | agents.validator | Validator Agent: validating questions...
2026-02-12 20:46:10 | INFO     | agents.validator | Validator: 3/6 questions passed.
2026-02-12 20:46:10 | INFO     | agents.question_generator | Generator Agent: creating/refining questions...
2026-02-12 20:46:10 | INFO     | agents.question_generator | Refining 3 failed questions...
2026-02-12 20:46:10 | INFO     | agents.validator | Validator Agent: validating questions...
2026-02-12 20:46:11 | INFO     | agents.validator | Validator: 5/6 questions passed.
2026-02-12 20:46:11 | INFO     | agents.question_generator | Generator Agent: creating/refining questions...
2026-02-12 20:46:11 | INFO     | agents.question_generator | Refining 1 failed questions...
2026-02-12 20:46:11 | INFO     | agents.validator | Validator Agent: validating questions...
2026-02-12 20:46:17 | INFO     | agents.validator | Validator: 3/6 questions passed.
2026-02-12 20:46:17 | INFO     | agents.question_generator | Generator Agent: creating/refining questions...
2026-02-12 20:46:17 | INFO     | agents.question_generator | Refining 3 failed questions...
2026-02-12 20:46:23 | INFO     | agents.validator | Validator Agent: validating questions...
2026-02-12 20:46:28 | INFO     | agents.validator | Validator: 5/6 questions passed.
2026-02-12 20:46:35 | INFO     | agents.coach | TavilySearchResults tool initialized.
2026-02-12 20:47:03 | INFO     | agents.coach | Generated 10 coaching insights.
2026-02-12 20:51:07 | INFO     | parsers.resume_parser | Parsed 7 sections: ['header', 'experience', 'projects', 'education', 'skills', 'certifications', 'achievements']
2026-02-12 20:51:07 | INFO     | agents.question_strategist | Strategist Agent: formulating strategy...
2026-02-12 20:51:07 | INFO     | utils.llm | Initializing Groq LLM: llama-3.1-8b-instant
2026-02-12 20:51:08 | INFO     | agents.question_strategist | Strategy formulated: Senior Backend Engineer interview focusing on system design, technical specifics, and addressing self-declared weaknesses
2026-02-12 20:51:08 | INFO     | agents.difficulty_planner | Planner Agent: creating question plan...
2026-02-12 20:51:09 | INFO     | agents.difficulty_planner | Plan created with 6 steps.
2026-02-12 20:51:09 | INFO     | agents.question_generator | Generator Agent: creating/refining questions...
2026-02-12 20:51:10 | INFO     | agents.question_generator | Generated 6 questions.
2026-02-12 20:51:10 | INFO     | agents.validator | Validator Agent: validating questions...
2026-02-12 20:51:11 | INFO     | agents.validator | Validator: 5/6 questions passed.
2026-02-12 20:51:11 | INFO     | agents.question_generator | Generator Agent: creating/refining questions...
2026-02-12 20:51:11 | INFO     | agents.question_generator | Refining 1 failed questions...
2026-02-12 20:51:11 | INFO     | agents.validator | Validator Agent: validating questions...
2026-02-12 20:51:12 | INFO     | agents.validator | Validator: 5/6 questions passed.
2026-02-12 20:51:12 | INFO     | agents.question_generator | Generator Agent: creating/refining questions...
2026-02-12 20:51:12 | INFO     | agents.question_generator | Refining 1 failed questions...
2026-02-12 20:51:12 | INFO     | agents.validator | Validator Agent: validating questions...
2026-02-12 20:51:12 | INFO     | agents.validator | Validator: 5/6 questions passed.
2026-02-12 20:51:12 | INFO     | agents.question_generator | Generator Agent: creating/refining questions...
2026-02-12 20:51:12 | INFO     | agents.question_generator | Refining 1 failed questions...
2026-02-12 20:51:15 | INFO     | agents.validator | Validator Agent: validating questions...
2026-02-12 20:51:20 | INFO     | agents.validator | Validator: 5/6 questions passed.
2026-02-12 20:51:27 | INFO     | agents.coach | TavilySearchResults tool initialized.
2026-02-12 20:51:27 | INFO     | agents.coach | Generated 15 coaching insights.
2026-02-12 20:52:57 | INFO     | parsers.resume_parser | Parsed 7 sections: ['header', 'experience', 'projects', 'education', 'skills', 'certifications', 'achievements']
2026-02-12 20:52:57 | INFO     | agents.question_strategist | Strategist Agent: formulating strategy...
2026-02-12 20:52:57 | INFO     | utils.llm | Initializing Groq LLM: llama-3.1-8b-instant
2026-02-12 20:53:01 | INFO     | agents.question_strategist | Strategy formulated: Conduct a strategic interview targeting Senior Backend Engineer's system design and architectural decisions, while addressing self-declared weaknesses and resume vulnerabilities.
2026-02-12 20:53:01 | INFO     | agents.difficulty_planner | Planner Agent: creating question plan...
2026-02-12 20:53:01 | INFO     | agents.difficulty_planner | Plan created with 6 steps.
2026-02-12 20:53:01 | INFO     | agents.question_generator | Generator Agent: creating/refining questions...
2026-02-12 20:53:03 | INFO     | agents.question_generator | Generated 12 questions.
2026-02-12 20:53:03 | INFO     | agents.validator | Validator Agent: validating questions...
2026-02-12 20:53:04 | INFO     | agents.validator | Validator: 6/12 questions passed.
2026-02-12 20:53:04 | INFO     | agents.question_generator | Generator Agent: creating/refining questions...
2026-02-12 20:53:04 | INFO     | agents.question_generator | Refining 6 failed questions...
2026-02-12 20:53:05 | INFO     | agents.validator | Validator Agent: validating questions...
2026-02-12 20:53:14 | INFO     | agents.validator | Validator: 7/12 questions passed.
2026-02-12 20:53:14 | INFO     | agents.question_generator | Generator Agent: creating/refining questions...
2026-02-12 20:53:14 | INFO     | agents.question_generator | Refining 5 failed questions...
2026-02-12 20:53:22 | INFO     | agents.validator | Validator Agent: validating questions...
2026-02-12 20:53:31 | INFO     | agents.validator | Validator: 3/12 questions passed.
2026-02-12 20:53:31 | INFO     | agents.question_generator | Generator Agent: creating/refining questions...
2026-02-12 20:53:31 | INFO     | agents.question_generator | Refining 9 failed questions...
2026-02-12 20:53:42 | INFO     | agents.validator | Validator Agent: validating questions...
2026-02-12 20:53:52 | INFO     | agents.validator | Validator: 7/12 questions passed.
2026-02-12 20:53:58 | INFO     | agents.coach | TavilySearchResults tool initialized.
2026-02-12 20:54:12 | INFO     | agents.coach | Generated 8 coaching insights.
2026-02-13 09:39:43 | INFO     | parsers.resume_parser | Extracted 3189 characters from PDF
2026-02-13 09:39:45 | INFO     | parsers.resume_parser | Parsed 9 sections: ['header', 'education', 'dec 2025  present', 'july 2023  september 2023', 'summary', 'projects', 'skills', 'coordination.', '- ai associate  salesforce']
2026-02-13 09:39:45 | INFO     | agents.question_strategist | Strategist Agent: formulating strategy...
2026-02-13 09:39:45 | INFO     | utils.llm | Initializing Groq LLM: llama-3.1-8b-instant
2026-02-13 09:39:47 | INFO     | agents.question_strategist | Strategy formulated: Assess fundamental coding skills, address self-declared weaknesses, and evaluate the candidate's ability to provide technical specifics and quantify their work.
2026-02-13 09:39:47 | INFO     | agents.difficulty_planner | Planner Agent: creating question plan...
2026-02-13 09:39:47 | INFO     | agents.difficulty_planner | Plan created with 6 steps.
2026-02-13 09:39:47 | INFO     | agents.question_generator | Generator Agent: creating/refining questions...
2026-02-13 09:39:48 | INFO     | agents.question_generator | Generated 6 questions.
2026-02-13 09:39:48 | INFO     | agents.validator | Validator Agent: validating questions...
2026-02-13 09:39:48 | INFO     | agents.validator | Validator: 4/6 questions passed.
2026-02-13 09:39:48 | INFO     | agents.question_generator | Generator Agent: creating/refining questions...
2026-02-13 09:39:48 | INFO     | agents.question_generator | Refining 2 failed questions...
2026-02-13 09:39:49 | INFO     | agents.validator | Validator Agent: validating questions...
2026-02-13 09:39:49 | INFO     | agents.validator | Validator: 5/6 questions passed.
2026-02-13 09:39:49 | INFO     | agents.question_generator | Generator Agent: creating/refining questions...
2026-02-13 09:39:49 | INFO     | agents.question_generator | Refining 1 failed questions...
2026-02-13 09:39:49 | INFO     | agents.validator | Validator Agent: validating questions...
2026-02-13 09:39:50 | INFO     | agents.validator | Validator: 5/6 questions passed.
2026-02-13 09:39:50 | INFO     | agents.question_generator | Generator Agent: creating/refining questions...
2026-02-13 09:39:50 | INFO     | agents.question_generator | Refining 1 failed questions...
2026-02-13 09:39:50 | INFO     | agents.validator | Validator Agent: validating questions...
2026-02-13 09:39:57 | INFO     | agents.validator | Validator: 3/6 questions passed.
2026-02-13 09:40:03 | INFO     | agents.coach | TavilySearchResults tool initialized.
2026-02-13 09:40:10 | INFO     | agents.coach | Generated 10 coaching insights.
2026-02-13 10:08:44 | INFO     | parsers.resume_parser | Parsed 7 sections: ['header', 'experience', 'projects', 'education', 'skills', 'certifications', 'achievements']
2026-02-13 10:08:45 | INFO     | agents.question_strategist | Strategist Agent: formulating strategy...
2026-02-13 10:08:45 | INFO     | utils.llm | Initializing Groq LLM: llama-3.1-8b-instant
2026-02-13 10:08:47 | INFO     | agents.question_strategist | Strategy formulated: Develop a mid-level software engineer with strengths in system design, public speaking, and technical writing, while addressing weaknesses in system design, public speaking, and resume presentation.
2026-02-13 10:08:47 | INFO     | agents.difficulty_planner | Planner Agent: creating question plan...
2026-02-13 10:08:47 | INFO     | agents.difficulty_planner | Plan created with 6 steps.
2026-02-13 10:08:47 | INFO     | agents.question_generator | Generator Agent: creating/refining questions...
2026-02-13 10:08:49 | INFO     | agents.question_generator | Generated 11 questions.
2026-02-13 10:08:49 | INFO     | agents.validator | Validator Agent: validating questions...
2026-02-13 10:08:49 | INFO     | agents.validator | Validator: 6/11 questions passed.
2026-02-13 10:08:49 | INFO     | agents.question_generator | Generator Agent: creating/refining questions...
2026-02-13 10:08:49 | INFO     | agents.question_generator | Refining 5 failed questions...
2026-02-13 10:08:50 | INFO     | agents.validator | Validator Agent: validating questions...
2026-02-13 10:08:54 | INFO     | agents.validator | Validator: 7/11 questions passed.
2026-02-13 10:08:54 | INFO     | agents.question_generator | Generator Agent: creating/refining questions...
2026-02-13 10:08:54 | INFO     | agents.question_generator | Refining 4 failed questions...
2026-02-13 10:09:00 | INFO     | agents.validator | Validator Agent: validating questions...
2026-02-13 10:09:09 | INFO     | agents.validator | Validator: 6/11 questions passed.
2026-02-13 10:09:09 | INFO     | agents.question_generator | Generator Agent: creating/refining questions...
2026-02-13 10:09:09 | INFO     | agents.question_generator | Refining 5 failed questions...
2026-02-13 10:09:16 | INFO     | agents.validator | Validator Agent: validating questions...
2026-02-13 10:09:25 | INFO     | agents.validator | Validator: 5/11 questions passed.
2026-02-13 10:09:31 | INFO     | agents.coach | TavilySearchResults tool initialized.
2026-02-13 10:09:42 | INFO     | agents.coach | Generated 7 coaching insights.
2026-02-13 11:02:29 | INFO     | parsers.resume_parser | Parsed 7 sections: ['header', 'experience', 'projects', 'education', 'skills', 'certifications', 'achievements']
2026-02-13 11:03:55 | INFO     | parsers.resume_parser | Extracted 3189 characters from PDF
2026-02-13 11:03:55 | INFO     | parsers.resume_parser | Parsed 9 sections: ['header', 'education', 'dec 2025  present', 'july 2023  september 2023', 'summary', 'projects', 'skills', 'coordination.', '- ai associate  salesforce']
2026-02-13 11:09:08 | INFO     | parsers.resume_parser | Parsed 7 sections: ['header', 'experience', 'projects', 'education', 'skills', 'certifications', 'achievements']
2026-02-13 11:09:08 | INFO     | new_resume_parser | Extracted 1898 chars from text file
2026-02-13 11:09:08 | INFO     | new_resume_parser | Parsed 7 sections: ['header', 'experience', 'education', 'skills', 'projects', 'certifications', 'achievements']
2026-02-13 11:09:08 | INFO     | new_resume_parser | Extracted 17 claims from 7 sections
2026-02-13 11:09:08 | INFO     | new_resume_parser | Resume parsed: 1898 chars, 7 sections, 17 claims
2026-02-13 11:09:39 | INFO     | parsers.resume_parser | Extracted 3189 characters from PDF
2026-02-13 11:09:39 | INFO     | parsers.resume_parser | Parsed 9 sections: ['header', 'education', 'dec 2025  present', 'july 2023  september 2023', 'summary', 'projects', 'skills', 'coordination.', '- ai associate  salesforce']
2026-02-13 11:09:40 | INFO     | new_resume_parser | Extracted 3189 chars from PDF (1 pages)
2026-02-13 11:09:40 | INFO     | new_resume_parser | Parsed 6 sections: ['header', 'summary', 'education', 'skills', 'projects', 'certifications']
2026-02-13 11:09:40 | INFO     | new_resume_parser | Extracted 19 claims from 6 sections
2026-02-13 11:09:40 | INFO     | new_resume_parser | Resume parsed: 3189 chars, 6 sections, 19 claims
2026-02-13 11:10:28 | INFO     | parsers.resume_parser | Extracted 3189 characters from PDF
2026-02-13 11:10:28 | INFO     | parsers.resume_parser | Parsed 9 sections: ['header', 'education', 'dec 2025  present', 'july 2023  september 2023', 'summary', 'projects', 'skills', 'coordination.', '- ai associate  salesforce']
2026-02-13 11:10:28 | INFO     | new_resume_parser | Extracted 3189 chars from PDF (1 pages)
2026-02-13 11:10:28 | INFO     | new_resume_parser | Parsed 6 sections: ['header', 'summary', 'education', 'skills', 'projects', 'certifications']
2026-02-13 11:10:28 | INFO     | new_resume_parser | Extracted 19 claims from 6 sections
2026-02-13 11:10:28 | INFO     | new_resume_parser | Resume parsed: 3189 chars, 6 sections, 19 claims
2026-02-13 11:14:14 | INFO     | parsers.resume_parser | Extracted 3189 characters from PDF
2026-02-13 11:14:14 | INFO     | parsers.resume_parser | Parsed 9 sections: ['header', 'education', 'dec 2025  present', 'july 2023  september 2023', 'summary', 'projects', 'skills', 'coordination.', '- ai associate  salesforce']
2026-02-13 11:14:14 | INFO     | new_resume_parser | Extracted 3189 chars from PDF (1 pages)
2026-02-13 11:14:14 | INFO     | new_resume_parser | Parsed 6 sections: ['header', 'summary', 'education', 'skills', 'projects', 'certifications']
2026-02-13 11:14:14 | INFO     | new_resume_parser | Extracted 19 claims from 6 sections
2026-02-13 11:14:14 | INFO     | new_resume_parser | Resume parsed: 3189 chars, 6 sections, 19 claims
2026-02-13 11:14:45 | INFO     | parsers.resume_parser | Extracted 3189 characters from PDF
2026-02-13 11:14:45 | INFO     | parsers.resume_parser | Parsed 9 sections: ['header', 'education', 'dec 2025  present', 'july 2023  september 2023', 'summary', 'projects', 'skills', 'coordination.', '- ai associate  salesforce']
2026-02-13 11:14:45 | INFO     | new_resume_parser | Extracted 3189 chars from PDF (1 pages)
2026-02-13 11:14:45 | INFO     | new_resume_parser | Parsed 6 sections: ['header', 'summary', 'education', 'skills', 'projects', 'certifications']
2026-02-13 11:14:45 | INFO     | new_resume_parser | Extracted 19 claims from 6 sections
2026-02-13 11:14:45 | INFO     | new_resume_parser | Resume parsed: 3189 chars, 6 sections, 19 claims
2026-02-13 11:17:22 | INFO     | parsers.resume_parser | Extracted 3189 characters from PDF
2026-02-13 11:17:22 | INFO     | parsers.resume_parser | Parsed 9 sections: ['header', 'education', 'dec 2025  present', 'july 2023  september 2023', 'summary', 'projects', 'skills', 'coordination.', '- ai associate  salesforce']
2026-02-13 11:17:22 | INFO     | new_resume_parser | Extracted 3189 chars from PDF (1 pages)
2026-02-13 11:17:22 | INFO     | new_resume_parser | Parsed 6 sections: ['header', 'summary', 'education', 'skills', 'projects', 'certifications']
2026-02-13 11:17:22 | INFO     | new_resume_parser | Extracted 19 claims from 6 sections
2026-02-13 11:17:22 | INFO     | new_resume_parser | Resume parsed: 3189 chars, 6 sections, 19 claims
2026-02-13 11:17:53 | INFO     | parsers.resume_parser | Extracted 3189 characters from PDF
2026-02-13 11:17:53 | INFO     | parsers.resume_parser | Parsed 9 sections: ['header', 'education', 'dec 2025  present', 'july 2023  september 2023', 'summary', 'projects', 'skills', 'coordination.', '- ai associate  salesforce']
2026-02-13 11:17:53 | INFO     | new_resume_parser | Extracted 3189 chars from PDF (1 pages)
2026-02-13 11:17:53 | INFO     | new_resume_parser | Parsed 6 sections: ['header', 'summary', 'education', 'skills', 'projects', 'certifications']
2026-02-13 11:17:53 | INFO     | new_resume_parser | Extracted 19 claims from 6 sections
2026-02-13 11:17:53 | INFO     | new_resume_parser | Resume parsed: 3189 chars, 6 sections, 19 claims
2026-02-13 11:18:15 | INFO     | parsers.resume_parser | Extracted 3189 characters from PDF
2026-02-13 11:18:15 | INFO     | parsers.resume_parser | Parsed 9 sections: ['header', 'education', 'dec 2025  present', 'july 2023  september 2023', 'summary', 'projects', 'skills', 'coordination.', '- ai associate  salesforce']
2026-02-13 11:18:15 | INFO     | new_resume_parser | Extracted 3189 chars from PDF (1 pages)
2026-02-13 11:18:15 | INFO     | new_resume_parser | Parsed 6 sections: ['header', 'summary', 'education', 'skills', 'projects', 'certifications']
2026-02-13 11:18:15 | INFO     | new_resume_parser | Extracted 19 claims from 6 sections
2026-02-13 11:18:15 | INFO     | new_resume_parser | Resume parsed: 3189 chars, 6 sections, 19 claims
2026-02-13 11:18:50 | INFO     | parsers.resume_parser | Extracted 2718 characters from PDF
2026-02-13 11:18:50 | INFO     | parsers.resume_parser | Parsed 6 sections: ['header', 'education', 'experience', 'projects', 'skills', 'certifications']
2026-02-13 11:18:50 | INFO     | new_resume_parser | Extracted 2849 chars from PDF (1 pages)
2026-02-13 11:18:50 | INFO     | new_resume_parser | Parsed 6 sections: ['header', 'education', 'experience', 'projects', 'skills', 'certifications']
2026-02-13 11:18:50 | INFO     | new_resume_parser | Extracted 28 claims from 6 sections
2026-02-13 11:18:50 | INFO     | new_resume_parser | Resume parsed: 2849 chars, 6 sections, 28 claims
2026-02-13 11:22:14 | INFO     | parsers.resume_parser | Parsed 7 sections: ['header', 'experience', 'projects', 'education', 'skills', 'certifications', 'achievements']
2026-02-13 11:22:15 | INFO     | agents.question_strategist | Strategist Agent: formulating strategy...
2026-02-13 11:22:15 | INFO     | utils.llm | Initializing Groq LLM: llama-3.1-8b-instant
2026-02-13 11:22:17 | INFO     | agents.question_strategist | Strategy formulated: Mid-Level Software Engineer interview focusing on addressing self-declared weaknesses and resume vulnerabilities, with a goal of verifying the candidate's technical skills and experience.
2026-02-13 11:22:17 | INFO     | agents.difficulty_planner | Planner Agent: creating question plan...
2026-02-13 11:22:17 | INFO     | agents.difficulty_planner | Plan created with 6 steps.
2026-02-13 11:22:17 | INFO     | agents.question_generator | Generator Agent: creating/refining questions...
2026-02-13 11:22:19 | INFO     | agents.question_generator | Generated 14 questions.
2026-02-13 11:22:19 | INFO     | agents.validator | Validator Agent: validating questions...
2026-02-13 11:22:20 | INFO     | agents.validator | Validator: 14/14 questions passed.
2026-02-13 11:22:22 | INFO     | agents.coach | TavilySearchResults tool initialized.
2026-02-13 11:22:48 | INFO     | agents.coach | Generated 10 coaching insights.
2026-02-13 11:23:37 | INFO     | parsers.resume_parser | Parsed 7 sections: ['header', 'experience', 'projects', 'education', 'skills', 'certifications', 'achievements']
2026-02-13 11:23:37 | INFO     | agents.question_strategist | Strategist Agent: formulating strategy...
2026-02-13 11:23:38 | INFO     | agents.question_strategist | Strategy formulated: Addressing self-declared weaknesses, resume vulnerabilities, and sparking curiosity through specific project and experience discussions.
2026-02-13 11:23:38 | INFO     | agents.difficulty_planner | Planner Agent: creating question plan...
2026-02-13 11:23:38 | INFO     | agents.difficulty_planner | Plan created with 6 steps.
2026-02-13 11:23:38 | INFO     | agents.question_generator | Generator Agent: creating/refining questions...
2026-02-13 11:23:39 | INFO     | agents.question_generator | Generated 6 questions.
2026-02-13 11:23:39 | INFO     | agents.validator | Validator Agent: validating questions...
2026-02-13 11:23:39 | INFO     | agents.validator | Validator: 4/6 questions passed.
2026-02-13 11:23:39 | INFO     | agents.question_generator | Generator Agent: creating/refining questions...
2026-02-13 11:23:39 | INFO     | agents.question_generator | Refining 2 failed questions...
2026-02-13 11:23:40 | INFO     | agents.validator | Validator Agent: validating questions...
2026-02-13 11:23:40 | INFO     | agents.validator | Validator: 3/6 questions passed.
2026-02-13 11:23:40 | INFO     | agents.question_generator | Generator Agent: creating/refining questions...
2026-02-13 11:23:40 | INFO     | agents.question_generator | Refining 3 failed questions...
2026-02-13 11:23:41 | INFO     | agents.validator | Validator Agent: validating questions...
2026-02-13 11:23:47 | INFO     | agents.validator | Validator: 3/6 questions passed.
2026-02-13 11:23:47 | INFO     | agents.question_generator | Generator Agent: creating/refining questions...
2026-02-13 11:23:47 | INFO     | agents.question_generator | Refining 3 failed questions...
2026-02-13 11:23:53 | INFO     | agents.validator | Validator Agent: validating questions...
2026-02-13 11:23:59 | INFO     | agents.validator | Validator: 3/6 questions passed.
2026-02-13 11:24:07 | INFO     | agents.coach | TavilySearchResults tool initialized.
2026-02-13 11:24:41 | INFO     | agents.coach | Generated 17 coaching insights.
2026-02-13 11:24:42 | INFO     | parsers.resume_parser | Extracted 2718 characters from PDF
2026-02-13 11:24:44 | INFO     | parsers.resume_parser | Parsed 6 sections: ['header', 'education', 'experience', 'projects', 'skills', 'certifications']
2026-02-13 11:24:44 | INFO     | agents.question_strategist | Strategist Agent: formulating strategy...
2026-02-13 11:24:45 | INFO     | agents.question_strategist | Strategy formulated: Focus on fundamentals and coding for a Junior ML Engineer, addressing self-declared weaknesses and resume vulnerabilities.
2026-02-13 11:24:45 | INFO     | agents.difficulty_planner | Planner Agent: creating question plan...
2026-02-13 11:24:45 | INFO     | agents.difficulty_planner | Plan created with 6 steps.
2026-02-13 11:24:45 | INFO     | agents.question_generator | Generator Agent: creating/refining questions...
2026-02-13 11:24:46 | INFO     | agents.question_generator | Generated 6 questions.
2026-02-13 11:24:46 | INFO     | agents.validator | Validator Agent: validating questions...
2026-02-13 11:24:50 | INFO     | agents.validator | Validator: 3/6 questions passed.
2026-02-13 11:24:50 | INFO     | agents.question_generator | Generator Agent: creating/refining questions...
2026-02-13 11:24:50 | INFO     | agents.question_generator | Refining 3 failed questions...
2026-02-13 11:24:55 | INFO     | agents.validator | Validator Agent: validating questions...
2026-02-13 11:25:02 | INFO     | agents.validator | Validator: 5/6 questions passed.
2026-02-13 11:25:02 | INFO     | agents.question_generator | Generator Agent: creating/refining questions...
2026-02-13 11:25:02 | INFO     | agents.question_generator | Refining 1 failed questions...
2026-02-13 11:25:06 | WARNING  | agents.question_generator | Refinement returned invalid index 2 (Expected one of [1])
2026-02-13 11:25:06 | INFO     | agents.validator | Validator Agent: validating questions...
2026-02-13 11:25:13 | INFO     | agents.validator | Validator: 4/6 questions passed.
2026-02-13 11:25:13 | INFO     | agents.question_generator | Generator Agent: creating/refining questions...
2026-02-13 11:25:13 | INFO     | agents.question_generator | Refining 2 failed questions...
2026-02-13 11:25:17 | INFO     | agents.validator | Validator Agent: validating questions...
2026-02-13 11:25:24 | INFO     | agents.validator | Validator: 2/6 questions passed.
2026-02-13 11:25:32 | INFO     | agents.coach | TavilySearchResults tool initialized.
2026-02-13 11:25:43 | INFO     | agents.coach | Generated 15 coaching insights.
2026-02-13 11:36:37 | INFO     | parsers.resume_parser | Parsed 7 sections: ['header', 'experience', 'projects', 'education', 'skills', 'certifications', 'achievements']
2026-02-13 11:36:38 | INFO     | agents.question_strategist | Strategist Agent: formulating strategy...
2026-02-13 11:36:38 | INFO     | utils.llm | Initializing Groq LLM: llama-3.1-8b-instant
2026-02-13 11:36:40 | INFO     | agents.question_strategist | Strategy formulated: Mid-Level Software Engineer Interview: Focus on Addressing Self-Declared Weaknesses, Resume Vulnerabilities, and Skill Gaps while Highlighting Relevant Experience and Projects.
2026-02-13 11:36:40 | INFO     | agents.difficulty_planner | Planner Agent: creating question plan...
2026-02-13 11:36:40 | INFO     | agents.difficulty_planner | Plan created with 6 steps.
2026-02-13 11:36:40 | INFO     | agents.question_generator | Generator Agent: creating/refining questions...
2026-02-13 11:36:41 | INFO     | agents.question_generator | Generated 6 questions.
2026-02-13 11:36:41 | INFO     | agents.validator | Validator Agent: validating questions...
2026-02-13 11:36:42 | INFO     | agents.validator | Validator: 3/6 questions passed.
2026-02-13 11:36:42 | INFO     | agents.question_generator | Generator Agent: creating/refining questions...
2026-02-13 11:36:42 | INFO     | agents.question_generator | Refining 3 failed questions...
2026-02-13 11:36:43 | INFO     | agents.validator | Validator Agent: validating questions...
2026-02-13 11:36:43 | INFO     | agents.validator | Validator: 4/6 questions passed.
2026-02-13 11:36:43 | INFO     | agents.question_generator | Generator Agent: creating/refining questions...
2026-02-13 11:36:43 | INFO     | agents.question_generator | Refining 2 failed questions...
2026-02-13 11:36:45 | INFO     | agents.validator | Validator Agent: validating questions...
2026-02-13 11:36:51 | INFO     | agents.validator | Validator: 3/6 questions passed.
2026-02-13 11:36:51 | INFO     | agents.question_generator | Generator Agent: creating/refining questions...
2026-02-13 11:36:51 | INFO     | agents.question_generator | Refining 3 failed questions...
2026-02-13 11:36:57 | INFO     | agents.validator | Validator Agent: validating questions...
2026-02-13 11:37:04 | INFO     | agents.validator | Validator: 3/6 questions passed.
2026-02-13 11:37:12 | INFO     | agents.coach | TavilySearchResults tool initialized.
2026-02-13 11:37:18 | INFO     | agents.coach | Generated 11 coaching insights.
2026-02-13 11:49:03 | INFO     | parsers.resume_parser | Extracted 2718 characters from PDF
2026-02-13 11:49:05 | INFO     | parsers.resume_parser | Parsed 6 sections: ['header', 'education', 'experience', 'projects', 'skills', 'certifications']
2026-02-13 11:49:05 | INFO     | agents.question_strategist | Strategist Agent: formulating strategy...
2026-02-13 11:49:05 | INFO     | utils.llm | Initializing Groq LLM: llama-3.1-8b-instant
2026-02-13 11:49:07 | INFO     | agents.question_strategist | Strategy formulated: Junior ML Engineer interview focusing on fundamentals and coding, addressing self-declared weaknesses and resume vulnerabilities.
2026-02-13 11:49:07 | INFO     | agents.difficulty_planner | Planner Agent: creating question plan...
2026-02-13 11:49:08 | INFO     | agents.difficulty_planner | Plan created with 6 steps.
2026-02-13 11:49:08 | INFO     | agents.question_generator | Generator Agent: creating/refining questions...
2026-02-13 11:49:09 | INFO     | agents.question_generator | Generated 6 questions.
2026-02-13 11:49:09 | INFO     | agents.validator | Validator Agent: validating questions...
2026-02-13 11:49:09 | INFO     | agents.validator | Validator: 5/6 questions passed.
2026-02-13 11:49:09 | INFO     | agents.question_generator | Generator Agent: creating/refining questions...
2026-02-13 11:49:09 | INFO     | agents.question_generator | Refining 1 failed questions...
2026-02-13 11:49:10 | INFO     | agents.validator | Validator Agent: validating questions...
2026-02-13 11:49:10 | INFO     | agents.validator | Validator: 4/6 questions passed.
2026-02-13 11:49:10 | INFO     | agents.question_generator | Generator Agent: creating/refining questions...
2026-02-13 11:49:10 | INFO     | agents.question_generator | Refining 2 failed questions...
2026-02-13 11:49:12 | INFO     | agents.validator | Validator Agent: validating questions...
2026-02-13 11:49:18 | INFO     | agents.validator | Validator: 4/6 questions passed.
2026-02-13 11:49:18 | INFO     | agents.question_generator | Generator Agent: creating/refining questions...
2026-02-13 11:49:18 | INFO     | agents.question_generator | Refining 2 failed questions...
2026-02-13 11:49:23 | INFO     | agents.validator | Validator Agent: validating questions...
2026-02-13 11:49:29 | INFO     | agents.validator | Validator: 4/6 questions passed.
2026-02-13 11:49:37 | INFO     | agents.coach | TavilySearchResults tool initialized.
2026-02-13 11:50:04 | INFO     | agents.coach | Generated 12 coaching insights.
2026-02-13 12:46:40 | INFO     | parsers.resume_parser | Extracted 3189 characters from PDF
2026-02-13 12:46:42 | INFO     | parsers.resume_parser | Parsed 9 sections: ['header', 'education', 'dec 2025  present', 'july 2023  september 2023', 'summary', 'projects', 'skills', 'coordination.', '- ai associate  salesforce']
2026-02-13 12:46:43 | INFO     | agents.question_strategist | Strategist Agent: formulating strategy...
2026-02-13 12:46:43 | INFO     | utils.llm | Initializing Groq LLM: llama-3.1-8b-instant
2026-02-13 12:46:45 | INFO     | agents.question_strategist | Strategy formulated: Mid-level software engineer, focusing on system design and architectural decisions, addressing self-declared weaknesses and resume vulnerabilities.
2026-02-13 12:46:45 | INFO     | agents.difficulty_planner | Planner Agent: creating question plan...
2026-02-13 12:46:45 | INFO     | agents.difficulty_planner | Plan created with 6 steps.
2026-02-13 12:46:45 | INFO     | agents.question_generator | Generator Agent: creating/refining questions...
2026-02-13 12:46:46 | INFO     | agents.question_generator | Generated 6 questions.
2026-02-13 12:46:46 | INFO     | agents.validator | Validator Agent: validating questions...
2026-02-13 12:46:46 | INFO     | agents.validator | Validating 6 waiting questions (Skipped 0 passed)...
2026-02-13 12:46:46 | INFO     | agents.validator | Validator: 2/6 questions passed.
2026-02-13 12:46:46 | INFO     | agents.question_generator | Generator Agent: creating/refining questions...
2026-02-13 12:46:46 | INFO     | agents.question_generator | Refining 4 failed questions...
2026-02-13 12:46:47 | INFO     | agents.validator | Validator Agent: validating questions...
2026-02-13 12:46:47 | INFO     | agents.validator | Validating 4 waiting questions (Skipped 2 passed)...
2026-02-13 12:46:53 | INFO     | agents.validator | Validator: 2/6 questions passed.
2026-02-13 12:46:53 | INFO     | agents.question_generator | Generator Agent: creating/refining questions...
2026-02-13 12:46:53 | INFO     | agents.question_generator | Refining 1 failed questions...
2026-02-13 12:46:58 | WARNING  | agents.question_generator | Refinement returned invalid index 2 (Expected one of [1])
2026-02-13 12:46:58 | INFO     | agents.validator | Validator Agent: validating questions...
2026-02-13 12:46:58 | INFO     | agents.validator | Validating 4 waiting questions (Skipped 2 passed)...
2026-02-13 12:47:03 | INFO     | agents.validator | Validator: 3/6 questions passed.
2026-02-13 12:47:03 | INFO     | agents.question_generator | Generator Agent: creating/refining questions...
2026-02-13 12:47:03 | INFO     | agents.question_generator | Refining 1 failed questions...
2026-02-13 12:47:08 | INFO     | agents.validator | Validator Agent: validating questions...
2026-02-13 12:47:08 | INFO     | agents.validator | Validating 3 waiting questions (Skipped 3 passed)...
2026-02-13 12:47:13 | INFO     | agents.validator | Validator: 3/6 questions passed.
2026-02-13 12:47:22 | INFO     | agents.coach | TavilySearchResults tool initialized.
2026-02-13 12:48:05 | INFO     | agents.coach | Generated 17 coaching insights.
2026-02-13 12:51:41 | INFO     | parsers.resume_parser | Extracted 3189 characters from PDF
2026-02-13 12:51:43 | INFO     | parsers.resume_parser | Parsed 9 sections: ['header', 'education', 'dec 2025  present', 'july 2023  september 2023', 'summary', 'projects', 'skills', 'coordination.', '- ai associate  salesforce']
2026-02-13 12:51:44 | INFO     | agents.question_strategist | Strategist Agent: formulating strategy...
2026-02-13 12:51:44 | INFO     | utils.llm | Initializing Groq LLM: llama-3.1-8b-instant
2026-02-13 12:51:46 | INFO     | agents.question_strategist | Strategy formulated: To address the candidate's self-declared weaknesses and resume vulnerabilities, focusing on action verbs, quantified impact, technical specifics, and system design. Additionally, exploring the candidate's experience with containers, evaluation metrics, frontend, and AI/ML concepts.
2026-02-13 12:51:46 | INFO     | agents.difficulty_planner | Planner Agent: creating question plan...
2026-02-13 12:51:47 | INFO     | agents.difficulty_planner | Plan created with 6 steps.
2026-02-13 12:51:47 | INFO     | agents.question_generator | Generator Agent: creating/refining questions...
2026-02-13 12:51:48 | INFO     | agents.question_generator | Generated 6 questions.
2026-02-13 12:51:48 | INFO     | agents.validator | Validator Agent: validating questions...
2026-02-13 12:51:48 | INFO     | agents.validator | Validating 6 waiting questions (Skipped 0 passed)...
2026-02-13 12:51:48 | INFO     | agents.validator | Validator: 1/6 questions passed.
2026-02-13 12:51:48 | INFO     | agents.question_generator | Generator Agent: creating/refining questions...
2026-02-13 12:51:48 | INFO     | agents.question_generator | Refining 5 failed questions...
2026-02-13 12:51:49 | INFO     | agents.validator | Validator Agent: validating questions...
2026-02-13 12:51:49 | INFO     | agents.validator | Validating 5 waiting questions (Skipped 1 passed)...
2026-02-13 12:51:56 | INFO     | agents.validator | Validator: 5/6 questions passed.
2026-02-13 12:51:56 | INFO     | agents.question_generator | Generator Agent: creating/refining questions...
2026-02-13 12:51:56 | INFO     | agents.question_generator | Refining 1 failed questions...
2026-02-13 12:52:00 | INFO     | agents.validator | Validator Agent: validating questions...
2026-02-13 12:52:00 | INFO     | agents.validator | Validating 1 waiting questions (Skipped 5 passed)...
2026-02-13 12:52:04 | WARNING  | agents.validator | Validator LLM returned 2 results, expected 1. Mapping as many as possible.
2026-02-13 12:52:04 | WARNING  | agents.validator | Extra validation result ignored: {'index': 1, 'status': 'FAIL', 'feedback': 'Too generic. Rewrite to ask about the specific API endpoint mentioned in the claim.'}
2026-02-13 12:52:04 | INFO     | agents.validator | Validator: 6/6 questions passed.
2026-02-13 12:52:12 | INFO     | agents.coach | TavilySearchResults tool initialized.
2026-02-13 12:52:37 | INFO     | agents.coach | Generated 13 coaching insights.
2026-02-13 12:53:47 | INFO     | parsers.resume_parser | Extracted 3189 characters from PDF
2026-02-13 12:53:49 | INFO     | parsers.resume_parser | Parsed 9 sections: ['header', 'education', 'dec 2025  present', 'july 2023  september 2023', 'summary', 'projects', 'skills', 'coordination.', '- ai associate  salesforce']
2026-02-13 12:53:50 | INFO     | agents.question_strategist | Strategist Agent: formulating strategy...
2026-02-13 12:53:51 | INFO     | agents.question_strategist | Strategy formulated: Focus on fundamentals and coding for a Junior Software Engineer, addressing self-declared weaknesses and resume vulnerabilities.
2026-02-13 12:53:51 | INFO     | agents.difficulty_planner | Planner Agent: creating question plan...
2026-02-13 12:53:51 | INFO     | agents.difficulty_planner | Plan created with 6 steps.
2026-02-13 12:53:51 | INFO     | agents.question_generator | Generator Agent: creating/refining questions...
2026-02-13 12:53:52 | INFO     | agents.question_generator | Generated 6 questions.
2026-02-13 12:53:52 | INFO     | agents.validator | Validator Agent: validating questions...
2026-02-13 12:53:52 | INFO     | agents.validator | Validating 6 waiting questions (Skipped 0 passed)...
2026-02-13 12:53:53 | INFO     | agents.validator | Validator: 2/6 questions passed.
2026-02-13 12:53:53 | INFO     | agents.question_generator | Generator Agent: creating/refining questions...
2026-02-13 12:53:53 | INFO     | agents.question_generator | Refining 4 failed questions...
2026-02-13 12:53:53 | INFO     | agents.validator | Validator Agent: validating questions...
2026-02-13 12:53:53 | INFO     | agents.validator | Validating 4 waiting questions (Skipped 2 passed)...
2026-02-13 12:53:59 | WARNING  | agents.validator | Validator LLM returned 5 results, expected 4. Mapping as many as possible.
2026-02-13 12:53:59 | WARNING  | agents.validator | Extra validation result ignored: {'index': 4, 'status': 'PASS', 'feedback': 'Good ownership probe.'}
2026-02-13 12:53:59 | INFO     | agents.validator | Validator: 4/6 questions passed.
2026-02-13 12:53:59 | INFO     | agents.question_generator | Generator Agent: creating/refining questions...
2026-02-13 12:53:59 | INFO     | agents.question_generator | Refining 2 failed questions...
2026-02-13 12:54:05 | INFO     | agents.validator | Validator Agent: validating questions...
2026-02-13 12:54:05 | INFO     | agents.validator | Validating 2 waiting questions (Skipped 4 passed)...
2026-02-13 12:54:09 | INFO     | agents.validator | Validator: 6/6 questions passed.
2026-02-13 12:54:17 | INFO     | agents.coach | TavilySearchResults tool initialized.
2026-02-13 12:55:16 | INFO     | agents.coach | Generated 21 coaching insights.
2026-02-13 12:58:44 | INFO     | parsers.resume_parser | Parsed 7 sections: ['header', 'experience', 'projects', 'education', 'skills', 'certifications', 'achievements']
2026-02-13 12:58:44 | INFO     | agents.question_strategist | Strategist Agent: formulating strategy...
2026-02-13 12:58:44 | INFO     | utils.llm | Initializing Groq LLM: llama-3.1-8b-instant
2026-02-13 12:58:46 | INFO     | agents.question_strategist | Strategy formulated: Targeted discussion on resume vulnerabilities and self-declared weaknesses to gauge candidate's technical skills and communication abilities.
2026-02-13 12:58:46 | INFO     | agents.difficulty_planner | Planner Agent: creating question plan...
2026-02-13 12:58:47 | INFO     | agents.difficulty_planner | Plan created with 6 steps.
2026-02-13 12:58:47 | INFO     | agents.question_generator | Generator Agent: creating/refining questions...
2026-02-13 12:58:48 | INFO     | agents.question_generator | Generated 12 questions.
2026-02-13 12:58:48 | INFO     | agents.validator | Validator Agent: validating questions...
2026-02-13 12:58:48 | INFO     | agents.validator | Validating 12 waiting questions (Skipped 0 passed)...
2026-02-13 12:58:49 | INFO     | agents.validator | Validator: 11/12 questions passed.
2026-02-13 12:58:49 | INFO     | agents.question_generator | Generator Agent: creating/refining questions...
2026-02-13 12:58:49 | INFO     | agents.question_generator | Refining 1 failed questions...
2026-02-13 12:58:49 | INFO     | agents.validator | Validator Agent: validating questions...
2026-02-13 12:58:49 | INFO     | agents.validator | Validating 1 waiting questions (Skipped 11 passed)...
2026-02-13 12:58:50 | WARNING  | agents.validator | Validator LLM returned 2 results, expected 1. Mapping as many as possible.
2026-02-13 12:58:50 | WARNING  | agents.validator | Extra validation result ignored: {'index': 1, 'status': 'PASS', 'feedback': 'This question is checking how the candidate implemented writing articles, which is a great implementation probe.'}
2026-02-13 12:58:50 | INFO     | agents.validator | Validator: 12/12 questions passed.
2026-02-13 12:58:55 | INFO     | agents.coach | TavilySearchResults tool initialized.
2026-02-13 12:59:21 | INFO     | agents.coach | Generated 13 coaching insights.
